<?xml version="1.0" encoding="UTF-8"?>
<testsuite xmlns:xsi="http://www.w3.org/2001/XMLSchema-instance" xsi:noNamespaceSchemaLocation="https://maven.apache.org/surefire/maven-surefire-plugin/xsd/surefire-test-report.xsd" name="com.dmooers.karate_chop.KarateChopTest" time="0.5" tests="2027" errors="0" skipped="0" failures="0">
  <properties>
    <property name="java.specification.version" value="20"/>
    <property name="sun.jnu.encoding" value="UTF-8"/>
    <property name="java.class.path" value="/Users/dylanmooers/Code/IMC/katas/java/target/test-classes:/Users/dylanmooers/Code/IMC/katas/java/target/classes:/Users/dylanmooers/.m2/repository/org/junit/jupiter/junit-jupiter-api/5.10.0/junit-jupiter-api-5.10.0.jar:/Users/dylanmooers/.m2/repository/org/opentest4j/opentest4j/1.3.0/opentest4j-1.3.0.jar:/Users/dylanmooers/.m2/repository/org/junit/platform/junit-platform-commons/1.10.0/junit-platform-commons-1.10.0.jar:/Users/dylanmooers/.m2/repository/org/apiguardian/apiguardian-api/1.1.2/apiguardian-api-1.1.2.jar:/Users/dylanmooers/.m2/repository/org/assertj/assertj-core/3.24.2/assertj-core-3.24.2.jar:/Users/dylanmooers/.m2/repository/net/bytebuddy/byte-buddy/1.12.21/byte-buddy-1.12.21.jar:/Users/dylanmooers/.m2/repository/org/junit/jupiter/junit-jupiter/5.10.0/junit-jupiter-5.10.0.jar:/Users/dylanmooers/.m2/repository/org/junit/jupiter/junit-jupiter-params/5.10.0/junit-jupiter-params-5.10.0.jar:/Users/dylanmooers/.m2/repository/org/junit/jupiter/junit-jupiter-engine/5.10.0/junit-jupiter-engine-5.10.0.jar:/Users/dylanmooers/.m2/repository/org/junit/platform/junit-platform-engine/1.10.0/junit-platform-engine-1.10.0.jar:"/>
    <property name="java.vm.vendor" value="Homebrew"/>
    <property name="sun.arch.data.model" value="64"/>
    <property name="java.vendor.url" value="https://github.com/Homebrew/homebrew-core/issues"/>
    <property name="os.name" value="Mac OS X"/>
    <property name="java.vm.specification.version" value="20"/>
    <property name="sun.java.launcher" value="SUN_STANDARD"/>
    <property name="user.country" value="US"/>
    <property name="sun.boot.library.path" value="/opt/homebrew/Cellar/openjdk/20.0.1/libexec/openjdk.jdk/Contents/Home/lib"/>
    <property name="sun.java.command" value="/Users/dylanmooers/Code/IMC/katas/java/target/surefire/surefirebooter8113562866588020984.jar /Users/dylanmooers/Code/IMC/katas/java/target/surefire 2023-08-16T14-52-05_553-jvmRun1 surefire6414768560764918326tmp surefire_015144721382852136572tmp"/>
    <property name="http.nonProxyHosts" value="local|*.local|169.254/16|*.169.254/16"/>
    <property name="jdk.debug" value="release"/>
    <property name="surefire.test.class.path" value="/Users/dylanmooers/Code/IMC/katas/java/target/test-classes:/Users/dylanmooers/Code/IMC/katas/java/target/classes:/Users/dylanmooers/.m2/repository/org/junit/jupiter/junit-jupiter-api/5.10.0/junit-jupiter-api-5.10.0.jar:/Users/dylanmooers/.m2/repository/org/opentest4j/opentest4j/1.3.0/opentest4j-1.3.0.jar:/Users/dylanmooers/.m2/repository/org/junit/platform/junit-platform-commons/1.10.0/junit-platform-commons-1.10.0.jar:/Users/dylanmooers/.m2/repository/org/apiguardian/apiguardian-api/1.1.2/apiguardian-api-1.1.2.jar:/Users/dylanmooers/.m2/repository/org/assertj/assertj-core/3.24.2/assertj-core-3.24.2.jar:/Users/dylanmooers/.m2/repository/net/bytebuddy/byte-buddy/1.12.21/byte-buddy-1.12.21.jar:/Users/dylanmooers/.m2/repository/org/junit/jupiter/junit-jupiter/5.10.0/junit-jupiter-5.10.0.jar:/Users/dylanmooers/.m2/repository/org/junit/jupiter/junit-jupiter-params/5.10.0/junit-jupiter-params-5.10.0.jar:/Users/dylanmooers/.m2/repository/org/junit/jupiter/junit-jupiter-engine/5.10.0/junit-jupiter-engine-5.10.0.jar:/Users/dylanmooers/.m2/repository/org/junit/platform/junit-platform-engine/1.10.0/junit-platform-engine-1.10.0.jar:"/>
    <property name="sun.cpu.endian" value="little"/>
    <property name="user.home" value="/Users/dylanmooers"/>
    <property name="user.language" value="en"/>
    <property name="java.specification.vendor" value="Oracle Corporation"/>
    <property name="java.version.date" value="2023-04-18"/>
    <property name="java.home" value="/opt/homebrew/Cellar/openjdk/20.0.1/libexec/openjdk.jdk/Contents/Home"/>
    <property name="file.separator" value="/"/>
    <property name="basedir" value="/Users/dylanmooers/Code/IMC/katas/java"/>
    <property name="java.vm.compressedOopsMode" value="Zero based"/>
    <property name="line.separator" value="&#10;"/>
    <property name="java.vm.specification.vendor" value="Oracle Corporation"/>
    <property name="java.specification.name" value="Java Platform API Specification"/>
    <property name="apple.awt.application.name" value="ForkedBooter"/>
    <property name="surefire.real.class.path" value="/Users/dylanmooers/Code/IMC/katas/java/target/surefire/surefirebooter8113562866588020984.jar"/>
    <property name="sun.management.compiler" value="HotSpot 64-Bit Tiered Compilers"/>
    <property name="ftp.nonProxyHosts" value="local|*.local|169.254/16|*.169.254/16"/>
    <property name="java.runtime.version" value="20.0.1"/>
    <property name="user.name" value="dylanmooers"/>
    <property name="stdout.encoding" value="UTF-8"/>
    <property name="path.separator" value=":"/>
    <property name="os.version" value="13.4"/>
    <property name="java.runtime.name" value="OpenJDK Runtime Environment"/>
    <property name="file.encoding" value="UTF-8"/>
    <property name="java.vm.name" value="OpenJDK 64-Bit Server VM"/>
    <property name="java.vendor.version" value="Homebrew"/>
    <property name="localRepository" value="/Users/dylanmooers/.m2/repository"/>
    <property name="java.vendor.url.bug" value="https://github.com/Homebrew/homebrew-core/issues"/>
    <property name="java.io.tmpdir" value="/var/folders/y2/867jmsyd3kjfmm_4tbzwxm3h0000gn/T/"/>
    <property name="java.version" value="20.0.1"/>
    <property name="user.dir" value="/Users/dylanmooers/Code/IMC/katas/java"/>
    <property name="os.arch" value="aarch64"/>
    <property name="java.vm.specification.name" value="Java Virtual Machine Specification"/>
    <property name="native.encoding" value="UTF-8"/>
    <property name="java.library.path" value="/Users/dylanmooers/Library/Java/Extensions:/Library/Java/Extensions:/Network/Library/Java/Extensions:/System/Library/Java/Extensions:/usr/lib/java:."/>
    <property name="java.vm.info" value="mixed mode, sharing"/>
    <property name="stderr.encoding" value="UTF-8"/>
    <property name="java.vendor" value="Homebrew"/>
    <property name="java.vm.version" value="20.0.1"/>
    <property name="sun.io.unicode.encoding" value="UnicodeBig"/>
    <property name="socksNonProxyHosts" value="local|*.local|169.254/16|*.169.254/16"/>
    <property name="java.class.version" value="64.0"/>
  </properties>
  <testcase name="shouldFindElement{SearchStrategyTestArgs}[1]" classname="com.dmooers.karate_chop.KarateChopTest" time="0.016"/>
  <testcase name="shouldFindElement{SearchStrategyTestArgs}[2]" classname="com.dmooers.karate_chop.KarateChopTest" time="0"/>
  <testcase name="shouldFindElement{SearchStrategyTestArgs}[3]" classname="com.dmooers.karate_chop.KarateChopTest" time="0"/>
  <testcase name="shouldFindElement{SearchStrategyTestArgs}[4]" classname="com.dmooers.karate_chop.KarateChopTest" time="0"/>
  <testcase name="shouldFindElement{SearchStrategyTestArgs}[5]" classname="com.dmooers.karate_chop.KarateChopTest" time="0"/>
  <testcase name="shouldFindElement{SearchStrategyTestArgs}[6]" classname="com.dmooers.karate_chop.KarateChopTest" time="0"/>
  <testcase name="shouldFindElement{SearchStrategyTestArgs}[7]" classname="com.dmooers.karate_chop.KarateChopTest" time="0"/>
  <testcase name="shouldFindElement{SearchStrategyTestArgs}[8]" classname="com.dmooers.karate_chop.KarateChopTest" time="0"/>
  <testcase name="shouldFindElement{SearchStrategyTestArgs}[9]" classname="com.dmooers.karate_chop.KarateChopTest" time="0"/>
  <testcase name="shouldFindElement{SearchStrategyTestArgs}[10]" classname="com.dmooers.karate_chop.KarateChopTest" time="0.001"/>
  <testcase name="shouldFindElement{SearchStrategyTestArgs}[11]" classname="com.dmooers.karate_chop.KarateChopTest" time="0.001"/>
  <testcase name="shouldFindElement{SearchStrategyTestArgs}[12]" classname="com.dmooers.karate_chop.KarateChopTest" time="0.003"/>
  <testcase name="shouldFindElement{SearchStrategyTestArgs}[13]" classname="com.dmooers.karate_chop.KarateChopTest" time="0"/>
  <testcase name="shouldFindElement{SearchStrategyTestArgs}[14]" classname="com.dmooers.karate_chop.KarateChopTest" time="0"/>
  <testcase name="shouldFindElement{SearchStrategyTestArgs}[15]" classname="com.dmooers.karate_chop.KarateChopTest" time="0"/>
  <testcase name="shouldFindElement{SearchStrategyTestArgs}[16]" classname="com.dmooers.karate_chop.KarateChopTest" time="0"/>
  <testcase name="shouldFindElement{SearchStrategyTestArgs}[17]" classname="com.dmooers.karate_chop.KarateChopTest" time="0.001"/>
  <testcase name="shouldFindElement{SearchStrategyTestArgs}[18]" classname="com.dmooers.karate_chop.KarateChopTest" time="0.001"/>
  <testcase name="shouldFindElement{SearchStrategyTestArgs}[19]" classname="com.dmooers.karate_chop.KarateChopTest" time="0"/>
  <testcase name="shouldFindElement{SearchStrategyTestArgs}[20]" classname="com.dmooers.karate_chop.KarateChopTest" time="0"/>
  <testcase name="shouldFindElement{SearchStrategyTestArgs}[21]" classname="com.dmooers.karate_chop.KarateChopTest" time="0"/>
  <testcase name="shouldFindElement{SearchStrategyTestArgs}[22]" classname="com.dmooers.karate_chop.KarateChopTest" time="0.001"/>
  <testcase name="shouldFindElement{SearchStrategyTestArgs}[23]" classname="com.dmooers.karate_chop.KarateChopTest" time="0.001"/>
  <testcase name="shouldFindElement{SearchStrategyTestArgs}[24]" classname="com.dmooers.karate_chop.KarateChopTest" time="0"/>
  <testcase name="shouldFindElement{SearchStrategyTestArgs}[25]" classname="com.dmooers.karate_chop.KarateChopTest" time="0"/>
  <testcase name="shouldFindElement{SearchStrategyTestArgs}[26]" classname="com.dmooers.karate_chop.KarateChopTest" time="0"/>
  <testcase name="shouldFindElement{SearchStrategyTestArgs}[27]" classname="com.dmooers.karate_chop.KarateChopTest" time="0.001"/>
  <testcase name="shouldFindElement{SearchStrategyTestArgs}[28]" classname="com.dmooers.karate_chop.KarateChopTest" time="0"/>
  <testcase name="shouldFindElement{SearchStrategyTestArgs}[29]" classname="com.dmooers.karate_chop.KarateChopTest" time="0"/>
  <testcase name="shouldFindElement{SearchStrategyTestArgs}[30]" classname="com.dmooers.karate_chop.KarateChopTest" time="0.001"/>
  <testcase name="shouldFindElement{SearchStrategyTestArgs}[31]" classname="com.dmooers.karate_chop.KarateChopTest" time="0"/>
  <testcase name="shouldFindElement{SearchStrategyTestArgs}[32]" classname="com.dmooers.karate_chop.KarateChopTest" time="0"/>
  <testcase name="shouldFindElement{SearchStrategyTestArgs}[33]" classname="com.dmooers.karate_chop.KarateChopTest" time="0"/>
  <testcase name="shouldFindElement{SearchStrategyTestArgs}[34]" classname="com.dmooers.karate_chop.KarateChopTest" time="0"/>
  <testcase name="shouldFindElement{SearchStrategyTestArgs}[35]" classname="com.dmooers.karate_chop.KarateChopTest" time="0"/>
  <testcase name="shouldFindElement{SearchStrategyTestArgs}[36]" classname="com.dmooers.karate_chop.KarateChopTest" time="0"/>
  <testcase name="shouldFindElement{SearchStrategyTestArgs}[37]" classname="com.dmooers.karate_chop.KarateChopTest" time="0"/>
  <testcase name="shouldFindElement{SearchStrategyTestArgs}[38]" classname="com.dmooers.karate_chop.KarateChopTest" time="0"/>
  <testcase name="shouldFindElement{SearchStrategyTestArgs}[39]" classname="com.dmooers.karate_chop.KarateChopTest" time="0.001"/>
  <testcase name="shouldFindElement{SearchStrategyTestArgs}[40]" classname="com.dmooers.karate_chop.KarateChopTest" time="0"/>
  <testcase name="shouldFindElement{SearchStrategyTestArgs}[41]" classname="com.dmooers.karate_chop.KarateChopTest" time="0"/>
  <testcase name="shouldFindElement{SearchStrategyTestArgs}[42]" classname="com.dmooers.karate_chop.KarateChopTest" time="0.001"/>
  <testcase name="shouldFindElement{SearchStrategyTestArgs}[43]" classname="com.dmooers.karate_chop.KarateChopTest" time="0"/>
  <testcase name="shouldFindElement{SearchStrategyTestArgs}[44]" classname="com.dmooers.karate_chop.KarateChopTest" time="0.001"/>
  <testcase name="shouldFindElement{SearchStrategyTestArgs}[45]" classname="com.dmooers.karate_chop.KarateChopTest" time="0"/>
  <testcase name="shouldFindElement{SearchStrategyTestArgs}[46]" classname="com.dmooers.karate_chop.KarateChopTest" time="0.001"/>
  <testcase name="shouldFindElement{SearchStrategyTestArgs}[47]" classname="com.dmooers.karate_chop.KarateChopTest" time="0"/>
  <testcase name="shouldFindElement{SearchStrategyTestArgs}[48]" classname="com.dmooers.karate_chop.KarateChopTest" time="0"/>
  <testcase name="shouldFindElement{SearchStrategyTestArgs}[49]" classname="com.dmooers.karate_chop.KarateChopTest" time="0"/>
  <testcase name="shouldFindElement{SearchStrategyTestArgs}[50]" classname="com.dmooers.karate_chop.KarateChopTest" time="0"/>
  <testcase name="shouldFindElement{SearchStrategyTestArgs}[51]" classname="com.dmooers.karate_chop.KarateChopTest" time="0.001"/>
  <testcase name="shouldFindElement{SearchStrategyTestArgs}[52]" classname="com.dmooers.karate_chop.KarateChopTest" time="0"/>
  <testcase name="shouldFindElement{SearchStrategyTestArgs}[53]" classname="com.dmooers.karate_chop.KarateChopTest" time="0.001"/>
  <testcase name="shouldFindElement{SearchStrategyTestArgs}[54]" classname="com.dmooers.karate_chop.KarateChopTest" time="0"/>
  <testcase name="shouldFindElement{SearchStrategyTestArgs}[55]" classname="com.dmooers.karate_chop.KarateChopTest" time="0.001"/>
  <testcase name="shouldFindElement{SearchStrategyTestArgs}[56]" classname="com.dmooers.karate_chop.KarateChopTest" time="0"/>
  <testcase name="shouldFindElement{SearchStrategyTestArgs}[57]" classname="com.dmooers.karate_chop.KarateChopTest" time="0"/>
  <testcase name="shouldFindElement{SearchStrategyTestArgs}[58]" classname="com.dmooers.karate_chop.KarateChopTest" time="0"/>
  <testcase name="shouldFindElement{SearchStrategyTestArgs}[59]" classname="com.dmooers.karate_chop.KarateChopTest" time="0"/>
  <testcase name="shouldFindElement{SearchStrategyTestArgs}[60]" classname="com.dmooers.karate_chop.KarateChopTest" time="0"/>
  <testcase name="shouldFindElement{SearchStrategyTestArgs}[61]" classname="com.dmooers.karate_chop.KarateChopTest" time="0"/>
  <testcase name="shouldFindElement{SearchStrategyTestArgs}[62]" classname="com.dmooers.karate_chop.KarateChopTest" time="0"/>
  <testcase name="shouldFindElement{SearchStrategyTestArgs}[63]" classname="com.dmooers.karate_chop.KarateChopTest" time="0"/>
  <testcase name="shouldFindElement{SearchStrategyTestArgs}[64]" classname="com.dmooers.karate_chop.KarateChopTest" time="0"/>
  <testcase name="shouldFindElement{SearchStrategyTestArgs}[65]" classname="com.dmooers.karate_chop.KarateChopTest" time="0"/>
  <testcase name="shouldFindElement{SearchStrategyTestArgs}[66]" classname="com.dmooers.karate_chop.KarateChopTest" time="0"/>
  <testcase name="shouldFindElement{SearchStrategyTestArgs}[67]" classname="com.dmooers.karate_chop.KarateChopTest" time="0"/>
  <testcase name="shouldFindElement{SearchStrategyTestArgs}[68]" classname="com.dmooers.karate_chop.KarateChopTest" time="0"/>
  <testcase name="shouldFindElement{SearchStrategyTestArgs}[69]" classname="com.dmooers.karate_chop.KarateChopTest" time="0"/>
  <testcase name="shouldFindElement{SearchStrategyTestArgs}[70]" classname="com.dmooers.karate_chop.KarateChopTest" time="0"/>
  <testcase name="shouldFindElement{SearchStrategyTestArgs}[71]" classname="com.dmooers.karate_chop.KarateChopTest" time="0"/>
  <testcase name="shouldFindElement{SearchStrategyTestArgs}[72]" classname="com.dmooers.karate_chop.KarateChopTest" time="0"/>
  <testcase name="shouldFindElement{SearchStrategyTestArgs}[73]" classname="com.dmooers.karate_chop.KarateChopTest" time="0"/>
  <testcase name="shouldFindElement{SearchStrategyTestArgs}[74]" classname="com.dmooers.karate_chop.KarateChopTest" time="0.001"/>
  <testcase name="shouldFindElement{SearchStrategyTestArgs}[75]" classname="com.dmooers.karate_chop.KarateChopTest" time="0"/>
  <testcase name="shouldFindElement{SearchStrategyTestArgs}[76]" classname="com.dmooers.karate_chop.KarateChopTest" time="0"/>
  <testcase name="shouldFindElement{SearchStrategyTestArgs}[77]" classname="com.dmooers.karate_chop.KarateChopTest" time="0"/>
  <testcase name="shouldFindElement{SearchStrategyTestArgs}[78]" classname="com.dmooers.karate_chop.KarateChopTest" time="0"/>
  <testcase name="shouldFindElement{SearchStrategyTestArgs}[79]" classname="com.dmooers.karate_chop.KarateChopTest" time="0"/>
  <testcase name="shouldFindElement{SearchStrategyTestArgs}[80]" classname="com.dmooers.karate_chop.KarateChopTest" time="0.001"/>
  <testcase name="shouldFindElement{SearchStrategyTestArgs}[81]" classname="com.dmooers.karate_chop.KarateChopTest" time="0"/>
  <testcase name="shouldFindElement{SearchStrategyTestArgs}[82]" classname="com.dmooers.karate_chop.KarateChopTest" time="0.001"/>
  <testcase name="shouldFindElement{SearchStrategyTestArgs}[83]" classname="com.dmooers.karate_chop.KarateChopTest" time="0"/>
  <testcase name="shouldFindElement{SearchStrategyTestArgs}[84]" classname="com.dmooers.karate_chop.KarateChopTest" time="0.001"/>
  <testcase name="shouldFindElement{SearchStrategyTestArgs}[85]" classname="com.dmooers.karate_chop.KarateChopTest" time="0"/>
  <testcase name="shouldFindElement{SearchStrategyTestArgs}[86]" classname="com.dmooers.karate_chop.KarateChopTest" time="0.001"/>
  <testcase name="shouldFindElement{SearchStrategyTestArgs}[87]" classname="com.dmooers.karate_chop.KarateChopTest" time="0"/>
  <testcase name="shouldFindElement{SearchStrategyTestArgs}[88]" classname="com.dmooers.karate_chop.KarateChopTest" time="0.001"/>
  <testcase name="shouldFindElement{SearchStrategyTestArgs}[89]" classname="com.dmooers.karate_chop.KarateChopTest" time="0"/>
  <testcase name="shouldFindElement{SearchStrategyTestArgs}[90]" classname="com.dmooers.karate_chop.KarateChopTest" time="0"/>
  <testcase name="shouldFindElement{SearchStrategyTestArgs}[91]" classname="com.dmooers.karate_chop.KarateChopTest" time="0.001"/>
  <testcase name="shouldFindElement{SearchStrategyTestArgs}[92]" classname="com.dmooers.karate_chop.KarateChopTest" time="0"/>
  <testcase name="shouldFindElement{SearchStrategyTestArgs}[93]" classname="com.dmooers.karate_chop.KarateChopTest" time="0"/>
  <testcase name="shouldFindElement{SearchStrategyTestArgs}[94]" classname="com.dmooers.karate_chop.KarateChopTest" time="0"/>
  <testcase name="shouldFindElement{SearchStrategyTestArgs}[95]" classname="com.dmooers.karate_chop.KarateChopTest" time="0"/>
  <testcase name="shouldFindElement{SearchStrategyTestArgs}[96]" classname="com.dmooers.karate_chop.KarateChopTest" time="0"/>
  <testcase name="shouldFindElement{SearchStrategyTestArgs}[97]" classname="com.dmooers.karate_chop.KarateChopTest" time="0"/>
  <testcase name="shouldFindElement{SearchStrategyTestArgs}[98]" classname="com.dmooers.karate_chop.KarateChopTest" time="0"/>
  <testcase name="shouldFindElement{SearchStrategyTestArgs}[99]" classname="com.dmooers.karate_chop.KarateChopTest" time="0"/>
  <testcase name="shouldFindElement{SearchStrategyTestArgs}[100]" classname="com.dmooers.karate_chop.KarateChopTest" time="0.001"/>
  <testcase name="shouldFindElement{SearchStrategyTestArgs}[101]" classname="com.dmooers.karate_chop.KarateChopTest" time="0"/>
  <testcase name="shouldFindElement{SearchStrategyTestArgs}[102]" classname="com.dmooers.karate_chop.KarateChopTest" time="0.001"/>
  <testcase name="shouldFindElement{SearchStrategyTestArgs}[103]" classname="com.dmooers.karate_chop.KarateChopTest" time="0"/>
  <testcase name="shouldFindElement{SearchStrategyTestArgs}[104]" classname="com.dmooers.karate_chop.KarateChopTest" time="0.001"/>
  <testcase name="shouldFindElement{SearchStrategyTestArgs}[105]" classname="com.dmooers.karate_chop.KarateChopTest" time="0"/>
  <testcase name="shouldFindElement{SearchStrategyTestArgs}[106]" classname="com.dmooers.karate_chop.KarateChopTest" time="0"/>
  <testcase name="shouldFindElement{SearchStrategyTestArgs}[107]" classname="com.dmooers.karate_chop.KarateChopTest" time="0"/>
  <testcase name="shouldFindElement{SearchStrategyTestArgs}[108]" classname="com.dmooers.karate_chop.KarateChopTest" time="0"/>
  <testcase name="shouldFindElement{SearchStrategyTestArgs}[109]" classname="com.dmooers.karate_chop.KarateChopTest" time="0.001"/>
  <testcase name="shouldFindElement{SearchStrategyTestArgs}[110]" classname="com.dmooers.karate_chop.KarateChopTest" time="0"/>
  <testcase name="shouldFindElement{SearchStrategyTestArgs}[111]" classname="com.dmooers.karate_chop.KarateChopTest" time="0.001"/>
  <testcase name="shouldFindElement{SearchStrategyTestArgs}[112]" classname="com.dmooers.karate_chop.KarateChopTest" time="0"/>
  <testcase name="shouldFindElement{SearchStrategyTestArgs}[113]" classname="com.dmooers.karate_chop.KarateChopTest" time="0"/>
  <testcase name="shouldFindElement{SearchStrategyTestArgs}[114]" classname="com.dmooers.karate_chop.KarateChopTest" time="0"/>
  <testcase name="shouldFindElement{SearchStrategyTestArgs}[115]" classname="com.dmooers.karate_chop.KarateChopTest" time="0"/>
  <testcase name="shouldFindElement{SearchStrategyTestArgs}[116]" classname="com.dmooers.karate_chop.KarateChopTest" time="0.001"/>
  <testcase name="shouldFindElement{SearchStrategyTestArgs}[117]" classname="com.dmooers.karate_chop.KarateChopTest" time="0"/>
  <testcase name="shouldFindElement{SearchStrategyTestArgs}[118]" classname="com.dmooers.karate_chop.KarateChopTest" time="0"/>
  <testcase name="shouldFindElement{SearchStrategyTestArgs}[119]" classname="com.dmooers.karate_chop.KarateChopTest" time="0"/>
  <testcase name="shouldFindElement{SearchStrategyTestArgs}[120]" classname="com.dmooers.karate_chop.KarateChopTest" time="0"/>
  <testcase name="shouldFindElement{SearchStrategyTestArgs}[121]" classname="com.dmooers.karate_chop.KarateChopTest" time="0.001"/>
  <testcase name="shouldFindElement{SearchStrategyTestArgs}[122]" classname="com.dmooers.karate_chop.KarateChopTest" time="0"/>
  <testcase name="shouldFindElement{SearchStrategyTestArgs}[123]" classname="com.dmooers.karate_chop.KarateChopTest" time="0.001"/>
  <testcase name="shouldFindElement{SearchStrategyTestArgs}[124]" classname="com.dmooers.karate_chop.KarateChopTest" time="0"/>
  <testcase name="shouldFindElement{SearchStrategyTestArgs}[125]" classname="com.dmooers.karate_chop.KarateChopTest" time="0"/>
  <testcase name="shouldFindElement{SearchStrategyTestArgs}[126]" classname="com.dmooers.karate_chop.KarateChopTest" time="0"/>
  <testcase name="shouldFindElement{SearchStrategyTestArgs}[127]" classname="com.dmooers.karate_chop.KarateChopTest" time="0"/>
  <testcase name="shouldFindElement{SearchStrategyTestArgs}[128]" classname="com.dmooers.karate_chop.KarateChopTest" time="0"/>
  <testcase name="shouldFindElement{SearchStrategyTestArgs}[129]" classname="com.dmooers.karate_chop.KarateChopTest" time="0.001"/>
  <testcase name="shouldFindElement{SearchStrategyTestArgs}[130]" classname="com.dmooers.karate_chop.KarateChopTest" time="0"/>
  <testcase name="shouldFindElement{SearchStrategyTestArgs}[131]" classname="com.dmooers.karate_chop.KarateChopTest" time="0"/>
  <testcase name="shouldFindElement{SearchStrategyTestArgs}[132]" classname="com.dmooers.karate_chop.KarateChopTest" time="0"/>
  <testcase name="shouldFindElement{SearchStrategyTestArgs}[133]" classname="com.dmooers.karate_chop.KarateChopTest" time="0"/>
  <testcase name="shouldFindElement{SearchStrategyTestArgs}[134]" classname="com.dmooers.karate_chop.KarateChopTest" time="0.001"/>
  <testcase name="shouldFindElement{SearchStrategyTestArgs}[135]" classname="com.dmooers.karate_chop.KarateChopTest" time="0"/>
  <testcase name="shouldFindElement{SearchStrategyTestArgs}[136]" classname="com.dmooers.karate_chop.KarateChopTest" time="0"/>
  <testcase name="shouldFindElement{SearchStrategyTestArgs}[137]" classname="com.dmooers.karate_chop.KarateChopTest" time="0.001"/>
  <testcase name="shouldFindElement{SearchStrategyTestArgs}[138]" classname="com.dmooers.karate_chop.KarateChopTest" time="0"/>
  <testcase name="shouldFindElement{SearchStrategyTestArgs}[139]" classname="com.dmooers.karate_chop.KarateChopTest" time="0"/>
  <testcase name="shouldFindElement{SearchStrategyTestArgs}[140]" classname="com.dmooers.karate_chop.KarateChopTest" time="0"/>
  <testcase name="shouldFindElement{SearchStrategyTestArgs}[141]" classname="com.dmooers.karate_chop.KarateChopTest" time="0"/>
  <testcase name="shouldFindElement{SearchStrategyTestArgs}[142]" classname="com.dmooers.karate_chop.KarateChopTest" time="0.001"/>
  <testcase name="shouldFindElement{SearchStrategyTestArgs}[143]" classname="com.dmooers.karate_chop.KarateChopTest" time="0"/>
  <testcase name="shouldFindElement{SearchStrategyTestArgs}[144]" classname="com.dmooers.karate_chop.KarateChopTest" time="0"/>
  <testcase name="shouldFindElement{SearchStrategyTestArgs}[145]" classname="com.dmooers.karate_chop.KarateChopTest" time="0.001"/>
  <testcase name="shouldFindElement{SearchStrategyTestArgs}[146]" classname="com.dmooers.karate_chop.KarateChopTest" time="0"/>
  <testcase name="shouldFindElement{SearchStrategyTestArgs}[147]" classname="com.dmooers.karate_chop.KarateChopTest" time="0"/>
  <testcase name="shouldFindElement{SearchStrategyTestArgs}[148]" classname="com.dmooers.karate_chop.KarateChopTest" time="0"/>
  <testcase name="shouldFindElement{SearchStrategyTestArgs}[149]" classname="com.dmooers.karate_chop.KarateChopTest" time="0"/>
  <testcase name="shouldFindElement{SearchStrategyTestArgs}[150]" classname="com.dmooers.karate_chop.KarateChopTest" time="0.001"/>
  <testcase name="shouldFindElement{SearchStrategyTestArgs}[151]" classname="com.dmooers.karate_chop.KarateChopTest" time="0"/>
  <testcase name="shouldFindElement{SearchStrategyTestArgs}[152]" classname="com.dmooers.karate_chop.KarateChopTest" time="0"/>
  <testcase name="shouldFindElement{SearchStrategyTestArgs}[153]" classname="com.dmooers.karate_chop.KarateChopTest" time="0"/>
  <testcase name="shouldFindElement{SearchStrategyTestArgs}[154]" classname="com.dmooers.karate_chop.KarateChopTest" time="0"/>
  <testcase name="shouldFindElement{SearchStrategyTestArgs}[155]" classname="com.dmooers.karate_chop.KarateChopTest" time="0"/>
  <testcase name="shouldFindElement{SearchStrategyTestArgs}[156]" classname="com.dmooers.karate_chop.KarateChopTest" time="0"/>
  <testcase name="shouldFindElement{SearchStrategyTestArgs}[157]" classname="com.dmooers.karate_chop.KarateChopTest" time="0"/>
  <testcase name="shouldFindElement{SearchStrategyTestArgs}[158]" classname="com.dmooers.karate_chop.KarateChopTest" time="0.001"/>
  <testcase name="shouldFindElement{SearchStrategyTestArgs}[159]" classname="com.dmooers.karate_chop.KarateChopTest" time="0"/>
  <testcase name="shouldFindElement{SearchStrategyTestArgs}[160]" classname="com.dmooers.karate_chop.KarateChopTest" time="0"/>
  <testcase name="shouldFindElement{SearchStrategyTestArgs}[161]" classname="com.dmooers.karate_chop.KarateChopTest" time="0"/>
  <testcase name="shouldFindElement{SearchStrategyTestArgs}[162]" classname="com.dmooers.karate_chop.KarateChopTest" time="0"/>
  <testcase name="shouldFindElement{SearchStrategyTestArgs}[163]" classname="com.dmooers.karate_chop.KarateChopTest" time="0.001"/>
  <testcase name="shouldFindElement{SearchStrategyTestArgs}[164]" classname="com.dmooers.karate_chop.KarateChopTest" time="0"/>
  <testcase name="shouldFindElement{SearchStrategyTestArgs}[165]" classname="com.dmooers.karate_chop.KarateChopTest" time="0"/>
  <testcase name="shouldFindElement{SearchStrategyTestArgs}[166]" classname="com.dmooers.karate_chop.KarateChopTest" time="0"/>
  <testcase name="shouldFindElement{SearchStrategyTestArgs}[167]" classname="com.dmooers.karate_chop.KarateChopTest" time="0"/>
  <testcase name="shouldFindElement{SearchStrategyTestArgs}[168]" classname="com.dmooers.karate_chop.KarateChopTest" time="0.001"/>
  <testcase name="shouldFindElement{SearchStrategyTestArgs}[169]" classname="com.dmooers.karate_chop.KarateChopTest" time="0"/>
  <testcase name="shouldFindElement{SearchStrategyTestArgs}[170]" classname="com.dmooers.karate_chop.KarateChopTest" time="0"/>
  <testcase name="shouldFindElement{SearchStrategyTestArgs}[171]" classname="com.dmooers.karate_chop.KarateChopTest" time="0"/>
  <testcase name="shouldFindElement{SearchStrategyTestArgs}[172]" classname="com.dmooers.karate_chop.KarateChopTest" time="0"/>
  <testcase name="shouldFindElement{SearchStrategyTestArgs}[173]" classname="com.dmooers.karate_chop.KarateChopTest" time="0.001"/>
  <testcase name="shouldFindElement{SearchStrategyTestArgs}[174]" classname="com.dmooers.karate_chop.KarateChopTest" time="0"/>
  <testcase name="shouldFindElement{SearchStrategyTestArgs}[175]" classname="com.dmooers.karate_chop.KarateChopTest" time="0"/>
  <testcase name="shouldFindElement{SearchStrategyTestArgs}[176]" classname="com.dmooers.karate_chop.KarateChopTest" time="0.001"/>
  <testcase name="shouldFindElement{SearchStrategyTestArgs}[177]" classname="com.dmooers.karate_chop.KarateChopTest" time="0"/>
  <testcase name="shouldFindElement{SearchStrategyTestArgs}[178]" classname="com.dmooers.karate_chop.KarateChopTest" time="0"/>
  <testcase name="shouldFindElement{SearchStrategyTestArgs}[179]" classname="com.dmooers.karate_chop.KarateChopTest" time="0"/>
  <testcase name="shouldFindElement{SearchStrategyTestArgs}[180]" classname="com.dmooers.karate_chop.KarateChopTest" time="0"/>
  <testcase name="shouldFindElement{SearchStrategyTestArgs}[181]" classname="com.dmooers.karate_chop.KarateChopTest" time="0"/>
  <testcase name="shouldFindElement{SearchStrategyTestArgs}[182]" classname="com.dmooers.karate_chop.KarateChopTest" time="0"/>
  <testcase name="shouldFindElement{SearchStrategyTestArgs}[183]" classname="com.dmooers.karate_chop.KarateChopTest" time="0"/>
  <testcase name="shouldFindElement{SearchStrategyTestArgs}[184]" classname="com.dmooers.karate_chop.KarateChopTest" time="0"/>
  <testcase name="shouldFindElement{SearchStrategyTestArgs}[185]" classname="com.dmooers.karate_chop.KarateChopTest" time="0"/>
  <testcase name="shouldFindElement{SearchStrategyTestArgs}[186]" classname="com.dmooers.karate_chop.KarateChopTest" time="0"/>
  <testcase name="shouldFindElement{SearchStrategyTestArgs}[187]" classname="com.dmooers.karate_chop.KarateChopTest" time="0"/>
  <testcase name="shouldFindElement{SearchStrategyTestArgs}[188]" classname="com.dmooers.karate_chop.KarateChopTest" time="0"/>
  <testcase name="shouldFindElement{SearchStrategyTestArgs}[189]" classname="com.dmooers.karate_chop.KarateChopTest" time="0.001"/>
  <testcase name="shouldFindElement{SearchStrategyTestArgs}[190]" classname="com.dmooers.karate_chop.KarateChopTest" time="0"/>
  <testcase name="shouldFindElement{SearchStrategyTestArgs}[191]" classname="com.dmooers.karate_chop.KarateChopTest" time="0"/>
  <testcase name="shouldFindElement{SearchStrategyTestArgs}[192]" classname="com.dmooers.karate_chop.KarateChopTest" time="0"/>
  <testcase name="shouldFindElement{SearchStrategyTestArgs}[193]" classname="com.dmooers.karate_chop.KarateChopTest" time="0"/>
  <testcase name="shouldFindElement{SearchStrategyTestArgs}[194]" classname="com.dmooers.karate_chop.KarateChopTest" time="0.001"/>
  <testcase name="shouldFindElement{SearchStrategyTestArgs}[195]" classname="com.dmooers.karate_chop.KarateChopTest" time="0"/>
  <testcase name="shouldFindElement{SearchStrategyTestArgs}[196]" classname="com.dmooers.karate_chop.KarateChopTest" time="0"/>
  <testcase name="shouldFindElement{SearchStrategyTestArgs}[197]" classname="com.dmooers.karate_chop.KarateChopTest" time="0.001"/>
  <testcase name="shouldFindElement{SearchStrategyTestArgs}[198]" classname="com.dmooers.karate_chop.KarateChopTest" time="0"/>
  <testcase name="shouldFindElement{SearchStrategyTestArgs}[199]" classname="com.dmooers.karate_chop.KarateChopTest" time="0"/>
  <testcase name="shouldFindElement{SearchStrategyTestArgs}[200]" classname="com.dmooers.karate_chop.KarateChopTest" time="0.001"/>
  <testcase name="shouldFindElement{SearchStrategyTestArgs}[201]" classname="com.dmooers.karate_chop.KarateChopTest" time="0"/>
  <testcase name="shouldFindElement{SearchStrategyTestArgs}[202]" classname="com.dmooers.karate_chop.KarateChopTest" time="0"/>
  <testcase name="shouldFindElement{SearchStrategyTestArgs}[203]" classname="com.dmooers.karate_chop.KarateChopTest" time="0"/>
  <testcase name="shouldFindElement{SearchStrategyTestArgs}[204]" classname="com.dmooers.karate_chop.KarateChopTest" time="0"/>
  <testcase name="shouldFindElement{SearchStrategyTestArgs}[205]" classname="com.dmooers.karate_chop.KarateChopTest" time="0"/>
  <testcase name="shouldFindElement{SearchStrategyTestArgs}[206]" classname="com.dmooers.karate_chop.KarateChopTest" time="0"/>
  <testcase name="shouldFindElement{SearchStrategyTestArgs}[207]" classname="com.dmooers.karate_chop.KarateChopTest" time="0"/>
  <testcase name="shouldFindElement{SearchStrategyTestArgs}[208]" classname="com.dmooers.karate_chop.KarateChopTest" time="0"/>
  <testcase name="shouldFindElement{SearchStrategyTestArgs}[209]" classname="com.dmooers.karate_chop.KarateChopTest" time="0"/>
  <testcase name="shouldFindElement{SearchStrategyTestArgs}[210]" classname="com.dmooers.karate_chop.KarateChopTest" time="0"/>
  <testcase name="shouldFindElement{SearchStrategyTestArgs}[211]" classname="com.dmooers.karate_chop.KarateChopTest" time="0"/>
  <testcase name="shouldFindElement{SearchStrategyTestArgs}[212]" classname="com.dmooers.karate_chop.KarateChopTest" time="0"/>
  <testcase name="shouldFindElement{SearchStrategyTestArgs}[213]" classname="com.dmooers.karate_chop.KarateChopTest" time="0"/>
  <testcase name="shouldFindElement{SearchStrategyTestArgs}[214]" classname="com.dmooers.karate_chop.KarateChopTest" time="0.001"/>
  <testcase name="shouldFindElement{SearchStrategyTestArgs}[215]" classname="com.dmooers.karate_chop.KarateChopTest" time="0"/>
  <testcase name="shouldFindElement{SearchStrategyTestArgs}[216]" classname="com.dmooers.karate_chop.KarateChopTest" time="0"/>
  <testcase name="shouldFindElement{SearchStrategyTestArgs}[217]" classname="com.dmooers.karate_chop.KarateChopTest" time="0"/>
  <testcase name="shouldFindElement{SearchStrategyTestArgs}[218]" classname="com.dmooers.karate_chop.KarateChopTest" time="0"/>
  <testcase name="shouldFindElement{SearchStrategyTestArgs}[219]" classname="com.dmooers.karate_chop.KarateChopTest" time="0.001"/>
  <testcase name="shouldFindElement{SearchStrategyTestArgs}[220]" classname="com.dmooers.karate_chop.KarateChopTest" time="0"/>
  <testcase name="shouldFindElement{SearchStrategyTestArgs}[221]" classname="com.dmooers.karate_chop.KarateChopTest" time="0"/>
  <testcase name="shouldFindElement{SearchStrategyTestArgs}[222]" classname="com.dmooers.karate_chop.KarateChopTest" time="0"/>
  <testcase name="shouldFindElement{SearchStrategyTestArgs}[223]" classname="com.dmooers.karate_chop.KarateChopTest" time="0"/>
  <testcase name="shouldFindElement{SearchStrategyTestArgs}[224]" classname="com.dmooers.karate_chop.KarateChopTest" time="0.001"/>
  <testcase name="shouldFindElement{SearchStrategyTestArgs}[225]" classname="com.dmooers.karate_chop.KarateChopTest" time="0"/>
  <testcase name="shouldFindElement{SearchStrategyTestArgs}[226]" classname="com.dmooers.karate_chop.KarateChopTest" time="0"/>
  <testcase name="shouldFindElement{SearchStrategyTestArgs}[227]" classname="com.dmooers.karate_chop.KarateChopTest" time="0"/>
  <testcase name="shouldFindElement{SearchStrategyTestArgs}[228]" classname="com.dmooers.karate_chop.KarateChopTest" time="0"/>
  <testcase name="shouldFindElement{SearchStrategyTestArgs}[229]" classname="com.dmooers.karate_chop.KarateChopTest" time="0"/>
  <testcase name="shouldFindElement{SearchStrategyTestArgs}[230]" classname="com.dmooers.karate_chop.KarateChopTest" time="0"/>
  <testcase name="shouldFindElement{SearchStrategyTestArgs}[231]" classname="com.dmooers.karate_chop.KarateChopTest" time="0.001"/>
  <testcase name="shouldFindElement{SearchStrategyTestArgs}[232]" classname="com.dmooers.karate_chop.KarateChopTest" time="0"/>
  <testcase name="shouldFindElement{SearchStrategyTestArgs}[233]" classname="com.dmooers.karate_chop.KarateChopTest" time="0"/>
  <testcase name="shouldFindElement{SearchStrategyTestArgs}[234]" classname="com.dmooers.karate_chop.KarateChopTest" time="0"/>
  <testcase name="shouldFindElement{SearchStrategyTestArgs}[235]" classname="com.dmooers.karate_chop.KarateChopTest" time="0"/>
  <testcase name="shouldFindElement{SearchStrategyTestArgs}[236]" classname="com.dmooers.karate_chop.KarateChopTest" time="0"/>
  <testcase name="shouldFindElement{SearchStrategyTestArgs}[237]" classname="com.dmooers.karate_chop.KarateChopTest" time="0"/>
  <testcase name="shouldFindElement{SearchStrategyTestArgs}[238]" classname="com.dmooers.karate_chop.KarateChopTest" time="0"/>
  <testcase name="shouldFindElement{SearchStrategyTestArgs}[239]" classname="com.dmooers.karate_chop.KarateChopTest" time="0"/>
  <testcase name="shouldFindElement{SearchStrategyTestArgs}[240]" classname="com.dmooers.karate_chop.KarateChopTest" time="0"/>
  <testcase name="shouldFindElement{SearchStrategyTestArgs}[241]" classname="com.dmooers.karate_chop.KarateChopTest" time="0"/>
  <testcase name="shouldFindElement{SearchStrategyTestArgs}[242]" classname="com.dmooers.karate_chop.KarateChopTest" time="0.001"/>
  <testcase name="shouldFindElement{SearchStrategyTestArgs}[243]" classname="com.dmooers.karate_chop.KarateChopTest" time="0"/>
  <testcase name="shouldFindElement{SearchStrategyTestArgs}[244]" classname="com.dmooers.karate_chop.KarateChopTest" time="0"/>
  <testcase name="shouldFindElement{SearchStrategyTestArgs}[245]" classname="com.dmooers.karate_chop.KarateChopTest" time="0.001"/>
  <testcase name="shouldFindElement{SearchStrategyTestArgs}[246]" classname="com.dmooers.karate_chop.KarateChopTest" time="0.001"/>
  <testcase name="shouldFindElement{SearchStrategyTestArgs}[247]" classname="com.dmooers.karate_chop.KarateChopTest" time="0"/>
  <testcase name="shouldFindElement{SearchStrategyTestArgs}[248]" classname="com.dmooers.karate_chop.KarateChopTest" time="0"/>
  <testcase name="shouldFindElement{SearchStrategyTestArgs}[249]" classname="com.dmooers.karate_chop.KarateChopTest" time="0"/>
  <testcase name="shouldFindElement{SearchStrategyTestArgs}[250]" classname="com.dmooers.karate_chop.KarateChopTest" time="0"/>
  <testcase name="shouldFindElement{SearchStrategyTestArgs}[251]" classname="com.dmooers.karate_chop.KarateChopTest" time="0"/>
  <testcase name="shouldFindElement{SearchStrategyTestArgs}[252]" classname="com.dmooers.karate_chop.KarateChopTest" time="0"/>
  <testcase name="shouldFindElement{SearchStrategyTestArgs}[253]" classname="com.dmooers.karate_chop.KarateChopTest" time="0"/>
  <testcase name="shouldFindElement{SearchStrategyTestArgs}[254]" classname="com.dmooers.karate_chop.KarateChopTest" time="0"/>
  <testcase name="shouldFindElement{SearchStrategyTestArgs}[255]" classname="com.dmooers.karate_chop.KarateChopTest" time="0"/>
  <testcase name="shouldFindElement{SearchStrategyTestArgs}[256]" classname="com.dmooers.karate_chop.KarateChopTest" time="0"/>
  <testcase name="shouldFindElement{SearchStrategyTestArgs}[257]" classname="com.dmooers.karate_chop.KarateChopTest" time="0"/>
  <testcase name="shouldFindElement{SearchStrategyTestArgs}[258]" classname="com.dmooers.karate_chop.KarateChopTest" time="0.001"/>
  <testcase name="shouldFindElement{SearchStrategyTestArgs}[259]" classname="com.dmooers.karate_chop.KarateChopTest" time="0"/>
  <testcase name="shouldFindElement{SearchStrategyTestArgs}[260]" classname="com.dmooers.karate_chop.KarateChopTest" time="0"/>
  <testcase name="shouldFindElement{SearchStrategyTestArgs}[261]" classname="com.dmooers.karate_chop.KarateChopTest" time="0.001"/>
  <testcase name="shouldFindElement{SearchStrategyTestArgs}[262]" classname="com.dmooers.karate_chop.KarateChopTest" time="0"/>
  <testcase name="shouldFindElement{SearchStrategyTestArgs}[263]" classname="com.dmooers.karate_chop.KarateChopTest" time="0"/>
  <testcase name="shouldFindElement{SearchStrategyTestArgs}[264]" classname="com.dmooers.karate_chop.KarateChopTest" time="0.001"/>
  <testcase name="shouldFindElement{SearchStrategyTestArgs}[265]" classname="com.dmooers.karate_chop.KarateChopTest" time="0"/>
  <testcase name="shouldFindElement{SearchStrategyTestArgs}[266]" classname="com.dmooers.karate_chop.KarateChopTest" time="0"/>
  <testcase name="shouldFindElement{SearchStrategyTestArgs}[267]" classname="com.dmooers.karate_chop.KarateChopTest" time="0"/>
  <testcase name="shouldFindElement{SearchStrategyTestArgs}[268]" classname="com.dmooers.karate_chop.KarateChopTest" time="0"/>
  <testcase name="shouldFindElement{SearchStrategyTestArgs}[269]" classname="com.dmooers.karate_chop.KarateChopTest" time="0"/>
  <testcase name="shouldFindElement{SearchStrategyTestArgs}[270]" classname="com.dmooers.karate_chop.KarateChopTest" time="0"/>
  <testcase name="shouldFindElement{SearchStrategyTestArgs}[271]" classname="com.dmooers.karate_chop.KarateChopTest" time="0"/>
  <testcase name="shouldFindElement{SearchStrategyTestArgs}[272]" classname="com.dmooers.karate_chop.KarateChopTest" time="0"/>
  <testcase name="shouldFindElement{SearchStrategyTestArgs}[273]" classname="com.dmooers.karate_chop.KarateChopTest" time="0"/>
  <testcase name="shouldFindElement{SearchStrategyTestArgs}[274]" classname="com.dmooers.karate_chop.KarateChopTest" time="0"/>
  <testcase name="shouldFindElement{SearchStrategyTestArgs}[275]" classname="com.dmooers.karate_chop.KarateChopTest" time="0"/>
  <testcase name="shouldFindElement{SearchStrategyTestArgs}[276]" classname="com.dmooers.karate_chop.KarateChopTest" time="0"/>
  <testcase name="shouldFindElement{SearchStrategyTestArgs}[277]" classname="com.dmooers.karate_chop.KarateChopTest" time="0"/>
  <testcase name="shouldFindElement{SearchStrategyTestArgs}[278]" classname="com.dmooers.karate_chop.KarateChopTest" time="0"/>
  <testcase name="shouldFindElement{SearchStrategyTestArgs}[279]" classname="com.dmooers.karate_chop.KarateChopTest" time="0"/>
  <testcase name="shouldFindElement{SearchStrategyTestArgs}[280]" classname="com.dmooers.karate_chop.KarateChopTest" time="0"/>
  <testcase name="shouldFindElement{SearchStrategyTestArgs}[281]" classname="com.dmooers.karate_chop.KarateChopTest" time="0"/>
  <testcase name="shouldFindElement{SearchStrategyTestArgs}[282]" classname="com.dmooers.karate_chop.KarateChopTest" time="0"/>
  <testcase name="shouldFindElement{SearchStrategyTestArgs}[283]" classname="com.dmooers.karate_chop.KarateChopTest" time="0"/>
  <testcase name="shouldFindElement{SearchStrategyTestArgs}[284]" classname="com.dmooers.karate_chop.KarateChopTest" time="0"/>
  <testcase name="shouldFindElement{SearchStrategyTestArgs}[285]" classname="com.dmooers.karate_chop.KarateChopTest" time="0"/>
  <testcase name="shouldFindElement{SearchStrategyTestArgs}[286]" classname="com.dmooers.karate_chop.KarateChopTest" time="0"/>
  <testcase name="shouldFindElement{SearchStrategyTestArgs}[287]" classname="com.dmooers.karate_chop.KarateChopTest" time="0"/>
  <testcase name="shouldFindElement{SearchStrategyTestArgs}[288]" classname="com.dmooers.karate_chop.KarateChopTest" time="0"/>
  <testcase name="shouldFindElement{SearchStrategyTestArgs}[289]" classname="com.dmooers.karate_chop.KarateChopTest" time="0"/>
  <testcase name="shouldFindElement{SearchStrategyTestArgs}[290]" classname="com.dmooers.karate_chop.KarateChopTest" time="0"/>
  <testcase name="shouldFindElement{SearchStrategyTestArgs}[291]" classname="com.dmooers.karate_chop.KarateChopTest" time="0"/>
  <testcase name="shouldFindElement{SearchStrategyTestArgs}[292]" classname="com.dmooers.karate_chop.KarateChopTest" time="0"/>
  <testcase name="shouldFindElement{SearchStrategyTestArgs}[293]" classname="com.dmooers.karate_chop.KarateChopTest" time="0"/>
  <testcase name="shouldFindElement{SearchStrategyTestArgs}[294]" classname="com.dmooers.karate_chop.KarateChopTest" time="0"/>
  <testcase name="shouldFindElement{SearchStrategyTestArgs}[295]" classname="com.dmooers.karate_chop.KarateChopTest" time="0"/>
  <testcase name="shouldFindElement{SearchStrategyTestArgs}[296]" classname="com.dmooers.karate_chop.KarateChopTest" time="0"/>
  <testcase name="shouldFindElement{SearchStrategyTestArgs}[297]" classname="com.dmooers.karate_chop.KarateChopTest" time="0"/>
  <testcase name="shouldFindElement{SearchStrategyTestArgs}[298]" classname="com.dmooers.karate_chop.KarateChopTest" time="0"/>
  <testcase name="shouldFindElement{SearchStrategyTestArgs}[299]" classname="com.dmooers.karate_chop.KarateChopTest" time="0"/>
  <testcase name="shouldFindElement{SearchStrategyTestArgs}[300]" classname="com.dmooers.karate_chop.KarateChopTest" time="0"/>
  <testcase name="shouldFindElement{SearchStrategyTestArgs}[301]" classname="com.dmooers.karate_chop.KarateChopTest" time="0"/>
  <testcase name="shouldFindElement{SearchStrategyTestArgs}[302]" classname="com.dmooers.karate_chop.KarateChopTest" time="0"/>
  <testcase name="shouldFindElement{SearchStrategyTestArgs}[303]" classname="com.dmooers.karate_chop.KarateChopTest" time="0"/>
  <testcase name="shouldFindElement{SearchStrategyTestArgs}[304]" classname="com.dmooers.karate_chop.KarateChopTest" time="0"/>
  <testcase name="shouldFindElement{SearchStrategyTestArgs}[305]" classname="com.dmooers.karate_chop.KarateChopTest" time="0"/>
  <testcase name="shouldFindElement{SearchStrategyTestArgs}[306]" classname="com.dmooers.karate_chop.KarateChopTest" time="0"/>
  <testcase name="shouldFindElement{SearchStrategyTestArgs}[307]" classname="com.dmooers.karate_chop.KarateChopTest" time="0"/>
  <testcase name="shouldFindElement{SearchStrategyTestArgs}[308]" classname="com.dmooers.karate_chop.KarateChopTest" time="0"/>
  <testcase name="shouldFindElement{SearchStrategyTestArgs}[309]" classname="com.dmooers.karate_chop.KarateChopTest" time="0"/>
  <testcase name="shouldFindElement{SearchStrategyTestArgs}[310]" classname="com.dmooers.karate_chop.KarateChopTest" time="0"/>
  <testcase name="shouldFindElement{SearchStrategyTestArgs}[311]" classname="com.dmooers.karate_chop.KarateChopTest" time="0"/>
  <testcase name="shouldFindElement{SearchStrategyTestArgs}[312]" classname="com.dmooers.karate_chop.KarateChopTest" time="0"/>
  <testcase name="shouldFindElement{SearchStrategyTestArgs}[313]" classname="com.dmooers.karate_chop.KarateChopTest" time="0"/>
  <testcase name="shouldFindElement{SearchStrategyTestArgs}[314]" classname="com.dmooers.karate_chop.KarateChopTest" time="0"/>
  <testcase name="shouldFindElement{SearchStrategyTestArgs}[315]" classname="com.dmooers.karate_chop.KarateChopTest" time="0"/>
  <testcase name="shouldFindElement{SearchStrategyTestArgs}[316]" classname="com.dmooers.karate_chop.KarateChopTest" time="0"/>
  <testcase name="shouldFindElement{SearchStrategyTestArgs}[317]" classname="com.dmooers.karate_chop.KarateChopTest" time="0.001"/>
  <testcase name="shouldFindElement{SearchStrategyTestArgs}[318]" classname="com.dmooers.karate_chop.KarateChopTest" time="0"/>
  <testcase name="shouldFindElement{SearchStrategyTestArgs}[319]" classname="com.dmooers.karate_chop.KarateChopTest" time="0"/>
  <testcase name="shouldFindElement{SearchStrategyTestArgs}[320]" classname="com.dmooers.karate_chop.KarateChopTest" time="0.001"/>
  <testcase name="shouldFindElement{SearchStrategyTestArgs}[321]" classname="com.dmooers.karate_chop.KarateChopTest" time="0"/>
  <testcase name="shouldFindElement{SearchStrategyTestArgs}[322]" classname="com.dmooers.karate_chop.KarateChopTest" time="0"/>
  <testcase name="shouldFindElement{SearchStrategyTestArgs}[323]" classname="com.dmooers.karate_chop.KarateChopTest" time="0.001"/>
  <testcase name="shouldFindElement{SearchStrategyTestArgs}[324]" classname="com.dmooers.karate_chop.KarateChopTest" time="0"/>
  <testcase name="shouldFindElement{SearchStrategyTestArgs}[325]" classname="com.dmooers.karate_chop.KarateChopTest" time="0"/>
  <testcase name="shouldFindElement{SearchStrategyTestArgs}[326]" classname="com.dmooers.karate_chop.KarateChopTest" time="0"/>
  <testcase name="shouldFindElement{SearchStrategyTestArgs}[327]" classname="com.dmooers.karate_chop.KarateChopTest" time="0"/>
  <testcase name="shouldFindElement{SearchStrategyTestArgs}[328]" classname="com.dmooers.karate_chop.KarateChopTest" time="0"/>
  <testcase name="shouldFindElement{SearchStrategyTestArgs}[329]" classname="com.dmooers.karate_chop.KarateChopTest" time="0.001"/>
  <testcase name="shouldFindElement{SearchStrategyTestArgs}[330]" classname="com.dmooers.karate_chop.KarateChopTest" time="0"/>
  <testcase name="shouldFindElement{SearchStrategyTestArgs}[331]" classname="com.dmooers.karate_chop.KarateChopTest" time="0"/>
  <testcase name="shouldFindElement{SearchStrategyTestArgs}[332]" classname="com.dmooers.karate_chop.KarateChopTest" time="0.001"/>
  <testcase name="shouldFindElement{SearchStrategyTestArgs}[333]" classname="com.dmooers.karate_chop.KarateChopTest" time="0"/>
  <testcase name="shouldFindElement{SearchStrategyTestArgs}[334]" classname="com.dmooers.karate_chop.KarateChopTest" time="0"/>
  <testcase name="shouldFindElement{SearchStrategyTestArgs}[335]" classname="com.dmooers.karate_chop.KarateChopTest" time="0.001"/>
  <testcase name="shouldFindElement{SearchStrategyTestArgs}[336]" classname="com.dmooers.karate_chop.KarateChopTest" time="0"/>
  <testcase name="shouldFindElement{SearchStrategyTestArgs}[337]" classname="com.dmooers.karate_chop.KarateChopTest" time="0"/>
  <testcase name="shouldFindElement{SearchStrategyTestArgs}[338]" classname="com.dmooers.karate_chop.KarateChopTest" time="0.001"/>
  <testcase name="shouldFindElement{SearchStrategyTestArgs}[339]" classname="com.dmooers.karate_chop.KarateChopTest" time="0"/>
  <testcase name="shouldFindElement{SearchStrategyTestArgs}[340]" classname="com.dmooers.karate_chop.KarateChopTest" time="0"/>
  <testcase name="shouldFindElement{SearchStrategyTestArgs}[341]" classname="com.dmooers.karate_chop.KarateChopTest" time="0"/>
  <testcase name="shouldFindElement{SearchStrategyTestArgs}[342]" classname="com.dmooers.karate_chop.KarateChopTest" time="0"/>
  <testcase name="shouldFindElement{SearchStrategyTestArgs}[343]" classname="com.dmooers.karate_chop.KarateChopTest" time="0"/>
  <testcase name="shouldFindElement{SearchStrategyTestArgs}[344]" classname="com.dmooers.karate_chop.KarateChopTest" time="0.002"/>
  <testcase name="shouldFindElement{SearchStrategyTestArgs}[345]" classname="com.dmooers.karate_chop.KarateChopTest" time="0"/>
  <testcase name="shouldFindElement{SearchStrategyTestArgs}[346]" classname="com.dmooers.karate_chop.KarateChopTest" time="0.001"/>
  <testcase name="shouldFindElement{SearchStrategyTestArgs}[347]" classname="com.dmooers.karate_chop.KarateChopTest" time="0"/>
  <testcase name="shouldFindElement{SearchStrategyTestArgs}[348]" classname="com.dmooers.karate_chop.KarateChopTest" time="0"/>
  <testcase name="shouldFindElement{SearchStrategyTestArgs}[349]" classname="com.dmooers.karate_chop.KarateChopTest" time="0.001"/>
  <testcase name="shouldFindElement{SearchStrategyTestArgs}[350]" classname="com.dmooers.karate_chop.KarateChopTest" time="0"/>
  <testcase name="shouldFindElement{SearchStrategyTestArgs}[351]" classname="com.dmooers.karate_chop.KarateChopTest" time="0.001"/>
  <testcase name="shouldFindElement{SearchStrategyTestArgs}[352]" classname="com.dmooers.karate_chop.KarateChopTest" time="0"/>
  <testcase name="shouldFindElement{SearchStrategyTestArgs}[353]" classname="com.dmooers.karate_chop.KarateChopTest" time="0"/>
  <testcase name="shouldFindElement{SearchStrategyTestArgs}[354]" classname="com.dmooers.karate_chop.KarateChopTest" time="0.001"/>
  <testcase name="shouldFindElement{SearchStrategyTestArgs}[355]" classname="com.dmooers.karate_chop.KarateChopTest" time="0"/>
  <testcase name="shouldFindElement{SearchStrategyTestArgs}[356]" classname="com.dmooers.karate_chop.KarateChopTest" time="0"/>
  <testcase name="shouldFindElement{SearchStrategyTestArgs}[357]" classname="com.dmooers.karate_chop.KarateChopTest" time="0"/>
  <testcase name="shouldFindElement{SearchStrategyTestArgs}[358]" classname="com.dmooers.karate_chop.KarateChopTest" time="0"/>
  <testcase name="shouldFindElement{SearchStrategyTestArgs}[359]" classname="com.dmooers.karate_chop.KarateChopTest" time="0"/>
  <testcase name="shouldFindElement{SearchStrategyTestArgs}[360]" classname="com.dmooers.karate_chop.KarateChopTest" time="0"/>
  <testcase name="shouldFindElement{SearchStrategyTestArgs}[361]" classname="com.dmooers.karate_chop.KarateChopTest" time="0"/>
  <testcase name="shouldFindElement{SearchStrategyTestArgs}[362]" classname="com.dmooers.karate_chop.KarateChopTest" time="0"/>
  <testcase name="shouldFindElement{SearchStrategyTestArgs}[363]" classname="com.dmooers.karate_chop.KarateChopTest" time="0"/>
  <testcase name="shouldFindElement{SearchStrategyTestArgs}[364]" classname="com.dmooers.karate_chop.KarateChopTest" time="0"/>
  <testcase name="shouldFindElement{SearchStrategyTestArgs}[365]" classname="com.dmooers.karate_chop.KarateChopTest" time="0"/>
  <testcase name="shouldFindElement{SearchStrategyTestArgs}[366]" classname="com.dmooers.karate_chop.KarateChopTest" time="0"/>
  <testcase name="shouldFindElement{SearchStrategyTestArgs}[367]" classname="com.dmooers.karate_chop.KarateChopTest" time="0"/>
  <testcase name="shouldFindElement{SearchStrategyTestArgs}[368]" classname="com.dmooers.karate_chop.KarateChopTest" time="0"/>
  <testcase name="shouldFindElement{SearchStrategyTestArgs}[369]" classname="com.dmooers.karate_chop.KarateChopTest" time="0"/>
  <testcase name="shouldFindElement{SearchStrategyTestArgs}[370]" classname="com.dmooers.karate_chop.KarateChopTest" time="0.001"/>
  <testcase name="shouldFindElement{SearchStrategyTestArgs}[371]" classname="com.dmooers.karate_chop.KarateChopTest" time="0"/>
  <testcase name="shouldFindElement{SearchStrategyTestArgs}[372]" classname="com.dmooers.karate_chop.KarateChopTest" time="0.001"/>
  <testcase name="shouldFindElement{SearchStrategyTestArgs}[373]" classname="com.dmooers.karate_chop.KarateChopTest" time="0"/>
  <testcase name="shouldFindElement{SearchStrategyTestArgs}[374]" classname="com.dmooers.karate_chop.KarateChopTest" time="0.001"/>
  <testcase name="shouldFindElement{SearchStrategyTestArgs}[375]" classname="com.dmooers.karate_chop.KarateChopTest" time="0"/>
  <testcase name="shouldFindElement{SearchStrategyTestArgs}[376]" classname="com.dmooers.karate_chop.KarateChopTest" time="0"/>
  <testcase name="shouldFindElement{SearchStrategyTestArgs}[377]" classname="com.dmooers.karate_chop.KarateChopTest" time="0"/>
  <testcase name="shouldFindElement{SearchStrategyTestArgs}[378]" classname="com.dmooers.karate_chop.KarateChopTest" time="0"/>
  <testcase name="shouldFindElement{SearchStrategyTestArgs}[379]" classname="com.dmooers.karate_chop.KarateChopTest" time="0"/>
  <testcase name="shouldFindElement{SearchStrategyTestArgs}[380]" classname="com.dmooers.karate_chop.KarateChopTest" time="0"/>
  <testcase name="shouldFindElement{SearchStrategyTestArgs}[381]" classname="com.dmooers.karate_chop.KarateChopTest" time="0"/>
  <testcase name="shouldFindElement{SearchStrategyTestArgs}[382]" classname="com.dmooers.karate_chop.KarateChopTest" time="0"/>
  <testcase name="shouldFindElement{SearchStrategyTestArgs}[383]" classname="com.dmooers.karate_chop.KarateChopTest" time="0"/>
  <testcase name="shouldFindElement{SearchStrategyTestArgs}[384]" classname="com.dmooers.karate_chop.KarateChopTest" time="0"/>
  <testcase name="shouldFindElement{SearchStrategyTestArgs}[385]" classname="com.dmooers.karate_chop.KarateChopTest" time="0.001"/>
  <testcase name="shouldFindElement{SearchStrategyTestArgs}[386]" classname="com.dmooers.karate_chop.KarateChopTest" time="0"/>
  <testcase name="shouldFindElement{SearchStrategyTestArgs}[387]" classname="com.dmooers.karate_chop.KarateChopTest" time="0"/>
  <testcase name="shouldFindElement{SearchStrategyTestArgs}[388]" classname="com.dmooers.karate_chop.KarateChopTest" time="0.001"/>
  <testcase name="shouldFindElement{SearchStrategyTestArgs}[389]" classname="com.dmooers.karate_chop.KarateChopTest" time="0"/>
  <testcase name="shouldFindElement{SearchStrategyTestArgs}[390]" classname="com.dmooers.karate_chop.KarateChopTest" time="0"/>
  <testcase name="shouldFindElement{SearchStrategyTestArgs}[391]" classname="com.dmooers.karate_chop.KarateChopTest" time="0"/>
  <testcase name="shouldFindElement{SearchStrategyTestArgs}[392]" classname="com.dmooers.karate_chop.KarateChopTest" time="0"/>
  <testcase name="shouldFindElement{SearchStrategyTestArgs}[393]" classname="com.dmooers.karate_chop.KarateChopTest" time="0"/>
  <testcase name="shouldFindElement{SearchStrategyTestArgs}[394]" classname="com.dmooers.karate_chop.KarateChopTest" time="0"/>
  <testcase name="shouldFindElement{SearchStrategyTestArgs}[395]" classname="com.dmooers.karate_chop.KarateChopTest" time="0"/>
  <testcase name="shouldFindElement{SearchStrategyTestArgs}[396]" classname="com.dmooers.karate_chop.KarateChopTest" time="0"/>
  <testcase name="shouldFindElement{SearchStrategyTestArgs}[397]" classname="com.dmooers.karate_chop.KarateChopTest" time="0"/>
  <testcase name="shouldFindElement{SearchStrategyTestArgs}[398]" classname="com.dmooers.karate_chop.KarateChopTest" time="0.001"/>
  <testcase name="shouldFindElement{SearchStrategyTestArgs}[399]" classname="com.dmooers.karate_chop.KarateChopTest" time="0"/>
  <testcase name="shouldFindElement{SearchStrategyTestArgs}[400]" classname="com.dmooers.karate_chop.KarateChopTest" time="0"/>
  <testcase name="shouldFindElement{SearchStrategyTestArgs}[401]" classname="com.dmooers.karate_chop.KarateChopTest" time="0"/>
  <testcase name="shouldFindElement{SearchStrategyTestArgs}[402]" classname="com.dmooers.karate_chop.KarateChopTest" time="0"/>
  <testcase name="shouldFindElement{SearchStrategyTestArgs}[403]" classname="com.dmooers.karate_chop.KarateChopTest" time="0"/>
  <testcase name="shouldFindElement{SearchStrategyTestArgs}[404]" classname="com.dmooers.karate_chop.KarateChopTest" time="0.006"/>
  <testcase name="shouldFindElement{SearchStrategyTestArgs}[405]" classname="com.dmooers.karate_chop.KarateChopTest" time="0"/>
  <testcase name="shouldFindElement{SearchStrategyTestArgs}[406]" classname="com.dmooers.karate_chop.KarateChopTest" time="0"/>
  <testcase name="shouldFindElement{SearchStrategyTestArgs}[407]" classname="com.dmooers.karate_chop.KarateChopTest" time="0"/>
  <testcase name="shouldFindElement{SearchStrategyTestArgs}[408]" classname="com.dmooers.karate_chop.KarateChopTest" time="0"/>
  <testcase name="shouldFindElement{SearchStrategyTestArgs}[409]" classname="com.dmooers.karate_chop.KarateChopTest" time="0"/>
  <testcase name="shouldFindElement{SearchStrategyTestArgs}[410]" classname="com.dmooers.karate_chop.KarateChopTest" time="0"/>
  <testcase name="shouldFindElement{SearchStrategyTestArgs}[411]" classname="com.dmooers.karate_chop.KarateChopTest" time="0.001"/>
  <testcase name="shouldFindElement{SearchStrategyTestArgs}[412]" classname="com.dmooers.karate_chop.KarateChopTest" time="0"/>
  <testcase name="shouldFindElement{SearchStrategyTestArgs}[413]" classname="com.dmooers.karate_chop.KarateChopTest" time="0"/>
  <testcase name="shouldFindElement{SearchStrategyTestArgs}[414]" classname="com.dmooers.karate_chop.KarateChopTest" time="0"/>
  <testcase name="shouldFindElement{SearchStrategyTestArgs}[415]" classname="com.dmooers.karate_chop.KarateChopTest" time="0.001"/>
  <testcase name="shouldFindElement{SearchStrategyTestArgs}[416]" classname="com.dmooers.karate_chop.KarateChopTest" time="0"/>
  <testcase name="shouldFindElement{SearchStrategyTestArgs}[417]" classname="com.dmooers.karate_chop.KarateChopTest" time="0"/>
  <testcase name="shouldFindElement{SearchStrategyTestArgs}[418]" classname="com.dmooers.karate_chop.KarateChopTest" time="0"/>
  <testcase name="shouldFindElement{SearchStrategyTestArgs}[419]" classname="com.dmooers.karate_chop.KarateChopTest" time="0"/>
  <testcase name="shouldFindElement{SearchStrategyTestArgs}[420]" classname="com.dmooers.karate_chop.KarateChopTest" time="0"/>
  <testcase name="shouldFindElement{SearchStrategyTestArgs}[421]" classname="com.dmooers.karate_chop.KarateChopTest" time="0"/>
  <testcase name="shouldFindElement{SearchStrategyTestArgs}[422]" classname="com.dmooers.karate_chop.KarateChopTest" time="0.001"/>
  <testcase name="shouldFindElement{SearchStrategyTestArgs}[423]" classname="com.dmooers.karate_chop.KarateChopTest" time="0"/>
  <testcase name="shouldFindElement{SearchStrategyTestArgs}[424]" classname="com.dmooers.karate_chop.KarateChopTest" time="0"/>
  <testcase name="shouldFindElement{SearchStrategyTestArgs}[425]" classname="com.dmooers.karate_chop.KarateChopTest" time="0"/>
  <testcase name="shouldFindElement{SearchStrategyTestArgs}[426]" classname="com.dmooers.karate_chop.KarateChopTest" time="0"/>
  <testcase name="shouldFindElement{SearchStrategyTestArgs}[427]" classname="com.dmooers.karate_chop.KarateChopTest" time="0"/>
  <testcase name="shouldFindElement{SearchStrategyTestArgs}[428]" classname="com.dmooers.karate_chop.KarateChopTest" time="0"/>
  <testcase name="shouldFindElement{SearchStrategyTestArgs}[429]" classname="com.dmooers.karate_chop.KarateChopTest" time="0"/>
  <testcase name="shouldFindElement{SearchStrategyTestArgs}[430]" classname="com.dmooers.karate_chop.KarateChopTest" time="0"/>
  <testcase name="shouldFindElement{SearchStrategyTestArgs}[431]" classname="com.dmooers.karate_chop.KarateChopTest" time="0"/>
  <testcase name="shouldFindElement{SearchStrategyTestArgs}[432]" classname="com.dmooers.karate_chop.KarateChopTest" time="0"/>
  <testcase name="shouldFindElement{SearchStrategyTestArgs}[433]" classname="com.dmooers.karate_chop.KarateChopTest" time="0.001"/>
  <testcase name="shouldFindElement{SearchStrategyTestArgs}[434]" classname="com.dmooers.karate_chop.KarateChopTest" time="0"/>
  <testcase name="shouldFindElement{SearchStrategyTestArgs}[435]" classname="com.dmooers.karate_chop.KarateChopTest" time="0"/>
  <testcase name="shouldFindElement{SearchStrategyTestArgs}[436]" classname="com.dmooers.karate_chop.KarateChopTest" time="0"/>
  <testcase name="shouldFindElement{SearchStrategyTestArgs}[437]" classname="com.dmooers.karate_chop.KarateChopTest" time="0"/>
  <testcase name="shouldFindElement{SearchStrategyTestArgs}[438]" classname="com.dmooers.karate_chop.KarateChopTest" time="0"/>
  <testcase name="shouldFindElement{SearchStrategyTestArgs}[439]" classname="com.dmooers.karate_chop.KarateChopTest" time="0"/>
  <testcase name="shouldFindElement{SearchStrategyTestArgs}[440]" classname="com.dmooers.karate_chop.KarateChopTest" time="0.001"/>
  <testcase name="shouldFindElement{SearchStrategyTestArgs}[441]" classname="com.dmooers.karate_chop.KarateChopTest" time="0"/>
  <testcase name="shouldFindElement{SearchStrategyTestArgs}[442]" classname="com.dmooers.karate_chop.KarateChopTest" time="0"/>
  <testcase name="shouldFindElement{SearchStrategyTestArgs}[443]" classname="com.dmooers.karate_chop.KarateChopTest" time="0"/>
  <testcase name="shouldFindElement{SearchStrategyTestArgs}[444]" classname="com.dmooers.karate_chop.KarateChopTest" time="0.001"/>
  <testcase name="shouldFindElement{SearchStrategyTestArgs}[445]" classname="com.dmooers.karate_chop.KarateChopTest" time="0"/>
  <testcase name="shouldFindElement{SearchStrategyTestArgs}[446]" classname="com.dmooers.karate_chop.KarateChopTest" time="0"/>
  <testcase name="shouldFindElement{SearchStrategyTestArgs}[447]" classname="com.dmooers.karate_chop.KarateChopTest" time="0"/>
  <testcase name="shouldFindElement{SearchStrategyTestArgs}[448]" classname="com.dmooers.karate_chop.KarateChopTest" time="0"/>
  <testcase name="shouldFindElement{SearchStrategyTestArgs}[449]" classname="com.dmooers.karate_chop.KarateChopTest" time="0"/>
  <testcase name="shouldFindElement{SearchStrategyTestArgs}[450]" classname="com.dmooers.karate_chop.KarateChopTest" time="0.001"/>
  <testcase name="shouldFindElement{SearchStrategyTestArgs}[451]" classname="com.dmooers.karate_chop.KarateChopTest" time="0"/>
  <testcase name="shouldFindElement{SearchStrategyTestArgs}[452]" classname="com.dmooers.karate_chop.KarateChopTest" time="0"/>
  <testcase name="shouldFindElement{SearchStrategyTestArgs}[453]" classname="com.dmooers.karate_chop.KarateChopTest" time="0"/>
  <testcase name="shouldFindElement{SearchStrategyTestArgs}[454]" classname="com.dmooers.karate_chop.KarateChopTest" time="0"/>
  <testcase name="shouldFindElement{SearchStrategyTestArgs}[455]" classname="com.dmooers.karate_chop.KarateChopTest" time="0"/>
  <testcase name="shouldFindElement{SearchStrategyTestArgs}[456]" classname="com.dmooers.karate_chop.KarateChopTest" time="0"/>
  <testcase name="shouldFindElement{SearchStrategyTestArgs}[457]" classname="com.dmooers.karate_chop.KarateChopTest" time="0.001"/>
  <testcase name="shouldFindElement{SearchStrategyTestArgs}[458]" classname="com.dmooers.karate_chop.KarateChopTest" time="0"/>
  <testcase name="shouldFindElement{SearchStrategyTestArgs}[459]" classname="com.dmooers.karate_chop.KarateChopTest" time="0"/>
  <testcase name="shouldFindElement{SearchStrategyTestArgs}[460]" classname="com.dmooers.karate_chop.KarateChopTest" time="0"/>
  <testcase name="shouldFindElement{SearchStrategyTestArgs}[461]" classname="com.dmooers.karate_chop.KarateChopTest" time="0"/>
  <testcase name="shouldFindElement{SearchStrategyTestArgs}[462]" classname="com.dmooers.karate_chop.KarateChopTest" time="0"/>
  <testcase name="shouldFindElement{SearchStrategyTestArgs}[463]" classname="com.dmooers.karate_chop.KarateChopTest" time="0.001"/>
  <testcase name="shouldFindElement{SearchStrategyTestArgs}[464]" classname="com.dmooers.karate_chop.KarateChopTest" time="0"/>
  <testcase name="shouldFindElement{SearchStrategyTestArgs}[465]" classname="com.dmooers.karate_chop.KarateChopTest" time="0.001"/>
  <testcase name="shouldFindElement{SearchStrategyTestArgs}[466]" classname="com.dmooers.karate_chop.KarateChopTest" time="0"/>
  <testcase name="shouldFindElement{SearchStrategyTestArgs}[467]" classname="com.dmooers.karate_chop.KarateChopTest" time="0"/>
  <testcase name="shouldFindElement{SearchStrategyTestArgs}[468]" classname="com.dmooers.karate_chop.KarateChopTest" time="0.001"/>
  <testcase name="shouldFindElement{SearchStrategyTestArgs}[469]" classname="com.dmooers.karate_chop.KarateChopTest" time="0"/>
  <testcase name="shouldFindElement{SearchStrategyTestArgs}[470]" classname="com.dmooers.karate_chop.KarateChopTest" time="0"/>
  <testcase name="shouldFindElement{SearchStrategyTestArgs}[471]" classname="com.dmooers.karate_chop.KarateChopTest" time="0"/>
  <testcase name="shouldFindElement{SearchStrategyTestArgs}[472]" classname="com.dmooers.karate_chop.KarateChopTest" time="0.001"/>
  <testcase name="shouldFindElement{SearchStrategyTestArgs}[473]" classname="com.dmooers.karate_chop.KarateChopTest" time="0"/>
  <testcase name="shouldFindElement{SearchStrategyTestArgs}[474]" classname="com.dmooers.karate_chop.KarateChopTest" time="0"/>
  <testcase name="shouldFindElement{SearchStrategyTestArgs}[475]" classname="com.dmooers.karate_chop.KarateChopTest" time="0"/>
  <testcase name="shouldFindElement{SearchStrategyTestArgs}[476]" classname="com.dmooers.karate_chop.KarateChopTest" time="0"/>
  <testcase name="shouldFindElement{SearchStrategyTestArgs}[477]" classname="com.dmooers.karate_chop.KarateChopTest" time="0"/>
  <testcase name="shouldFindElement{SearchStrategyTestArgs}[478]" classname="com.dmooers.karate_chop.KarateChopTest" time="0"/>
  <testcase name="shouldFindElement{SearchStrategyTestArgs}[479]" classname="com.dmooers.karate_chop.KarateChopTest" time="0"/>
  <testcase name="shouldFindElement{SearchStrategyTestArgs}[480]" classname="com.dmooers.karate_chop.KarateChopTest" time="0"/>
  <testcase name="shouldFindElement{SearchStrategyTestArgs}[481]" classname="com.dmooers.karate_chop.KarateChopTest" time="0"/>
  <testcase name="shouldFindElement{SearchStrategyTestArgs}[482]" classname="com.dmooers.karate_chop.KarateChopTest" time="0"/>
  <testcase name="shouldFindElement{SearchStrategyTestArgs}[483]" classname="com.dmooers.karate_chop.KarateChopTest" time="0.001"/>
  <testcase name="shouldFindElement{SearchStrategyTestArgs}[484]" classname="com.dmooers.karate_chop.KarateChopTest" time="0"/>
  <testcase name="shouldFindElement{SearchStrategyTestArgs}[485]" classname="com.dmooers.karate_chop.KarateChopTest" time="0"/>
  <testcase name="shouldFindElement{SearchStrategyTestArgs}[486]" classname="com.dmooers.karate_chop.KarateChopTest" time="0"/>
  <testcase name="shouldFindElement{SearchStrategyTestArgs}[487]" classname="com.dmooers.karate_chop.KarateChopTest" time="0.001"/>
  <testcase name="shouldFindElement{SearchStrategyTestArgs}[488]" classname="com.dmooers.karate_chop.KarateChopTest" time="0"/>
  <testcase name="shouldFindElement{SearchStrategyTestArgs}[489]" classname="com.dmooers.karate_chop.KarateChopTest" time="0"/>
  <testcase name="shouldFindElement{SearchStrategyTestArgs}[490]" classname="com.dmooers.karate_chop.KarateChopTest" time="0"/>
  <testcase name="shouldFindElement{SearchStrategyTestArgs}[491]" classname="com.dmooers.karate_chop.KarateChopTest" time="0.001"/>
  <testcase name="shouldFindElement{SearchStrategyTestArgs}[492]" classname="com.dmooers.karate_chop.KarateChopTest" time="0"/>
  <testcase name="shouldFindElement{SearchStrategyTestArgs}[493]" classname="com.dmooers.karate_chop.KarateChopTest" time="0"/>
  <testcase name="shouldFindElement{SearchStrategyTestArgs}[494]" classname="com.dmooers.karate_chop.KarateChopTest" time="0"/>
  <testcase name="shouldFindElement{SearchStrategyTestArgs}[495]" classname="com.dmooers.karate_chop.KarateChopTest" time="0"/>
  <testcase name="shouldFindElement{SearchStrategyTestArgs}[496]" classname="com.dmooers.karate_chop.KarateChopTest" time="0"/>
  <testcase name="shouldFindElement{SearchStrategyTestArgs}[497]" classname="com.dmooers.karate_chop.KarateChopTest" time="0"/>
  <testcase name="shouldFindElement{SearchStrategyTestArgs}[498]" classname="com.dmooers.karate_chop.KarateChopTest" time="0"/>
  <testcase name="shouldFindElement{SearchStrategyTestArgs}[499]" classname="com.dmooers.karate_chop.KarateChopTest" time="0"/>
  <testcase name="shouldFindElement{SearchStrategyTestArgs}[500]" classname="com.dmooers.karate_chop.KarateChopTest" time="0"/>
  <testcase name="shouldFindElement{SearchStrategyTestArgs}[501]" classname="com.dmooers.karate_chop.KarateChopTest" time="0"/>
  <testcase name="shouldFindElement{SearchStrategyTestArgs}[502]" classname="com.dmooers.karate_chop.KarateChopTest" time="0"/>
  <testcase name="shouldFindElement{SearchStrategyTestArgs}[503]" classname="com.dmooers.karate_chop.KarateChopTest" time="0"/>
  <testcase name="shouldFindElement{SearchStrategyTestArgs}[504]" classname="com.dmooers.karate_chop.KarateChopTest" time="0"/>
  <testcase name="shouldFindElement{SearchStrategyTestArgs}[505]" classname="com.dmooers.karate_chop.KarateChopTest" time="0"/>
  <testcase name="shouldFindElement{SearchStrategyTestArgs}[506]" classname="com.dmooers.karate_chop.KarateChopTest" time="0.001"/>
  <testcase name="shouldFindElement{SearchStrategyTestArgs}[507]" classname="com.dmooers.karate_chop.KarateChopTest" time="0"/>
  <testcase name="shouldFindElement{SearchStrategyTestArgs}[508]" classname="com.dmooers.karate_chop.KarateChopTest" time="0"/>
  <testcase name="shouldFindElement{SearchStrategyTestArgs}[509]" classname="com.dmooers.karate_chop.KarateChopTest" time="0.001"/>
  <testcase name="shouldFindElement{SearchStrategyTestArgs}[510]" classname="com.dmooers.karate_chop.KarateChopTest" time="0"/>
  <testcase name="shouldFindElement{SearchStrategyTestArgs}[511]" classname="com.dmooers.karate_chop.KarateChopTest" time="0.001"/>
  <testcase name="shouldFindElement{SearchStrategyTestArgs}[512]" classname="com.dmooers.karate_chop.KarateChopTest" time="0"/>
  <testcase name="shouldFindElement{SearchStrategyTestArgs}[513]" classname="com.dmooers.karate_chop.KarateChopTest" time="0"/>
  <testcase name="shouldFindElement{SearchStrategyTestArgs}[514]" classname="com.dmooers.karate_chop.KarateChopTest" time="0"/>
  <testcase name="shouldFindElement{SearchStrategyTestArgs}[515]" classname="com.dmooers.karate_chop.KarateChopTest" time="0"/>
  <testcase name="shouldFindElement{SearchStrategyTestArgs}[516]" classname="com.dmooers.karate_chop.KarateChopTest" time="0"/>
  <testcase name="shouldFindElement{SearchStrategyTestArgs}[517]" classname="com.dmooers.karate_chop.KarateChopTest" time="0.001"/>
  <testcase name="shouldFindElement{SearchStrategyTestArgs}[518]" classname="com.dmooers.karate_chop.KarateChopTest" time="0"/>
  <testcase name="shouldFindElement{SearchStrategyTestArgs}[519]" classname="com.dmooers.karate_chop.KarateChopTest" time="0"/>
  <testcase name="shouldFindElement{SearchStrategyTestArgs}[520]" classname="com.dmooers.karate_chop.KarateChopTest" time="0"/>
  <testcase name="shouldFindElement{SearchStrategyTestArgs}[521]" classname="com.dmooers.karate_chop.KarateChopTest" time="0.001"/>
  <testcase name="shouldFindElement{SearchStrategyTestArgs}[522]" classname="com.dmooers.karate_chop.KarateChopTest" time="0"/>
  <testcase name="shouldFindElement{SearchStrategyTestArgs}[523]" classname="com.dmooers.karate_chop.KarateChopTest" time="0"/>
  <testcase name="shouldFindElement{SearchStrategyTestArgs}[524]" classname="com.dmooers.karate_chop.KarateChopTest" time="0"/>
  <testcase name="shouldFindElement{SearchStrategyTestArgs}[525]" classname="com.dmooers.karate_chop.KarateChopTest" time="0"/>
  <testcase name="shouldFindElement{SearchStrategyTestArgs}[526]" classname="com.dmooers.karate_chop.KarateChopTest" time="0"/>
  <testcase name="shouldFindElement{SearchStrategyTestArgs}[527]" classname="com.dmooers.karate_chop.KarateChopTest" time="0"/>
  <testcase name="shouldFindElement{SearchStrategyTestArgs}[528]" classname="com.dmooers.karate_chop.KarateChopTest" time="0.001"/>
  <testcase name="shouldFindElement{SearchStrategyTestArgs}[529]" classname="com.dmooers.karate_chop.KarateChopTest" time="0"/>
  <testcase name="shouldFindElement{SearchStrategyTestArgs}[530]" classname="com.dmooers.karate_chop.KarateChopTest" time="0"/>
  <testcase name="shouldFindElement{SearchStrategyTestArgs}[531]" classname="com.dmooers.karate_chop.KarateChopTest" time="0"/>
  <testcase name="shouldFindElement{SearchStrategyTestArgs}[532]" classname="com.dmooers.karate_chop.KarateChopTest" time="0.001"/>
  <testcase name="shouldFindElement{SearchStrategyTestArgs}[533]" classname="com.dmooers.karate_chop.KarateChopTest" time="0"/>
  <testcase name="shouldFindElement{SearchStrategyTestArgs}[534]" classname="com.dmooers.karate_chop.KarateChopTest" time="0"/>
  <testcase name="shouldFindElement{SearchStrategyTestArgs}[535]" classname="com.dmooers.karate_chop.KarateChopTest" time="0"/>
  <testcase name="shouldFindElement{SearchStrategyTestArgs}[536]" classname="com.dmooers.karate_chop.KarateChopTest" time="0.001"/>
  <testcase name="shouldFindElement{SearchStrategyTestArgs}[537]" classname="com.dmooers.karate_chop.KarateChopTest" time="0"/>
  <testcase name="shouldFindElement{SearchStrategyTestArgs}[538]" classname="com.dmooers.karate_chop.KarateChopTest" time="0"/>
  <testcase name="shouldFindElement{SearchStrategyTestArgs}[539]" classname="com.dmooers.karate_chop.KarateChopTest" time="0"/>
  <testcase name="shouldFindElement{SearchStrategyTestArgs}[540]" classname="com.dmooers.karate_chop.KarateChopTest" time="0.001"/>
  <testcase name="shouldFindElement{SearchStrategyTestArgs}[541]" classname="com.dmooers.karate_chop.KarateChopTest" time="0"/>
  <testcase name="shouldFindElement{SearchStrategyTestArgs}[542]" classname="com.dmooers.karate_chop.KarateChopTest" time="0"/>
  <testcase name="shouldFindElement{SearchStrategyTestArgs}[543]" classname="com.dmooers.karate_chop.KarateChopTest" time="0"/>
  <testcase name="shouldFindElement{SearchStrategyTestArgs}[544]" classname="com.dmooers.karate_chop.KarateChopTest" time="0.001"/>
  <testcase name="shouldFindElement{SearchStrategyTestArgs}[545]" classname="com.dmooers.karate_chop.KarateChopTest" time="0"/>
  <testcase name="shouldFindElement{SearchStrategyTestArgs}[546]" classname="com.dmooers.karate_chop.KarateChopTest" time="0"/>
  <testcase name="shouldFindElement{SearchStrategyTestArgs}[547]" classname="com.dmooers.karate_chop.KarateChopTest" time="0"/>
  <testcase name="shouldFindElement{SearchStrategyTestArgs}[548]" classname="com.dmooers.karate_chop.KarateChopTest" time="0.001"/>
  <testcase name="shouldFindElement{SearchStrategyTestArgs}[549]" classname="com.dmooers.karate_chop.KarateChopTest" time="0"/>
  <testcase name="shouldFindElement{SearchStrategyTestArgs}[550]" classname="com.dmooers.karate_chop.KarateChopTest" time="0"/>
  <testcase name="shouldFindElement{SearchStrategyTestArgs}[551]" classname="com.dmooers.karate_chop.KarateChopTest" time="0"/>
  <testcase name="shouldFindElement{SearchStrategyTestArgs}[552]" classname="com.dmooers.karate_chop.KarateChopTest" time="0"/>
  <testcase name="shouldFindElement{SearchStrategyTestArgs}[553]" classname="com.dmooers.karate_chop.KarateChopTest" time="0"/>
  <testcase name="shouldFindElement{SearchStrategyTestArgs}[554]" classname="com.dmooers.karate_chop.KarateChopTest" time="0"/>
  <testcase name="shouldFindElement{SearchStrategyTestArgs}[555]" classname="com.dmooers.karate_chop.KarateChopTest" time="0"/>
  <testcase name="shouldFindElement{SearchStrategyTestArgs}[556]" classname="com.dmooers.karate_chop.KarateChopTest" time="0"/>
  <testcase name="shouldFindElement{SearchStrategyTestArgs}[557]" classname="com.dmooers.karate_chop.KarateChopTest" time="0"/>
  <testcase name="shouldFindElement{SearchStrategyTestArgs}[558]" classname="com.dmooers.karate_chop.KarateChopTest" time="0"/>
  <testcase name="shouldFindElement{SearchStrategyTestArgs}[559]" classname="com.dmooers.karate_chop.KarateChopTest" time="0"/>
  <testcase name="shouldFindElement{SearchStrategyTestArgs}[560]" classname="com.dmooers.karate_chop.KarateChopTest" time="0"/>
  <testcase name="shouldFindElement{SearchStrategyTestArgs}[561]" classname="com.dmooers.karate_chop.KarateChopTest" time="0"/>
  <testcase name="shouldFindElement{SearchStrategyTestArgs}[562]" classname="com.dmooers.karate_chop.KarateChopTest" time="0"/>
  <testcase name="shouldFindElement{SearchStrategyTestArgs}[563]" classname="com.dmooers.karate_chop.KarateChopTest" time="0"/>
  <testcase name="shouldFindElement{SearchStrategyTestArgs}[564]" classname="com.dmooers.karate_chop.KarateChopTest" time="0"/>
  <testcase name="shouldFindElement{SearchStrategyTestArgs}[565]" classname="com.dmooers.karate_chop.KarateChopTest" time="0"/>
  <testcase name="shouldFindElement{SearchStrategyTestArgs}[566]" classname="com.dmooers.karate_chop.KarateChopTest" time="0"/>
  <testcase name="shouldFindElement{SearchStrategyTestArgs}[567]" classname="com.dmooers.karate_chop.KarateChopTest" time="0"/>
  <testcase name="shouldFindElement{SearchStrategyTestArgs}[568]" classname="com.dmooers.karate_chop.KarateChopTest" time="0"/>
  <testcase name="shouldFindElement{SearchStrategyTestArgs}[569]" classname="com.dmooers.karate_chop.KarateChopTest" time="0"/>
  <testcase name="shouldFindElement{SearchStrategyTestArgs}[570]" classname="com.dmooers.karate_chop.KarateChopTest" time="0"/>
  <testcase name="shouldFindElement{SearchStrategyTestArgs}[571]" classname="com.dmooers.karate_chop.KarateChopTest" time="0"/>
  <testcase name="shouldFindElement{SearchStrategyTestArgs}[572]" classname="com.dmooers.karate_chop.KarateChopTest" time="0"/>
  <testcase name="shouldFindElement{SearchStrategyTestArgs}[573]" classname="com.dmooers.karate_chop.KarateChopTest" time="0"/>
  <testcase name="shouldFindElement{SearchStrategyTestArgs}[574]" classname="com.dmooers.karate_chop.KarateChopTest" time="0"/>
  <testcase name="shouldFindElement{SearchStrategyTestArgs}[575]" classname="com.dmooers.karate_chop.KarateChopTest" time="0"/>
  <testcase name="shouldFindElement{SearchStrategyTestArgs}[576]" classname="com.dmooers.karate_chop.KarateChopTest" time="0"/>
  <testcase name="shouldFindElement{SearchStrategyTestArgs}[577]" classname="com.dmooers.karate_chop.KarateChopTest" time="0"/>
  <testcase name="shouldFindElement{SearchStrategyTestArgs}[578]" classname="com.dmooers.karate_chop.KarateChopTest" time="0"/>
  <testcase name="shouldFindElement{SearchStrategyTestArgs}[579]" classname="com.dmooers.karate_chop.KarateChopTest" time="0"/>
  <testcase name="shouldFindElement{SearchStrategyTestArgs}[580]" classname="com.dmooers.karate_chop.KarateChopTest" time="0"/>
  <testcase name="shouldFindElement{SearchStrategyTestArgs}[581]" classname="com.dmooers.karate_chop.KarateChopTest" time="0"/>
  <testcase name="shouldFindElement{SearchStrategyTestArgs}[582]" classname="com.dmooers.karate_chop.KarateChopTest" time="0"/>
  <testcase name="shouldFindElement{SearchStrategyTestArgs}[583]" classname="com.dmooers.karate_chop.KarateChopTest" time="0"/>
  <testcase name="shouldFindElement{SearchStrategyTestArgs}[584]" classname="com.dmooers.karate_chop.KarateChopTest" time="0"/>
  <testcase name="shouldFindElement{SearchStrategyTestArgs}[585]" classname="com.dmooers.karate_chop.KarateChopTest" time="0"/>
  <testcase name="shouldFindElement{SearchStrategyTestArgs}[586]" classname="com.dmooers.karate_chop.KarateChopTest" time="0"/>
  <testcase name="shouldFindElement{SearchStrategyTestArgs}[587]" classname="com.dmooers.karate_chop.KarateChopTest" time="0"/>
  <testcase name="shouldFindElement{SearchStrategyTestArgs}[588]" classname="com.dmooers.karate_chop.KarateChopTest" time="0"/>
  <testcase name="shouldFindElement{SearchStrategyTestArgs}[589]" classname="com.dmooers.karate_chop.KarateChopTest" time="0"/>
  <testcase name="shouldFindElement{SearchStrategyTestArgs}[590]" classname="com.dmooers.karate_chop.KarateChopTest" time="0"/>
  <testcase name="shouldFindElement{SearchStrategyTestArgs}[591]" classname="com.dmooers.karate_chop.KarateChopTest" time="0"/>
  <testcase name="shouldFindElement{SearchStrategyTestArgs}[592]" classname="com.dmooers.karate_chop.KarateChopTest" time="0"/>
  <testcase name="shouldFindElement{SearchStrategyTestArgs}[593]" classname="com.dmooers.karate_chop.KarateChopTest" time="0"/>
  <testcase name="shouldFindElement{SearchStrategyTestArgs}[594]" classname="com.dmooers.karate_chop.KarateChopTest" time="0"/>
  <testcase name="shouldFindElement{SearchStrategyTestArgs}[595]" classname="com.dmooers.karate_chop.KarateChopTest" time="0"/>
  <testcase name="shouldFindElement{SearchStrategyTestArgs}[596]" classname="com.dmooers.karate_chop.KarateChopTest" time="0"/>
  <testcase name="shouldFindElement{SearchStrategyTestArgs}[597]" classname="com.dmooers.karate_chop.KarateChopTest" time="0"/>
  <testcase name="shouldFindElement{SearchStrategyTestArgs}[598]" classname="com.dmooers.karate_chop.KarateChopTest" time="0"/>
  <testcase name="shouldFindElement{SearchStrategyTestArgs}[599]" classname="com.dmooers.karate_chop.KarateChopTest" time="0"/>
  <testcase name="shouldFindElement{SearchStrategyTestArgs}[600]" classname="com.dmooers.karate_chop.KarateChopTest" time="0"/>
  <testcase name="shouldFindElement{SearchStrategyTestArgs}[601]" classname="com.dmooers.karate_chop.KarateChopTest" time="0"/>
  <testcase name="shouldFindElement{SearchStrategyTestArgs}[602]" classname="com.dmooers.karate_chop.KarateChopTest" time="0"/>
  <testcase name="shouldFindElement{SearchStrategyTestArgs}[603]" classname="com.dmooers.karate_chop.KarateChopTest" time="0"/>
  <testcase name="shouldFindElement{SearchStrategyTestArgs}[604]" classname="com.dmooers.karate_chop.KarateChopTest" time="0"/>
  <testcase name="shouldFindElement{SearchStrategyTestArgs}[605]" classname="com.dmooers.karate_chop.KarateChopTest" time="0"/>
  <testcase name="shouldFindElement{SearchStrategyTestArgs}[606]" classname="com.dmooers.karate_chop.KarateChopTest" time="0"/>
  <testcase name="shouldFindElement{SearchStrategyTestArgs}[607]" classname="com.dmooers.karate_chop.KarateChopTest" time="0"/>
  <testcase name="shouldFindElement{SearchStrategyTestArgs}[608]" classname="com.dmooers.karate_chop.KarateChopTest" time="0"/>
  <testcase name="shouldFindElement{SearchStrategyTestArgs}[609]" classname="com.dmooers.karate_chop.KarateChopTest" time="0"/>
  <testcase name="shouldFindElement{SearchStrategyTestArgs}[610]" classname="com.dmooers.karate_chop.KarateChopTest" time="0"/>
  <testcase name="shouldFindElement{SearchStrategyTestArgs}[611]" classname="com.dmooers.karate_chop.KarateChopTest" time="0"/>
  <testcase name="shouldFindElement{SearchStrategyTestArgs}[612]" classname="com.dmooers.karate_chop.KarateChopTest" time="0.001"/>
  <testcase name="shouldFindElement{SearchStrategyTestArgs}[613]" classname="com.dmooers.karate_chop.KarateChopTest" time="0"/>
  <testcase name="shouldFindElement{SearchStrategyTestArgs}[614]" classname="com.dmooers.karate_chop.KarateChopTest" time="0"/>
  <testcase name="shouldFindElement{SearchStrategyTestArgs}[615]" classname="com.dmooers.karate_chop.KarateChopTest" time="0"/>
  <testcase name="shouldFindElement{SearchStrategyTestArgs}[616]" classname="com.dmooers.karate_chop.KarateChopTest" time="0.001"/>
  <testcase name="shouldFindElement{SearchStrategyTestArgs}[617]" classname="com.dmooers.karate_chop.KarateChopTest" time="0"/>
  <testcase name="shouldFindElement{SearchStrategyTestArgs}[618]" classname="com.dmooers.karate_chop.KarateChopTest" time="0"/>
  <testcase name="shouldFindElement{SearchStrategyTestArgs}[619]" classname="com.dmooers.karate_chop.KarateChopTest" time="0"/>
  <testcase name="shouldFindElement{SearchStrategyTestArgs}[620]" classname="com.dmooers.karate_chop.KarateChopTest" time="0.001"/>
  <testcase name="shouldFindElement{SearchStrategyTestArgs}[621]" classname="com.dmooers.karate_chop.KarateChopTest" time="0"/>
  <testcase name="shouldFindElement{SearchStrategyTestArgs}[622]" classname="com.dmooers.karate_chop.KarateChopTest" time="0"/>
  <testcase name="shouldFindElement{SearchStrategyTestArgs}[623]" classname="com.dmooers.karate_chop.KarateChopTest" time="0"/>
  <testcase name="shouldFindElement{SearchStrategyTestArgs}[624]" classname="com.dmooers.karate_chop.KarateChopTest" time="0.001"/>
  <testcase name="shouldFindElement{SearchStrategyTestArgs}[625]" classname="com.dmooers.karate_chop.KarateChopTest" time="0"/>
  <testcase name="shouldFindElement{SearchStrategyTestArgs}[626]" classname="com.dmooers.karate_chop.KarateChopTest" time="0"/>
  <testcase name="shouldFindElement{SearchStrategyTestArgs}[627]" classname="com.dmooers.karate_chop.KarateChopTest" time="0"/>
  <testcase name="shouldFindElement{SearchStrategyTestArgs}[628]" classname="com.dmooers.karate_chop.KarateChopTest" time="0.001"/>
  <testcase name="shouldFindElement{SearchStrategyTestArgs}[629]" classname="com.dmooers.karate_chop.KarateChopTest" time="0"/>
  <testcase name="shouldFindElement{SearchStrategyTestArgs}[630]" classname="com.dmooers.karate_chop.KarateChopTest" time="0"/>
  <testcase name="shouldFindElement{SearchStrategyTestArgs}[631]" classname="com.dmooers.karate_chop.KarateChopTest" time="0"/>
  <testcase name="shouldFindElement{SearchStrategyTestArgs}[632]" classname="com.dmooers.karate_chop.KarateChopTest" time="0.001"/>
  <testcase name="shouldFindElement{SearchStrategyTestArgs}[633]" classname="com.dmooers.karate_chop.KarateChopTest" time="0"/>
  <testcase name="shouldFindElement{SearchStrategyTestArgs}[634]" classname="com.dmooers.karate_chop.KarateChopTest" time="0"/>
  <testcase name="shouldFindElement{SearchStrategyTestArgs}[635]" classname="com.dmooers.karate_chop.KarateChopTest" time="0"/>
  <testcase name="shouldFindElement{SearchStrategyTestArgs}[636]" classname="com.dmooers.karate_chop.KarateChopTest" time="0"/>
  <testcase name="shouldFindElement{SearchStrategyTestArgs}[637]" classname="com.dmooers.karate_chop.KarateChopTest" time="0"/>
  <testcase name="shouldFindElement{SearchStrategyTestArgs}[638]" classname="com.dmooers.karate_chop.KarateChopTest" time="0"/>
  <testcase name="shouldFindElement{SearchStrategyTestArgs}[639]" classname="com.dmooers.karate_chop.KarateChopTest" time="0"/>
  <testcase name="shouldFindElement{SearchStrategyTestArgs}[640]" classname="com.dmooers.karate_chop.KarateChopTest" time="0"/>
  <testcase name="shouldFindElement{SearchStrategyTestArgs}[641]" classname="com.dmooers.karate_chop.KarateChopTest" time="0"/>
  <testcase name="shouldFindElement{SearchStrategyTestArgs}[642]" classname="com.dmooers.karate_chop.KarateChopTest" time="0"/>
  <testcase name="shouldFindElement{SearchStrategyTestArgs}[643]" classname="com.dmooers.karate_chop.KarateChopTest" time="0.001"/>
  <testcase name="shouldFindElement{SearchStrategyTestArgs}[644]" classname="com.dmooers.karate_chop.KarateChopTest" time="0"/>
  <testcase name="shouldFindElement{SearchStrategyTestArgs}[645]" classname="com.dmooers.karate_chop.KarateChopTest" time="0"/>
  <testcase name="shouldFindElement{SearchStrategyTestArgs}[646]" classname="com.dmooers.karate_chop.KarateChopTest" time="0"/>
  <testcase name="shouldFindElement{SearchStrategyTestArgs}[647]" classname="com.dmooers.karate_chop.KarateChopTest" time="0"/>
  <testcase name="shouldFindElement{SearchStrategyTestArgs}[648]" classname="com.dmooers.karate_chop.KarateChopTest" time="0"/>
  <testcase name="shouldFindElement{SearchStrategyTestArgs}[649]" classname="com.dmooers.karate_chop.KarateChopTest" time="0"/>
  <testcase name="shouldFindElement{SearchStrategyTestArgs}[650]" classname="com.dmooers.karate_chop.KarateChopTest" time="0"/>
  <testcase name="shouldFindElement{SearchStrategyTestArgs}[651]" classname="com.dmooers.karate_chop.KarateChopTest" time="0"/>
  <testcase name="shouldFindElement{SearchStrategyTestArgs}[652]" classname="com.dmooers.karate_chop.KarateChopTest" time="0"/>
  <testcase name="shouldFindElement{SearchStrategyTestArgs}[653]" classname="com.dmooers.karate_chop.KarateChopTest" time="0"/>
  <testcase name="shouldFindElement{SearchStrategyTestArgs}[654]" classname="com.dmooers.karate_chop.KarateChopTest" time="0"/>
  <testcase name="shouldFindElement{SearchStrategyTestArgs}[655]" classname="com.dmooers.karate_chop.KarateChopTest" time="0.001"/>
  <testcase name="shouldFindElement{SearchStrategyTestArgs}[656]" classname="com.dmooers.karate_chop.KarateChopTest" time="0"/>
  <testcase name="shouldFindElement{SearchStrategyTestArgs}[657]" classname="com.dmooers.karate_chop.KarateChopTest" time="0"/>
  <testcase name="shouldFindElement{SearchStrategyTestArgs}[658]" classname="com.dmooers.karate_chop.KarateChopTest" time="0"/>
  <testcase name="shouldFindElement{SearchStrategyTestArgs}[659]" classname="com.dmooers.karate_chop.KarateChopTest" time="0"/>
  <testcase name="shouldFindElement{SearchStrategyTestArgs}[660]" classname="com.dmooers.karate_chop.KarateChopTest" time="0"/>
  <testcase name="shouldFindElement{SearchStrategyTestArgs}[661]" classname="com.dmooers.karate_chop.KarateChopTest" time="0"/>
  <testcase name="shouldFindElement{SearchStrategyTestArgs}[662]" classname="com.dmooers.karate_chop.KarateChopTest" time="0"/>
  <testcase name="shouldFindElement{SearchStrategyTestArgs}[663]" classname="com.dmooers.karate_chop.KarateChopTest" time="0"/>
  <testcase name="shouldFindElement{SearchStrategyTestArgs}[664]" classname="com.dmooers.karate_chop.KarateChopTest" time="0.001"/>
  <testcase name="shouldFindElement{SearchStrategyTestArgs}[665]" classname="com.dmooers.karate_chop.KarateChopTest" time="0"/>
  <testcase name="shouldFindElement{SearchStrategyTestArgs}[666]" classname="com.dmooers.karate_chop.KarateChopTest" time="0"/>
  <testcase name="shouldFindElement{SearchStrategyTestArgs}[667]" classname="com.dmooers.karate_chop.KarateChopTest" time="0"/>
  <testcase name="shouldFindElement{SearchStrategyTestArgs}[668]" classname="com.dmooers.karate_chop.KarateChopTest" time="0"/>
  <testcase name="shouldFindElement{SearchStrategyTestArgs}[669]" classname="com.dmooers.karate_chop.KarateChopTest" time="0"/>
  <testcase name="shouldFindElement{SearchStrategyTestArgs}[670]" classname="com.dmooers.karate_chop.KarateChopTest" time="0"/>
  <testcase name="shouldFindElement{SearchStrategyTestArgs}[671]" classname="com.dmooers.karate_chop.KarateChopTest" time="0"/>
  <testcase name="shouldFindElement{SearchStrategyTestArgs}[672]" classname="com.dmooers.karate_chop.KarateChopTest" time="0"/>
  <testcase name="shouldFindElement{SearchStrategyTestArgs}[673]" classname="com.dmooers.karate_chop.KarateChopTest" time="0"/>
  <testcase name="shouldFindElement{SearchStrategyTestArgs}[674]" classname="com.dmooers.karate_chop.KarateChopTest" time="0"/>
  <testcase name="shouldFindElement{SearchStrategyTestArgs}[675]" classname="com.dmooers.karate_chop.KarateChopTest" time="0"/>
  <testcase name="shouldFindElement{SearchStrategyTestArgs}[676]" classname="com.dmooers.karate_chop.KarateChopTest" time="0"/>
  <testcase name="shouldFindElement{SearchStrategyTestArgs}[677]" classname="com.dmooers.karate_chop.KarateChopTest" time="0"/>
  <testcase name="shouldFindElement{SearchStrategyTestArgs}[678]" classname="com.dmooers.karate_chop.KarateChopTest" time="0"/>
  <testcase name="shouldFindElement{SearchStrategyTestArgs}[679]" classname="com.dmooers.karate_chop.KarateChopTest" time="0"/>
  <testcase name="shouldFindElement{SearchStrategyTestArgs}[680]" classname="com.dmooers.karate_chop.KarateChopTest" time="0"/>
  <testcase name="shouldFindElement{SearchStrategyTestArgs}[681]" classname="com.dmooers.karate_chop.KarateChopTest" time="0"/>
  <testcase name="shouldFindElement{SearchStrategyTestArgs}[682]" classname="com.dmooers.karate_chop.KarateChopTest" time="0"/>
  <testcase name="shouldFindElement{SearchStrategyTestArgs}[683]" classname="com.dmooers.karate_chop.KarateChopTest" time="0"/>
  <testcase name="shouldFindElement{SearchStrategyTestArgs}[684]" classname="com.dmooers.karate_chop.KarateChopTest" time="0"/>
  <testcase name="shouldFindElement{SearchStrategyTestArgs}[685]" classname="com.dmooers.karate_chop.KarateChopTest" time="0"/>
  <testcase name="shouldFindElement{SearchStrategyTestArgs}[686]" classname="com.dmooers.karate_chop.KarateChopTest" time="0"/>
  <testcase name="shouldFindElement{SearchStrategyTestArgs}[687]" classname="com.dmooers.karate_chop.KarateChopTest" time="0"/>
  <testcase name="shouldFindElement{SearchStrategyTestArgs}[688]" classname="com.dmooers.karate_chop.KarateChopTest" time="0"/>
  <testcase name="shouldFindElement{SearchStrategyTestArgs}[689]" classname="com.dmooers.karate_chop.KarateChopTest" time="0.001"/>
  <testcase name="shouldFindElement{SearchStrategyTestArgs}[690]" classname="com.dmooers.karate_chop.KarateChopTest" time="0"/>
  <testcase name="shouldFindElement{SearchStrategyTestArgs}[691]" classname="com.dmooers.karate_chop.KarateChopTest" time="0"/>
  <testcase name="shouldFindElement{SearchStrategyTestArgs}[692]" classname="com.dmooers.karate_chop.KarateChopTest" time="0"/>
  <testcase name="shouldFindElement{SearchStrategyTestArgs}[693]" classname="com.dmooers.karate_chop.KarateChopTest" time="0.001"/>
  <testcase name="shouldFindElement{SearchStrategyTestArgs}[694]" classname="com.dmooers.karate_chop.KarateChopTest" time="0"/>
  <testcase name="shouldFindElement{SearchStrategyTestArgs}[695]" classname="com.dmooers.karate_chop.KarateChopTest" time="0"/>
  <testcase name="shouldFindElement{SearchStrategyTestArgs}[696]" classname="com.dmooers.karate_chop.KarateChopTest" time="0"/>
  <testcase name="shouldFindElement{SearchStrategyTestArgs}[697]" classname="com.dmooers.karate_chop.KarateChopTest" time="0"/>
  <testcase name="shouldFindElement{SearchStrategyTestArgs}[698]" classname="com.dmooers.karate_chop.KarateChopTest" time="0"/>
  <testcase name="shouldFindElement{SearchStrategyTestArgs}[699]" classname="com.dmooers.karate_chop.KarateChopTest" time="0"/>
  <testcase name="shouldFindElement{SearchStrategyTestArgs}[700]" classname="com.dmooers.karate_chop.KarateChopTest" time="0"/>
  <testcase name="shouldFindElement{SearchStrategyTestArgs}[701]" classname="com.dmooers.karate_chop.KarateChopTest" time="0"/>
  <testcase name="shouldFindElement{SearchStrategyTestArgs}[702]" classname="com.dmooers.karate_chop.KarateChopTest" time="0"/>
  <testcase name="shouldFindElement{SearchStrategyTestArgs}[703]" classname="com.dmooers.karate_chop.KarateChopTest" time="0"/>
  <testcase name="shouldFindElement{SearchStrategyTestArgs}[704]" classname="com.dmooers.karate_chop.KarateChopTest" time="0"/>
  <testcase name="shouldFindElement{SearchStrategyTestArgs}[705]" classname="com.dmooers.karate_chop.KarateChopTest" time="0"/>
  <testcase name="shouldFindElement{SearchStrategyTestArgs}[706]" classname="com.dmooers.karate_chop.KarateChopTest" time="0.001"/>
  <testcase name="shouldFindElement{SearchStrategyTestArgs}[707]" classname="com.dmooers.karate_chop.KarateChopTest" time="0"/>
  <testcase name="shouldFindElement{SearchStrategyTestArgs}[708]" classname="com.dmooers.karate_chop.KarateChopTest" time="0"/>
  <testcase name="shouldFindElement{SearchStrategyTestArgs}[709]" classname="com.dmooers.karate_chop.KarateChopTest" time="0"/>
  <testcase name="shouldFindElement{SearchStrategyTestArgs}[710]" classname="com.dmooers.karate_chop.KarateChopTest" time="0"/>
  <testcase name="shouldFindElement{SearchStrategyTestArgs}[711]" classname="com.dmooers.karate_chop.KarateChopTest" time="0.001"/>
  <testcase name="shouldFindElement{SearchStrategyTestArgs}[712]" classname="com.dmooers.karate_chop.KarateChopTest" time="0"/>
  <testcase name="shouldFindElement{SearchStrategyTestArgs}[713]" classname="com.dmooers.karate_chop.KarateChopTest" time="0"/>
  <testcase name="shouldFindElement{SearchStrategyTestArgs}[714]" classname="com.dmooers.karate_chop.KarateChopTest" time="0"/>
  <testcase name="shouldFindElement{SearchStrategyTestArgs}[715]" classname="com.dmooers.karate_chop.KarateChopTest" time="0"/>
  <testcase name="shouldFindElement{SearchStrategyTestArgs}[716]" classname="com.dmooers.karate_chop.KarateChopTest" time="0"/>
  <testcase name="shouldFindElement{SearchStrategyTestArgs}[717]" classname="com.dmooers.karate_chop.KarateChopTest" time="0"/>
  <testcase name="shouldFindElement{SearchStrategyTestArgs}[718]" classname="com.dmooers.karate_chop.KarateChopTest" time="0"/>
  <testcase name="shouldFindElement{SearchStrategyTestArgs}[719]" classname="com.dmooers.karate_chop.KarateChopTest" time="0.001"/>
  <testcase name="shouldFindElement{SearchStrategyTestArgs}[720]" classname="com.dmooers.karate_chop.KarateChopTest" time="0"/>
  <testcase name="shouldFindElement{SearchStrategyTestArgs}[721]" classname="com.dmooers.karate_chop.KarateChopTest" time="0"/>
  <testcase name="shouldFindElement{SearchStrategyTestArgs}[722]" classname="com.dmooers.karate_chop.KarateChopTest" time="0"/>
  <testcase name="shouldFindElement{SearchStrategyTestArgs}[723]" classname="com.dmooers.karate_chop.KarateChopTest" time="0"/>
  <testcase name="shouldFindElement{SearchStrategyTestArgs}[724]" classname="com.dmooers.karate_chop.KarateChopTest" time="0"/>
  <testcase name="shouldFindElement{SearchStrategyTestArgs}[725]" classname="com.dmooers.karate_chop.KarateChopTest" time="0"/>
  <testcase name="shouldFindElement{SearchStrategyTestArgs}[726]" classname="com.dmooers.karate_chop.KarateChopTest" time="0"/>
  <testcase name="shouldFindElement{SearchStrategyTestArgs}[727]" classname="com.dmooers.karate_chop.KarateChopTest" time="0"/>
  <testcase name="shouldFindElement{SearchStrategyTestArgs}[728]" classname="com.dmooers.karate_chop.KarateChopTest" time="0.001"/>
  <testcase name="shouldFindElement{SearchStrategyTestArgs}[729]" classname="com.dmooers.karate_chop.KarateChopTest" time="0"/>
  <testcase name="shouldFindElement{SearchStrategyTestArgs}[730]" classname="com.dmooers.karate_chop.KarateChopTest" time="0"/>
  <testcase name="shouldFindElement{SearchStrategyTestArgs}[731]" classname="com.dmooers.karate_chop.KarateChopTest" time="0"/>
  <testcase name="shouldFindElement{SearchStrategyTestArgs}[732]" classname="com.dmooers.karate_chop.KarateChopTest" time="0"/>
  <testcase name="shouldFindElement{SearchStrategyTestArgs}[733]" classname="com.dmooers.karate_chop.KarateChopTest" time="0"/>
  <testcase name="shouldFindElement{SearchStrategyTestArgs}[734]" classname="com.dmooers.karate_chop.KarateChopTest" time="0"/>
  <testcase name="shouldFindElement{SearchStrategyTestArgs}[735]" classname="com.dmooers.karate_chop.KarateChopTest" time="0"/>
  <testcase name="shouldFindElement{SearchStrategyTestArgs}[736]" classname="com.dmooers.karate_chop.KarateChopTest" time="0"/>
  <testcase name="shouldFindElement{SearchStrategyTestArgs}[737]" classname="com.dmooers.karate_chop.KarateChopTest" time="0"/>
  <testcase name="shouldFindElement{SearchStrategyTestArgs}[738]" classname="com.dmooers.karate_chop.KarateChopTest" time="0"/>
  <testcase name="shouldFindElement{SearchStrategyTestArgs}[739]" classname="com.dmooers.karate_chop.KarateChopTest" time="0"/>
  <testcase name="shouldFindElement{SearchStrategyTestArgs}[740]" classname="com.dmooers.karate_chop.KarateChopTest" time="0"/>
  <testcase name="shouldFindElement{SearchStrategyTestArgs}[741]" classname="com.dmooers.karate_chop.KarateChopTest" time="0"/>
  <testcase name="shouldFindElement{SearchStrategyTestArgs}[742]" classname="com.dmooers.karate_chop.KarateChopTest" time="0.001"/>
  <testcase name="shouldFindElement{SearchStrategyTestArgs}[743]" classname="com.dmooers.karate_chop.KarateChopTest" time="0"/>
  <testcase name="shouldFindElement{SearchStrategyTestArgs}[744]" classname="com.dmooers.karate_chop.KarateChopTest" time="0"/>
  <testcase name="shouldFindElement{SearchStrategyTestArgs}[745]" classname="com.dmooers.karate_chop.KarateChopTest" time="0"/>
  <testcase name="shouldFindElement{SearchStrategyTestArgs}[746]" classname="com.dmooers.karate_chop.KarateChopTest" time="0"/>
  <testcase name="shouldFindElement{SearchStrategyTestArgs}[747]" classname="com.dmooers.karate_chop.KarateChopTest" time="0.001"/>
  <testcase name="shouldFindElement{SearchStrategyTestArgs}[748]" classname="com.dmooers.karate_chop.KarateChopTest" time="0"/>
  <testcase name="shouldFindElement{SearchStrategyTestArgs}[749]" classname="com.dmooers.karate_chop.KarateChopTest" time="0"/>
  <testcase name="shouldFindElement{SearchStrategyTestArgs}[750]" classname="com.dmooers.karate_chop.KarateChopTest" time="0"/>
  <testcase name="shouldFindElement{SearchStrategyTestArgs}[751]" classname="com.dmooers.karate_chop.KarateChopTest" time="0"/>
  <testcase name="shouldFindElement{SearchStrategyTestArgs}[752]" classname="com.dmooers.karate_chop.KarateChopTest" time="0.001"/>
  <testcase name="shouldFindElement{SearchStrategyTestArgs}[753]" classname="com.dmooers.karate_chop.KarateChopTest" time="0"/>
  <testcase name="shouldFindElement{SearchStrategyTestArgs}[754]" classname="com.dmooers.karate_chop.KarateChopTest" time="0"/>
  <testcase name="shouldFindElement{SearchStrategyTestArgs}[755]" classname="com.dmooers.karate_chop.KarateChopTest" time="0"/>
  <testcase name="shouldFindElement{SearchStrategyTestArgs}[756]" classname="com.dmooers.karate_chop.KarateChopTest" time="0"/>
  <testcase name="shouldFindElement{SearchStrategyTestArgs}[757]" classname="com.dmooers.karate_chop.KarateChopTest" time="0"/>
  <testcase name="shouldFindElement{SearchStrategyTestArgs}[758]" classname="com.dmooers.karate_chop.KarateChopTest" time="0"/>
  <testcase name="shouldFindElement{SearchStrategyTestArgs}[759]" classname="com.dmooers.karate_chop.KarateChopTest" time="0"/>
  <testcase name="shouldFindElement{SearchStrategyTestArgs}[760]" classname="com.dmooers.karate_chop.KarateChopTest" time="0"/>
  <testcase name="shouldFindElement{SearchStrategyTestArgs}[761]" classname="com.dmooers.karate_chop.KarateChopTest" time="0"/>
  <testcase name="shouldFindElement{SearchStrategyTestArgs}[762]" classname="com.dmooers.karate_chop.KarateChopTest" time="0"/>
  <testcase name="shouldFindElement{SearchStrategyTestArgs}[763]" classname="com.dmooers.karate_chop.KarateChopTest" time="0"/>
  <testcase name="shouldFindElement{SearchStrategyTestArgs}[764]" classname="com.dmooers.karate_chop.KarateChopTest" time="0"/>
  <testcase name="shouldFindElement{SearchStrategyTestArgs}[765]" classname="com.dmooers.karate_chop.KarateChopTest" time="0"/>
  <testcase name="shouldFindElement{SearchStrategyTestArgs}[766]" classname="com.dmooers.karate_chop.KarateChopTest" time="0"/>
  <testcase name="shouldFindElement{SearchStrategyTestArgs}[767]" classname="com.dmooers.karate_chop.KarateChopTest" time="0"/>
  <testcase name="shouldFindElement{SearchStrategyTestArgs}[768]" classname="com.dmooers.karate_chop.KarateChopTest" time="0"/>
  <testcase name="shouldFindElement{SearchStrategyTestArgs}[769]" classname="com.dmooers.karate_chop.KarateChopTest" time="0"/>
  <testcase name="shouldFindElement{SearchStrategyTestArgs}[770]" classname="com.dmooers.karate_chop.KarateChopTest" time="0"/>
  <testcase name="shouldFindElement{SearchStrategyTestArgs}[771]" classname="com.dmooers.karate_chop.KarateChopTest" time="0"/>
  <testcase name="shouldFindElement{SearchStrategyTestArgs}[772]" classname="com.dmooers.karate_chop.KarateChopTest" time="0"/>
  <testcase name="shouldFindElement{SearchStrategyTestArgs}[773]" classname="com.dmooers.karate_chop.KarateChopTest" time="0"/>
  <testcase name="shouldFindElement{SearchStrategyTestArgs}[774]" classname="com.dmooers.karate_chop.KarateChopTest" time="0"/>
  <testcase name="shouldFindElement{SearchStrategyTestArgs}[775]" classname="com.dmooers.karate_chop.KarateChopTest" time="0"/>
  <testcase name="shouldFindElement{SearchStrategyTestArgs}[776]" classname="com.dmooers.karate_chop.KarateChopTest" time="0"/>
  <testcase name="shouldFindElement{SearchStrategyTestArgs}[777]" classname="com.dmooers.karate_chop.KarateChopTest" time="0.001"/>
  <testcase name="shouldFindElement{SearchStrategyTestArgs}[778]" classname="com.dmooers.karate_chop.KarateChopTest" time="0"/>
  <testcase name="shouldFindElement{SearchStrategyTestArgs}[779]" classname="com.dmooers.karate_chop.KarateChopTest" time="0"/>
  <testcase name="shouldFindElement{SearchStrategyTestArgs}[780]" classname="com.dmooers.karate_chop.KarateChopTest" time="0"/>
  <testcase name="shouldFindElement{SearchStrategyTestArgs}[781]" classname="com.dmooers.karate_chop.KarateChopTest" time="0"/>
  <testcase name="shouldFindElement{SearchStrategyTestArgs}[782]" classname="com.dmooers.karate_chop.KarateChopTest" time="0"/>
  <testcase name="shouldFindElement{SearchStrategyTestArgs}[783]" classname="com.dmooers.karate_chop.KarateChopTest" time="0"/>
  <testcase name="shouldFindElement{SearchStrategyTestArgs}[784]" classname="com.dmooers.karate_chop.KarateChopTest" time="0"/>
  <testcase name="shouldFindElement{SearchStrategyTestArgs}[785]" classname="com.dmooers.karate_chop.KarateChopTest" time="0"/>
  <testcase name="shouldFindElement{SearchStrategyTestArgs}[786]" classname="com.dmooers.karate_chop.KarateChopTest" time="0"/>
  <testcase name="shouldFindElement{SearchStrategyTestArgs}[787]" classname="com.dmooers.karate_chop.KarateChopTest" time="0"/>
  <testcase name="shouldFindElement{SearchStrategyTestArgs}[788]" classname="com.dmooers.karate_chop.KarateChopTest" time="0"/>
  <testcase name="shouldFindElement{SearchStrategyTestArgs}[789]" classname="com.dmooers.karate_chop.KarateChopTest" time="0"/>
  <testcase name="shouldFindElement{SearchStrategyTestArgs}[790]" classname="com.dmooers.karate_chop.KarateChopTest" time="0"/>
  <testcase name="shouldFindElement{SearchStrategyTestArgs}[791]" classname="com.dmooers.karate_chop.KarateChopTest" time="0"/>
  <testcase name="shouldFindElement{SearchStrategyTestArgs}[792]" classname="com.dmooers.karate_chop.KarateChopTest" time="0.001"/>
  <testcase name="shouldFindElement{SearchStrategyTestArgs}[793]" classname="com.dmooers.karate_chop.KarateChopTest" time="0"/>
  <testcase name="shouldFindElement{SearchStrategyTestArgs}[794]" classname="com.dmooers.karate_chop.KarateChopTest" time="0"/>
  <testcase name="shouldFindElement{SearchStrategyTestArgs}[795]" classname="com.dmooers.karate_chop.KarateChopTest" time="0"/>
  <testcase name="shouldFindElement{SearchStrategyTestArgs}[796]" classname="com.dmooers.karate_chop.KarateChopTest" time="0"/>
  <testcase name="shouldFindElement{SearchStrategyTestArgs}[797]" classname="com.dmooers.karate_chop.KarateChopTest" time="0.001"/>
  <testcase name="shouldFindElement{SearchStrategyTestArgs}[798]" classname="com.dmooers.karate_chop.KarateChopTest" time="0"/>
  <testcase name="shouldFindElement{SearchStrategyTestArgs}[799]" classname="com.dmooers.karate_chop.KarateChopTest" time="0"/>
  <testcase name="shouldFindElement{SearchStrategyTestArgs}[800]" classname="com.dmooers.karate_chop.KarateChopTest" time="0"/>
  <testcase name="shouldFindElement{SearchStrategyTestArgs}[801]" classname="com.dmooers.karate_chop.KarateChopTest" time="0"/>
  <testcase name="shouldFindElement{SearchStrategyTestArgs}[802]" classname="com.dmooers.karate_chop.KarateChopTest" time="0.001"/>
  <testcase name="shouldFindElement{SearchStrategyTestArgs}[803]" classname="com.dmooers.karate_chop.KarateChopTest" time="0"/>
  <testcase name="shouldFindElement{SearchStrategyTestArgs}[804]" classname="com.dmooers.karate_chop.KarateChopTest" time="0"/>
  <testcase name="shouldFindElement{SearchStrategyTestArgs}[805]" classname="com.dmooers.karate_chop.KarateChopTest" time="0"/>
  <testcase name="shouldFindElement{SearchStrategyTestArgs}[806]" classname="com.dmooers.karate_chop.KarateChopTest" time="0"/>
  <testcase name="shouldFindElement{SearchStrategyTestArgs}[807]" classname="com.dmooers.karate_chop.KarateChopTest" time="0"/>
  <testcase name="shouldFindElement{SearchStrategyTestArgs}[808]" classname="com.dmooers.karate_chop.KarateChopTest" time="0"/>
  <testcase name="shouldFindElement{SearchStrategyTestArgs}[809]" classname="com.dmooers.karate_chop.KarateChopTest" time="0"/>
  <testcase name="shouldFindElement{SearchStrategyTestArgs}[810]" classname="com.dmooers.karate_chop.KarateChopTest" time="0"/>
  <testcase name="shouldFindElement{SearchStrategyTestArgs}[811]" classname="com.dmooers.karate_chop.KarateChopTest" time="0"/>
  <testcase name="shouldFindElement{SearchStrategyTestArgs}[812]" classname="com.dmooers.karate_chop.KarateChopTest" time="0"/>
  <testcase name="shouldFindElement{SearchStrategyTestArgs}[813]" classname="com.dmooers.karate_chop.KarateChopTest" time="0"/>
  <testcase name="shouldFindElement{SearchStrategyTestArgs}[814]" classname="com.dmooers.karate_chop.KarateChopTest" time="0"/>
  <testcase name="shouldFindElement{SearchStrategyTestArgs}[815]" classname="com.dmooers.karate_chop.KarateChopTest" time="0"/>
  <testcase name="shouldFindElement{SearchStrategyTestArgs}[816]" classname="com.dmooers.karate_chop.KarateChopTest" time="0"/>
  <testcase name="shouldFindElement{SearchStrategyTestArgs}[817]" classname="com.dmooers.karate_chop.KarateChopTest" time="0"/>
  <testcase name="shouldFindElement{SearchStrategyTestArgs}[818]" classname="com.dmooers.karate_chop.KarateChopTest" time="0.001"/>
  <testcase name="shouldFindElement{SearchStrategyTestArgs}[819]" classname="com.dmooers.karate_chop.KarateChopTest" time="0"/>
  <testcase name="shouldFindElement{SearchStrategyTestArgs}[820]" classname="com.dmooers.karate_chop.KarateChopTest" time="0"/>
  <testcase name="shouldFindElement{SearchStrategyTestArgs}[821]" classname="com.dmooers.karate_chop.KarateChopTest" time="0"/>
  <testcase name="shouldFindElement{SearchStrategyTestArgs}[822]" classname="com.dmooers.karate_chop.KarateChopTest" time="0"/>
  <testcase name="shouldFindElement{SearchStrategyTestArgs}[823]" classname="com.dmooers.karate_chop.KarateChopTest" time="0.001"/>
  <testcase name="shouldFindElement{SearchStrategyTestArgs}[824]" classname="com.dmooers.karate_chop.KarateChopTest" time="0"/>
  <testcase name="shouldFindElement{SearchStrategyTestArgs}[825]" classname="com.dmooers.karate_chop.KarateChopTest" time="0"/>
  <testcase name="shouldFindElement{SearchStrategyTestArgs}[826]" classname="com.dmooers.karate_chop.KarateChopTest" time="0"/>
  <testcase name="shouldFindElement{SearchStrategyTestArgs}[827]" classname="com.dmooers.karate_chop.KarateChopTest" time="0"/>
  <testcase name="shouldFindElement{SearchStrategyTestArgs}[828]" classname="com.dmooers.karate_chop.KarateChopTest" time="0"/>
  <testcase name="shouldFindElement{SearchStrategyTestArgs}[829]" classname="com.dmooers.karate_chop.KarateChopTest" time="0"/>
  <testcase name="shouldFindElement{SearchStrategyTestArgs}[830]" classname="com.dmooers.karate_chop.KarateChopTest" time="0"/>
  <testcase name="shouldFindElement{SearchStrategyTestArgs}[831]" classname="com.dmooers.karate_chop.KarateChopTest" time="0"/>
  <testcase name="shouldFindElement{SearchStrategyTestArgs}[832]" classname="com.dmooers.karate_chop.KarateChopTest" time="0"/>
  <testcase name="shouldFindElement{SearchStrategyTestArgs}[833]" classname="com.dmooers.karate_chop.KarateChopTest" time="0"/>
  <testcase name="shouldFindElement{SearchStrategyTestArgs}[834]" classname="com.dmooers.karate_chop.KarateChopTest" time="0"/>
  <testcase name="shouldFindElement{SearchStrategyTestArgs}[835]" classname="com.dmooers.karate_chop.KarateChopTest" time="0"/>
  <testcase name="shouldFindElement{SearchStrategyTestArgs}[836]" classname="com.dmooers.karate_chop.KarateChopTest" time="0"/>
  <testcase name="shouldFindElement{SearchStrategyTestArgs}[837]" classname="com.dmooers.karate_chop.KarateChopTest" time="0"/>
  <testcase name="shouldFindElement{SearchStrategyTestArgs}[838]" classname="com.dmooers.karate_chop.KarateChopTest" time="0"/>
  <testcase name="shouldFindElement{SearchStrategyTestArgs}[839]" classname="com.dmooers.karate_chop.KarateChopTest" time="0.001"/>
  <testcase name="shouldFindElement{SearchStrategyTestArgs}[840]" classname="com.dmooers.karate_chop.KarateChopTest" time="0"/>
  <testcase name="shouldFindElement{SearchStrategyTestArgs}[841]" classname="com.dmooers.karate_chop.KarateChopTest" time="0"/>
  <testcase name="shouldFindElement{SearchStrategyTestArgs}[842]" classname="com.dmooers.karate_chop.KarateChopTest" time="0"/>
  <testcase name="shouldFindElement{SearchStrategyTestArgs}[843]" classname="com.dmooers.karate_chop.KarateChopTest" time="0"/>
  <testcase name="shouldFindElement{SearchStrategyTestArgs}[844]" classname="com.dmooers.karate_chop.KarateChopTest" time="0"/>
  <testcase name="shouldFindElement{SearchStrategyTestArgs}[845]" classname="com.dmooers.karate_chop.KarateChopTest" time="0"/>
  <testcase name="shouldFindElement{SearchStrategyTestArgs}[846]" classname="com.dmooers.karate_chop.KarateChopTest" time="0"/>
  <testcase name="shouldFindElement{SearchStrategyTestArgs}[847]" classname="com.dmooers.karate_chop.KarateChopTest" time="0"/>
  <testcase name="shouldFindElement{SearchStrategyTestArgs}[848]" classname="com.dmooers.karate_chop.KarateChopTest" time="0"/>
  <testcase name="shouldFindElement{SearchStrategyTestArgs}[849]" classname="com.dmooers.karate_chop.KarateChopTest" time="0"/>
  <testcase name="shouldFindElement{SearchStrategyTestArgs}[850]" classname="com.dmooers.karate_chop.KarateChopTest" time="0"/>
  <testcase name="shouldFindElement{SearchStrategyTestArgs}[851]" classname="com.dmooers.karate_chop.KarateChopTest" time="0"/>
  <testcase name="shouldFindElement{SearchStrategyTestArgs}[852]" classname="com.dmooers.karate_chop.KarateChopTest" time="0"/>
  <testcase name="shouldFindElement{SearchStrategyTestArgs}[853]" classname="com.dmooers.karate_chop.KarateChopTest" time="0"/>
  <testcase name="shouldFindElement{SearchStrategyTestArgs}[854]" classname="com.dmooers.karate_chop.KarateChopTest" time="0"/>
  <testcase name="shouldFindElement{SearchStrategyTestArgs}[855]" classname="com.dmooers.karate_chop.KarateChopTest" time="0"/>
  <testcase name="shouldFindElement{SearchStrategyTestArgs}[856]" classname="com.dmooers.karate_chop.KarateChopTest" time="0"/>
  <testcase name="shouldFindElement{SearchStrategyTestArgs}[857]" classname="com.dmooers.karate_chop.KarateChopTest" time="0"/>
  <testcase name="shouldFindElement{SearchStrategyTestArgs}[858]" classname="com.dmooers.karate_chop.KarateChopTest" time="0"/>
  <testcase name="shouldFindElement{SearchStrategyTestArgs}[859]" classname="com.dmooers.karate_chop.KarateChopTest" time="0"/>
  <testcase name="shouldFindElement{SearchStrategyTestArgs}[860]" classname="com.dmooers.karate_chop.KarateChopTest" time="0.001"/>
  <testcase name="shouldFindElement{SearchStrategyTestArgs}[861]" classname="com.dmooers.karate_chop.KarateChopTest" time="0"/>
  <testcase name="shouldFindElement{SearchStrategyTestArgs}[862]" classname="com.dmooers.karate_chop.KarateChopTest" time="0"/>
  <testcase name="shouldFindElement{SearchStrategyTestArgs}[863]" classname="com.dmooers.karate_chop.KarateChopTest" time="0"/>
  <testcase name="shouldFindElement{SearchStrategyTestArgs}[864]" classname="com.dmooers.karate_chop.KarateChopTest" time="0"/>
  <testcase name="shouldFindElement{SearchStrategyTestArgs}[865]" classname="com.dmooers.karate_chop.KarateChopTest" time="0"/>
  <testcase name="shouldFindElement{SearchStrategyTestArgs}[866]" classname="com.dmooers.karate_chop.KarateChopTest" time="0"/>
  <testcase name="shouldFindElement{SearchStrategyTestArgs}[867]" classname="com.dmooers.karate_chop.KarateChopTest" time="0"/>
  <testcase name="shouldFindElement{SearchStrategyTestArgs}[868]" classname="com.dmooers.karate_chop.KarateChopTest" time="0"/>
  <testcase name="shouldFindElement{SearchStrategyTestArgs}[869]" classname="com.dmooers.karate_chop.KarateChopTest" time="0"/>
  <testcase name="shouldFindElement{SearchStrategyTestArgs}[870]" classname="com.dmooers.karate_chop.KarateChopTest" time="0"/>
  <testcase name="shouldFindElement{SearchStrategyTestArgs}[871]" classname="com.dmooers.karate_chop.KarateChopTest" time="0"/>
  <testcase name="shouldFindElement{SearchStrategyTestArgs}[872]" classname="com.dmooers.karate_chop.KarateChopTest" time="0"/>
  <testcase name="shouldFindElement{SearchStrategyTestArgs}[873]" classname="com.dmooers.karate_chop.KarateChopTest" time="0"/>
  <testcase name="shouldFindElement{SearchStrategyTestArgs}[874]" classname="com.dmooers.karate_chop.KarateChopTest" time="0"/>
  <testcase name="shouldFindElement{SearchStrategyTestArgs}[875]" classname="com.dmooers.karate_chop.KarateChopTest" time="0"/>
  <testcase name="shouldFindElement{SearchStrategyTestArgs}[876]" classname="com.dmooers.karate_chop.KarateChopTest" time="0.001"/>
  <testcase name="shouldFindElement{SearchStrategyTestArgs}[877]" classname="com.dmooers.karate_chop.KarateChopTest" time="0"/>
  <testcase name="shouldFindElement{SearchStrategyTestArgs}[878]" classname="com.dmooers.karate_chop.KarateChopTest" time="0"/>
  <testcase name="shouldFindElement{SearchStrategyTestArgs}[879]" classname="com.dmooers.karate_chop.KarateChopTest" time="0"/>
  <testcase name="shouldFindElement{SearchStrategyTestArgs}[880]" classname="com.dmooers.karate_chop.KarateChopTest" time="0"/>
  <testcase name="shouldFindElement{SearchStrategyTestArgs}[881]" classname="com.dmooers.karate_chop.KarateChopTest" time="0"/>
  <testcase name="shouldFindElement{SearchStrategyTestArgs}[882]" classname="com.dmooers.karate_chop.KarateChopTest" time="0"/>
  <testcase name="shouldFindElement{SearchStrategyTestArgs}[883]" classname="com.dmooers.karate_chop.KarateChopTest" time="0"/>
  <testcase name="shouldFindElement{SearchStrategyTestArgs}[884]" classname="com.dmooers.karate_chop.KarateChopTest" time="0"/>
  <testcase name="shouldFindElement{SearchStrategyTestArgs}[885]" classname="com.dmooers.karate_chop.KarateChopTest" time="0"/>
  <testcase name="shouldFindElement{SearchStrategyTestArgs}[886]" classname="com.dmooers.karate_chop.KarateChopTest" time="0"/>
  <testcase name="shouldFindElement{SearchStrategyTestArgs}[887]" classname="com.dmooers.karate_chop.KarateChopTest" time="0"/>
  <testcase name="shouldFindElement{SearchStrategyTestArgs}[888]" classname="com.dmooers.karate_chop.KarateChopTest" time="0"/>
  <testcase name="shouldFindElement{SearchStrategyTestArgs}[889]" classname="com.dmooers.karate_chop.KarateChopTest" time="0"/>
  <testcase name="shouldFindElement{SearchStrategyTestArgs}[890]" classname="com.dmooers.karate_chop.KarateChopTest" time="0"/>
  <testcase name="shouldFindElement{SearchStrategyTestArgs}[891]" classname="com.dmooers.karate_chop.KarateChopTest" time="0"/>
  <testcase name="shouldFindElement{SearchStrategyTestArgs}[892]" classname="com.dmooers.karate_chop.KarateChopTest" time="0.001"/>
  <testcase name="shouldFindElement{SearchStrategyTestArgs}[893]" classname="com.dmooers.karate_chop.KarateChopTest" time="0"/>
  <testcase name="shouldFindElement{SearchStrategyTestArgs}[894]" classname="com.dmooers.karate_chop.KarateChopTest" time="0"/>
  <testcase name="shouldFindElement{SearchStrategyTestArgs}[895]" classname="com.dmooers.karate_chop.KarateChopTest" time="0"/>
  <testcase name="shouldFindElement{SearchStrategyTestArgs}[896]" classname="com.dmooers.karate_chop.KarateChopTest" time="0"/>
  <testcase name="shouldFindElement{SearchStrategyTestArgs}[897]" classname="com.dmooers.karate_chop.KarateChopTest" time="0"/>
  <testcase name="shouldFindElement{SearchStrategyTestArgs}[898]" classname="com.dmooers.karate_chop.KarateChopTest" time="0"/>
  <testcase name="shouldFindElement{SearchStrategyTestArgs}[899]" classname="com.dmooers.karate_chop.KarateChopTest" time="0"/>
  <testcase name="shouldFindElement{SearchStrategyTestArgs}[900]" classname="com.dmooers.karate_chop.KarateChopTest" time="0"/>
  <testcase name="shouldFindElement{SearchStrategyTestArgs}[901]" classname="com.dmooers.karate_chop.KarateChopTest" time="0"/>
  <testcase name="shouldFindElement{SearchStrategyTestArgs}[902]" classname="com.dmooers.karate_chop.KarateChopTest" time="0"/>
  <testcase name="shouldFindElement{SearchStrategyTestArgs}[903]" classname="com.dmooers.karate_chop.KarateChopTest" time="0"/>
  <testcase name="shouldFindElement{SearchStrategyTestArgs}[904]" classname="com.dmooers.karate_chop.KarateChopTest" time="0"/>
  <testcase name="shouldFindElement{SearchStrategyTestArgs}[905]" classname="com.dmooers.karate_chop.KarateChopTest" time="0"/>
  <testcase name="shouldFindElement{SearchStrategyTestArgs}[906]" classname="com.dmooers.karate_chop.KarateChopTest" time="0"/>
  <testcase name="shouldFindElement{SearchStrategyTestArgs}[907]" classname="com.dmooers.karate_chop.KarateChopTest" time="0"/>
  <testcase name="shouldFindElement{SearchStrategyTestArgs}[908]" classname="com.dmooers.karate_chop.KarateChopTest" time="0"/>
  <testcase name="shouldFindElement{SearchStrategyTestArgs}[909]" classname="com.dmooers.karate_chop.KarateChopTest" time="0"/>
  <testcase name="shouldFindElement{SearchStrategyTestArgs}[910]" classname="com.dmooers.karate_chop.KarateChopTest" time="0"/>
  <testcase name="shouldFindElement{SearchStrategyTestArgs}[911]" classname="com.dmooers.karate_chop.KarateChopTest" time="0"/>
  <testcase name="shouldFindElement{SearchStrategyTestArgs}[912]" classname="com.dmooers.karate_chop.KarateChopTest" time="0.001"/>
  <testcase name="shouldFindElement{SearchStrategyTestArgs}[913]" classname="com.dmooers.karate_chop.KarateChopTest" time="0"/>
  <testcase name="shouldFindElement{SearchStrategyTestArgs}[914]" classname="com.dmooers.karate_chop.KarateChopTest" time="0"/>
  <testcase name="shouldFindElement{SearchStrategyTestArgs}[915]" classname="com.dmooers.karate_chop.KarateChopTest" time="0"/>
  <testcase name="shouldFindElement{SearchStrategyTestArgs}[916]" classname="com.dmooers.karate_chop.KarateChopTest" time="0"/>
  <testcase name="shouldFindElement{SearchStrategyTestArgs}[917]" classname="com.dmooers.karate_chop.KarateChopTest" time="0"/>
  <testcase name="shouldFindElement{SearchStrategyTestArgs}[918]" classname="com.dmooers.karate_chop.KarateChopTest" time="0"/>
  <testcase name="shouldFindElement{SearchStrategyTestArgs}[919]" classname="com.dmooers.karate_chop.KarateChopTest" time="0"/>
  <testcase name="shouldFindElement{SearchStrategyTestArgs}[920]" classname="com.dmooers.karate_chop.KarateChopTest" time="0"/>
  <testcase name="shouldFindElement{SearchStrategyTestArgs}[921]" classname="com.dmooers.karate_chop.KarateChopTest" time="0"/>
  <testcase name="shouldFindElement{SearchStrategyTestArgs}[922]" classname="com.dmooers.karate_chop.KarateChopTest" time="0"/>
  <testcase name="shouldFindElement{SearchStrategyTestArgs}[923]" classname="com.dmooers.karate_chop.KarateChopTest" time="0.001"/>
  <testcase name="shouldFindElement{SearchStrategyTestArgs}[924]" classname="com.dmooers.karate_chop.KarateChopTest" time="0"/>
  <testcase name="shouldFindElement{SearchStrategyTestArgs}[925]" classname="com.dmooers.karate_chop.KarateChopTest" time="0"/>
  <testcase name="shouldFindElement{SearchStrategyTestArgs}[926]" classname="com.dmooers.karate_chop.KarateChopTest" time="0"/>
  <testcase name="shouldFindElement{SearchStrategyTestArgs}[927]" classname="com.dmooers.karate_chop.KarateChopTest" time="0"/>
  <testcase name="shouldFindElement{SearchStrategyTestArgs}[928]" classname="com.dmooers.karate_chop.KarateChopTest" time="0"/>
  <testcase name="shouldFindElement{SearchStrategyTestArgs}[929]" classname="com.dmooers.karate_chop.KarateChopTest" time="0.001"/>
  <testcase name="shouldFindElement{SearchStrategyTestArgs}[930]" classname="com.dmooers.karate_chop.KarateChopTest" time="0"/>
  <testcase name="shouldFindElement{SearchStrategyTestArgs}[931]" classname="com.dmooers.karate_chop.KarateChopTest" time="0"/>
  <testcase name="shouldFindElement{SearchStrategyTestArgs}[932]" classname="com.dmooers.karate_chop.KarateChopTest" time="0"/>
  <testcase name="shouldFindElement{SearchStrategyTestArgs}[933]" classname="com.dmooers.karate_chop.KarateChopTest" time="0"/>
  <testcase name="shouldFindElement{SearchStrategyTestArgs}[934]" classname="com.dmooers.karate_chop.KarateChopTest" time="0"/>
  <testcase name="shouldFindElement{SearchStrategyTestArgs}[935]" classname="com.dmooers.karate_chop.KarateChopTest" time="0"/>
  <testcase name="shouldFindElement{SearchStrategyTestArgs}[936]" classname="com.dmooers.karate_chop.KarateChopTest" time="0"/>
  <testcase name="shouldFindElement{SearchStrategyTestArgs}[937]" classname="com.dmooers.karate_chop.KarateChopTest" time="0"/>
  <testcase name="shouldFindElement{SearchStrategyTestArgs}[938]" classname="com.dmooers.karate_chop.KarateChopTest" time="0"/>
  <testcase name="shouldFindElement{SearchStrategyTestArgs}[939]" classname="com.dmooers.karate_chop.KarateChopTest" time="0"/>
  <testcase name="shouldFindElement{SearchStrategyTestArgs}[940]" classname="com.dmooers.karate_chop.KarateChopTest" time="0.001"/>
  <testcase name="shouldFindElement{SearchStrategyTestArgs}[941]" classname="com.dmooers.karate_chop.KarateChopTest" time="0"/>
  <testcase name="shouldFindElement{SearchStrategyTestArgs}[942]" classname="com.dmooers.karate_chop.KarateChopTest" time="0"/>
  <testcase name="shouldFindElement{SearchStrategyTestArgs}[943]" classname="com.dmooers.karate_chop.KarateChopTest" time="0"/>
  <testcase name="shouldFindElement{SearchStrategyTestArgs}[944]" classname="com.dmooers.karate_chop.KarateChopTest" time="0"/>
  <testcase name="shouldFindElement{SearchStrategyTestArgs}[945]" classname="com.dmooers.karate_chop.KarateChopTest" time="0"/>
  <testcase name="shouldFindElement{SearchStrategyTestArgs}[946]" classname="com.dmooers.karate_chop.KarateChopTest" time="0"/>
  <testcase name="shouldFindElement{SearchStrategyTestArgs}[947]" classname="com.dmooers.karate_chop.KarateChopTest" time="0"/>
  <testcase name="shouldFindElement{SearchStrategyTestArgs}[948]" classname="com.dmooers.karate_chop.KarateChopTest" time="0"/>
  <testcase name="shouldFindElement{SearchStrategyTestArgs}[949]" classname="com.dmooers.karate_chop.KarateChopTest" time="0"/>
  <testcase name="shouldFindElement{SearchStrategyTestArgs}[950]" classname="com.dmooers.karate_chop.KarateChopTest" time="0"/>
  <testcase name="shouldFindElement{SearchStrategyTestArgs}[951]" classname="com.dmooers.karate_chop.KarateChopTest" time="0"/>
  <testcase name="shouldFindElement{SearchStrategyTestArgs}[952]" classname="com.dmooers.karate_chop.KarateChopTest" time="0"/>
  <testcase name="shouldFindElement{SearchStrategyTestArgs}[953]" classname="com.dmooers.karate_chop.KarateChopTest" time="0"/>
  <testcase name="shouldFindElement{SearchStrategyTestArgs}[954]" classname="com.dmooers.karate_chop.KarateChopTest" time="0"/>
  <testcase name="shouldFindElement{SearchStrategyTestArgs}[955]" classname="com.dmooers.karate_chop.KarateChopTest" time="0"/>
  <testcase name="shouldFindElement{SearchStrategyTestArgs}[956]" classname="com.dmooers.karate_chop.KarateChopTest" time="0.001"/>
  <testcase name="shouldFindElement{SearchStrategyTestArgs}[957]" classname="com.dmooers.karate_chop.KarateChopTest" time="0"/>
  <testcase name="shouldFindElement{SearchStrategyTestArgs}[958]" classname="com.dmooers.karate_chop.KarateChopTest" time="0"/>
  <testcase name="shouldFindElement{SearchStrategyTestArgs}[959]" classname="com.dmooers.karate_chop.KarateChopTest" time="0"/>
  <testcase name="shouldFindElement{SearchStrategyTestArgs}[960]" classname="com.dmooers.karate_chop.KarateChopTest" time="0"/>
  <testcase name="shouldFindElement{SearchStrategyTestArgs}[961]" classname="com.dmooers.karate_chop.KarateChopTest" time="0.001"/>
  <testcase name="shouldFindElement{SearchStrategyTestArgs}[962]" classname="com.dmooers.karate_chop.KarateChopTest" time="0"/>
  <testcase name="shouldFindElement{SearchStrategyTestArgs}[963]" classname="com.dmooers.karate_chop.KarateChopTest" time="0"/>
  <testcase name="shouldFindElement{SearchStrategyTestArgs}[964]" classname="com.dmooers.karate_chop.KarateChopTest" time="0"/>
  <testcase name="shouldFindElement{SearchStrategyTestArgs}[965]" classname="com.dmooers.karate_chop.KarateChopTest" time="0"/>
  <testcase name="shouldFindElement{SearchStrategyTestArgs}[966]" classname="com.dmooers.karate_chop.KarateChopTest" time="0"/>
  <testcase name="shouldFindElement{SearchStrategyTestArgs}[967]" classname="com.dmooers.karate_chop.KarateChopTest" time="0"/>
  <testcase name="shouldFindElement{SearchStrategyTestArgs}[968]" classname="com.dmooers.karate_chop.KarateChopTest" time="0"/>
  <testcase name="shouldFindElement{SearchStrategyTestArgs}[969]" classname="com.dmooers.karate_chop.KarateChopTest" time="0"/>
  <testcase name="shouldFindElement{SearchStrategyTestArgs}[970]" classname="com.dmooers.karate_chop.KarateChopTest" time="0"/>
  <testcase name="shouldFindElement{SearchStrategyTestArgs}[971]" classname="com.dmooers.karate_chop.KarateChopTest" time="0"/>
  <testcase name="shouldFindElement{SearchStrategyTestArgs}[972]" classname="com.dmooers.karate_chop.KarateChopTest" time="0.001"/>
  <testcase name="shouldFindElement{SearchStrategyTestArgs}[973]" classname="com.dmooers.karate_chop.KarateChopTest" time="0"/>
  <testcase name="shouldFindElement{SearchStrategyTestArgs}[974]" classname="com.dmooers.karate_chop.KarateChopTest" time="0"/>
  <testcase name="shouldFindElement{SearchStrategyTestArgs}[975]" classname="com.dmooers.karate_chop.KarateChopTest" time="0"/>
  <testcase name="shouldFindElement{SearchStrategyTestArgs}[976]" classname="com.dmooers.karate_chop.KarateChopTest" time="0"/>
  <testcase name="shouldFindElement{SearchStrategyTestArgs}[977]" classname="com.dmooers.karate_chop.KarateChopTest" time="0"/>
  <testcase name="shouldFindElement{SearchStrategyTestArgs}[978]" classname="com.dmooers.karate_chop.KarateChopTest" time="0"/>
  <testcase name="shouldFindElement{SearchStrategyTestArgs}[979]" classname="com.dmooers.karate_chop.KarateChopTest" time="0"/>
  <testcase name="shouldFindElement{SearchStrategyTestArgs}[980]" classname="com.dmooers.karate_chop.KarateChopTest" time="0"/>
  <testcase name="shouldFindElement{SearchStrategyTestArgs}[981]" classname="com.dmooers.karate_chop.KarateChopTest" time="0"/>
  <testcase name="shouldFindElement{SearchStrategyTestArgs}[982]" classname="com.dmooers.karate_chop.KarateChopTest" time="0"/>
  <testcase name="shouldFindElement{SearchStrategyTestArgs}[983]" classname="com.dmooers.karate_chop.KarateChopTest" time="0.001"/>
  <testcase name="shouldFindElement{SearchStrategyTestArgs}[984]" classname="com.dmooers.karate_chop.KarateChopTest" time="0"/>
  <testcase name="shouldFindElement{SearchStrategyTestArgs}[985]" classname="com.dmooers.karate_chop.KarateChopTest" time="0"/>
  <testcase name="shouldFindElement{SearchStrategyTestArgs}[986]" classname="com.dmooers.karate_chop.KarateChopTest" time="0"/>
  <testcase name="shouldFindElement{SearchStrategyTestArgs}[987]" classname="com.dmooers.karate_chop.KarateChopTest" time="0"/>
  <testcase name="shouldFindElement{SearchStrategyTestArgs}[988]" classname="com.dmooers.karate_chop.KarateChopTest" time="0"/>
  <testcase name="shouldFindElement{SearchStrategyTestArgs}[989]" classname="com.dmooers.karate_chop.KarateChopTest" time="0"/>
  <testcase name="shouldFindElement{SearchStrategyTestArgs}[990]" classname="com.dmooers.karate_chop.KarateChopTest" time="0"/>
  <testcase name="shouldFindElement{SearchStrategyTestArgs}[991]" classname="com.dmooers.karate_chop.KarateChopTest" time="0"/>
  <testcase name="shouldFindElement{SearchStrategyTestArgs}[992]" classname="com.dmooers.karate_chop.KarateChopTest" time="0"/>
  <testcase name="shouldFindElement{SearchStrategyTestArgs}[993]" classname="com.dmooers.karate_chop.KarateChopTest" time="0"/>
  <testcase name="shouldFindElement{SearchStrategyTestArgs}[994]" classname="com.dmooers.karate_chop.KarateChopTest" time="0.001"/>
  <testcase name="shouldFindElement{SearchStrategyTestArgs}[995]" classname="com.dmooers.karate_chop.KarateChopTest" time="0"/>
  <testcase name="shouldFindElement{SearchStrategyTestArgs}[996]" classname="com.dmooers.karate_chop.KarateChopTest" time="0.001"/>
  <testcase name="shouldFindElement{SearchStrategyTestArgs}[997]" classname="com.dmooers.karate_chop.KarateChopTest" time="0"/>
  <testcase name="shouldFindElement{SearchStrategyTestArgs}[998]" classname="com.dmooers.karate_chop.KarateChopTest" time="0"/>
  <testcase name="shouldFindElement{SearchStrategyTestArgs}[999]" classname="com.dmooers.karate_chop.KarateChopTest" time="0"/>
  <testcase name="shouldFindElement{SearchStrategyTestArgs}[1000]" classname="com.dmooers.karate_chop.KarateChopTest" time="0"/>
  <testcase name="shouldFindElement{SearchStrategyTestArgs}[1001]" classname="com.dmooers.karate_chop.KarateChopTest" time="0"/>
  <testcase name="shouldFindElement{SearchStrategyTestArgs}[1002]" classname="com.dmooers.karate_chop.KarateChopTest" time="0"/>
  <testcase name="shouldFindElement{SearchStrategyTestArgs}[1003]" classname="com.dmooers.karate_chop.KarateChopTest" time="0"/>
  <testcase name="shouldFindElement{SearchStrategyTestArgs}[1004]" classname="com.dmooers.karate_chop.KarateChopTest" time="0"/>
  <testcase name="shouldFindElement{SearchStrategyTestArgs}[1005]" classname="com.dmooers.karate_chop.KarateChopTest" time="0"/>
  <testcase name="shouldFindElement{SearchStrategyTestArgs}[1006]" classname="com.dmooers.karate_chop.KarateChopTest" time="0"/>
  <testcase name="shouldFindElement{SearchStrategyTestArgs}[1007]" classname="com.dmooers.karate_chop.KarateChopTest" time="0"/>
  <testcase name="shouldFindElement{SearchStrategyTestArgs}[1008]" classname="com.dmooers.karate_chop.KarateChopTest" time="0"/>
  <testcase name="shouldFindElement{SearchStrategyTestArgs}[1009]" classname="com.dmooers.karate_chop.KarateChopTest" time="0"/>
  <testcase name="shouldFindElement{SearchStrategyTestArgs}[1010]" classname="com.dmooers.karate_chop.KarateChopTest" time="0"/>
  <testcase name="shouldFindElement{SearchStrategyTestArgs}[1011]" classname="com.dmooers.karate_chop.KarateChopTest" time="0"/>
  <testcase name="shouldFindElement{SearchStrategyTestArgs}[1012]" classname="com.dmooers.karate_chop.KarateChopTest" time="0"/>
  <testcase name="shouldFindElement{SearchStrategyTestArgs}[1013]" classname="com.dmooers.karate_chop.KarateChopTest" time="0"/>
  <testcase name="shouldFindElement{SearchStrategyTestArgs}[1014]" classname="com.dmooers.karate_chop.KarateChopTest" time="0"/>
  <testcase name="shouldFindElement{SearchStrategyTestArgs}[1015]" classname="com.dmooers.karate_chop.KarateChopTest" time="0"/>
  <testcase name="shouldFindElement{SearchStrategyTestArgs}[1016]" classname="com.dmooers.karate_chop.KarateChopTest" time="0"/>
  <testcase name="shouldFindElement{SearchStrategyTestArgs}[1017]" classname="com.dmooers.karate_chop.KarateChopTest" time="0"/>
  <testcase name="shouldFindElement{SearchStrategyTestArgs}[1018]" classname="com.dmooers.karate_chop.KarateChopTest" time="0"/>
  <testcase name="shouldFindElement{SearchStrategyTestArgs}[1019]" classname="com.dmooers.karate_chop.KarateChopTest" time="0"/>
  <testcase name="shouldFindElement{SearchStrategyTestArgs}[1020]" classname="com.dmooers.karate_chop.KarateChopTest" time="0"/>
  <testcase name="shouldFindElement{SearchStrategyTestArgs}[1021]" classname="com.dmooers.karate_chop.KarateChopTest" time="0"/>
  <testcase name="shouldFindElement{SearchStrategyTestArgs}[1022]" classname="com.dmooers.karate_chop.KarateChopTest" time="0.001"/>
  <testcase name="shouldFindElement{SearchStrategyTestArgs}[1023]" classname="com.dmooers.karate_chop.KarateChopTest" time="0"/>
  <testcase name="shouldFindElement{SearchStrategyTestArgs}[1024]" classname="com.dmooers.karate_chop.KarateChopTest" time="0"/>
  <testcase name="shouldFindElement{SearchStrategyTestArgs}[1025]" classname="com.dmooers.karate_chop.KarateChopTest" time="0"/>
  <testcase name="shouldFindElement{SearchStrategyTestArgs}[1026]" classname="com.dmooers.karate_chop.KarateChopTest" time="0"/>
  <testcase name="shouldFindElement{SearchStrategyTestArgs}[1027]" classname="com.dmooers.karate_chop.KarateChopTest" time="0"/>
  <testcase name="shouldFindElement{SearchStrategyTestArgs}[1028]" classname="com.dmooers.karate_chop.KarateChopTest" time="0"/>
  <testcase name="shouldFindElement{SearchStrategyTestArgs}[1029]" classname="com.dmooers.karate_chop.KarateChopTest" time="0"/>
  <testcase name="shouldFindElement{SearchStrategyTestArgs}[1030]" classname="com.dmooers.karate_chop.KarateChopTest" time="0"/>
  <testcase name="shouldFindElement{SearchStrategyTestArgs}[1031]" classname="com.dmooers.karate_chop.KarateChopTest" time="0"/>
  <testcase name="shouldFindElement{SearchStrategyTestArgs}[1032]" classname="com.dmooers.karate_chop.KarateChopTest" time="0"/>
  <testcase name="shouldFindElement{SearchStrategyTestArgs}[1033]" classname="com.dmooers.karate_chop.KarateChopTest" time="0"/>
  <testcase name="shouldFindElement{SearchStrategyTestArgs}[1034]" classname="com.dmooers.karate_chop.KarateChopTest" time="0"/>
  <testcase name="shouldFindElement{SearchStrategyTestArgs}[1035]" classname="com.dmooers.karate_chop.KarateChopTest" time="0"/>
  <testcase name="shouldFindElement{SearchStrategyTestArgs}[1036]" classname="com.dmooers.karate_chop.KarateChopTest" time="0"/>
  <testcase name="shouldFindElement{SearchStrategyTestArgs}[1037]" classname="com.dmooers.karate_chop.KarateChopTest" time="0"/>
  <testcase name="shouldFindElement{SearchStrategyTestArgs}[1038]" classname="com.dmooers.karate_chop.KarateChopTest" time="0"/>
  <testcase name="shouldFindElement{SearchStrategyTestArgs}[1039]" classname="com.dmooers.karate_chop.KarateChopTest" time="0"/>
  <testcase name="shouldFindElement{SearchStrategyTestArgs}[1040]" classname="com.dmooers.karate_chop.KarateChopTest" time="0"/>
  <testcase name="shouldFindElement{SearchStrategyTestArgs}[1041]" classname="com.dmooers.karate_chop.KarateChopTest" time="0"/>
  <testcase name="shouldFindElement{SearchStrategyTestArgs}[1042]" classname="com.dmooers.karate_chop.KarateChopTest" time="0"/>
  <testcase name="shouldFindElement{SearchStrategyTestArgs}[1043]" classname="com.dmooers.karate_chop.KarateChopTest" time="0"/>
  <testcase name="shouldFindElement{SearchStrategyTestArgs}[1044]" classname="com.dmooers.karate_chop.KarateChopTest" time="0"/>
  <testcase name="shouldFindElement{SearchStrategyTestArgs}[1045]" classname="com.dmooers.karate_chop.KarateChopTest" time="0"/>
  <testcase name="shouldFindElement{SearchStrategyTestArgs}[1046]" classname="com.dmooers.karate_chop.KarateChopTest" time="0"/>
  <testcase name="shouldFindElement{SearchStrategyTestArgs}[1047]" classname="com.dmooers.karate_chop.KarateChopTest" time="0"/>
  <testcase name="shouldFindElement{SearchStrategyTestArgs}[1048]" classname="com.dmooers.karate_chop.KarateChopTest" time="0.001"/>
  <testcase name="shouldFindElement{SearchStrategyTestArgs}[1049]" classname="com.dmooers.karate_chop.KarateChopTest" time="0"/>
  <testcase name="shouldFindElement{SearchStrategyTestArgs}[1050]" classname="com.dmooers.karate_chop.KarateChopTest" time="0"/>
  <testcase name="shouldFindElement{SearchStrategyTestArgs}[1051]" classname="com.dmooers.karate_chop.KarateChopTest" time="0"/>
  <testcase name="shouldFindElement{SearchStrategyTestArgs}[1052]" classname="com.dmooers.karate_chop.KarateChopTest" time="0"/>
  <testcase name="shouldFindElement{SearchStrategyTestArgs}[1053]" classname="com.dmooers.karate_chop.KarateChopTest" time="0"/>
  <testcase name="shouldFindElement{SearchStrategyTestArgs}[1054]" classname="com.dmooers.karate_chop.KarateChopTest" time="0"/>
  <testcase name="shouldFindElement{SearchStrategyTestArgs}[1055]" classname="com.dmooers.karate_chop.KarateChopTest" time="0"/>
  <testcase name="shouldFindElement{SearchStrategyTestArgs}[1056]" classname="com.dmooers.karate_chop.KarateChopTest" time="0"/>
  <testcase name="shouldFindElement{SearchStrategyTestArgs}[1057]" classname="com.dmooers.karate_chop.KarateChopTest" time="0"/>
  <testcase name="shouldFindElement{SearchStrategyTestArgs}[1058]" classname="com.dmooers.karate_chop.KarateChopTest" time="0"/>
  <testcase name="shouldFindElement{SearchStrategyTestArgs}[1059]" classname="com.dmooers.karate_chop.KarateChopTest" time="0"/>
  <testcase name="shouldFindElement{SearchStrategyTestArgs}[1060]" classname="com.dmooers.karate_chop.KarateChopTest" time="0"/>
  <testcase name="shouldFindElement{SearchStrategyTestArgs}[1061]" classname="com.dmooers.karate_chop.KarateChopTest" time="0"/>
  <testcase name="shouldFindElement{SearchStrategyTestArgs}[1062]" classname="com.dmooers.karate_chop.KarateChopTest" time="0"/>
  <testcase name="shouldFindElement{SearchStrategyTestArgs}[1063]" classname="com.dmooers.karate_chop.KarateChopTest" time="0"/>
  <testcase name="shouldFindElement{SearchStrategyTestArgs}[1064]" classname="com.dmooers.karate_chop.KarateChopTest" time="0"/>
  <testcase name="shouldFindElement{SearchStrategyTestArgs}[1065]" classname="com.dmooers.karate_chop.KarateChopTest" time="0"/>
  <testcase name="shouldFindElement{SearchStrategyTestArgs}[1066]" classname="com.dmooers.karate_chop.KarateChopTest" time="0"/>
  <testcase name="shouldFindElement{SearchStrategyTestArgs}[1067]" classname="com.dmooers.karate_chop.KarateChopTest" time="0.001"/>
  <testcase name="shouldFindElement{SearchStrategyTestArgs}[1068]" classname="com.dmooers.karate_chop.KarateChopTest" time="0"/>
  <testcase name="shouldFindElement{SearchStrategyTestArgs}[1069]" classname="com.dmooers.karate_chop.KarateChopTest" time="0"/>
  <testcase name="shouldFindElement{SearchStrategyTestArgs}[1070]" classname="com.dmooers.karate_chop.KarateChopTest" time="0"/>
  <testcase name="shouldFindElement{SearchStrategyTestArgs}[1071]" classname="com.dmooers.karate_chop.KarateChopTest" time="0"/>
  <testcase name="shouldFindElement{SearchStrategyTestArgs}[1072]" classname="com.dmooers.karate_chop.KarateChopTest" time="0"/>
  <testcase name="shouldFindElement{SearchStrategyTestArgs}[1073]" classname="com.dmooers.karate_chop.KarateChopTest" time="0"/>
  <testcase name="shouldFindElement{SearchStrategyTestArgs}[1074]" classname="com.dmooers.karate_chop.KarateChopTest" time="0"/>
  <testcase name="shouldFindElement{SearchStrategyTestArgs}[1075]" classname="com.dmooers.karate_chop.KarateChopTest" time="0"/>
  <testcase name="shouldFindElement{SearchStrategyTestArgs}[1076]" classname="com.dmooers.karate_chop.KarateChopTest" time="0"/>
  <testcase name="shouldFindElement{SearchStrategyTestArgs}[1077]" classname="com.dmooers.karate_chop.KarateChopTest" time="0"/>
  <testcase name="shouldFindElement{SearchStrategyTestArgs}[1078]" classname="com.dmooers.karate_chop.KarateChopTest" time="0"/>
  <testcase name="shouldFindElement{SearchStrategyTestArgs}[1079]" classname="com.dmooers.karate_chop.KarateChopTest" time="0"/>
  <testcase name="shouldFindElement{SearchStrategyTestArgs}[1080]" classname="com.dmooers.karate_chop.KarateChopTest" time="0.001"/>
  <testcase name="shouldFindElement{SearchStrategyTestArgs}[1081]" classname="com.dmooers.karate_chop.KarateChopTest" time="0"/>
  <testcase name="shouldFindElement{SearchStrategyTestArgs}[1082]" classname="com.dmooers.karate_chop.KarateChopTest" time="0"/>
  <testcase name="shouldFindElement{SearchStrategyTestArgs}[1083]" classname="com.dmooers.karate_chop.KarateChopTest" time="0"/>
  <testcase name="shouldFindElement{SearchStrategyTestArgs}[1084]" classname="com.dmooers.karate_chop.KarateChopTest" time="0"/>
  <testcase name="shouldFindElement{SearchStrategyTestArgs}[1085]" classname="com.dmooers.karate_chop.KarateChopTest" time="0"/>
  <testcase name="shouldFindElement{SearchStrategyTestArgs}[1086]" classname="com.dmooers.karate_chop.KarateChopTest" time="0"/>
  <testcase name="shouldFindElement{SearchStrategyTestArgs}[1087]" classname="com.dmooers.karate_chop.KarateChopTest" time="0"/>
  <testcase name="shouldFindElement{SearchStrategyTestArgs}[1088]" classname="com.dmooers.karate_chop.KarateChopTest" time="0"/>
  <testcase name="shouldFindElement{SearchStrategyTestArgs}[1089]" classname="com.dmooers.karate_chop.KarateChopTest" time="0"/>
  <testcase name="shouldFindElement{SearchStrategyTestArgs}[1090]" classname="com.dmooers.karate_chop.KarateChopTest" time="0"/>
  <testcase name="shouldFindElement{SearchStrategyTestArgs}[1091]" classname="com.dmooers.karate_chop.KarateChopTest" time="0"/>
  <testcase name="shouldFindElement{SearchStrategyTestArgs}[1092]" classname="com.dmooers.karate_chop.KarateChopTest" time="0"/>
  <testcase name="shouldFindElement{SearchStrategyTestArgs}[1093]" classname="com.dmooers.karate_chop.KarateChopTest" time="0"/>
  <testcase name="shouldFindElement{SearchStrategyTestArgs}[1094]" classname="com.dmooers.karate_chop.KarateChopTest" time="0"/>
  <testcase name="shouldFindElement{SearchStrategyTestArgs}[1095]" classname="com.dmooers.karate_chop.KarateChopTest" time="0"/>
  <testcase name="shouldFindElement{SearchStrategyTestArgs}[1096]" classname="com.dmooers.karate_chop.KarateChopTest" time="0"/>
  <testcase name="shouldFindElement{SearchStrategyTestArgs}[1097]" classname="com.dmooers.karate_chop.KarateChopTest" time="0.001"/>
  <testcase name="shouldFindElement{SearchStrategyTestArgs}[1098]" classname="com.dmooers.karate_chop.KarateChopTest" time="0"/>
  <testcase name="shouldFindElement{SearchStrategyTestArgs}[1099]" classname="com.dmooers.karate_chop.KarateChopTest" time="0"/>
  <testcase name="shouldFindElement{SearchStrategyTestArgs}[1100]" classname="com.dmooers.karate_chop.KarateChopTest" time="0"/>
  <testcase name="shouldFindElement{SearchStrategyTestArgs}[1101]" classname="com.dmooers.karate_chop.KarateChopTest" time="0"/>
  <testcase name="shouldFindElement{SearchStrategyTestArgs}[1102]" classname="com.dmooers.karate_chop.KarateChopTest" time="0"/>
  <testcase name="shouldFindElement{SearchStrategyTestArgs}[1103]" classname="com.dmooers.karate_chop.KarateChopTest" time="0.001"/>
  <testcase name="shouldFindElement{SearchStrategyTestArgs}[1104]" classname="com.dmooers.karate_chop.KarateChopTest" time="0"/>
  <testcase name="shouldFindElement{SearchStrategyTestArgs}[1105]" classname="com.dmooers.karate_chop.KarateChopTest" time="0"/>
  <testcase name="shouldFindElement{SearchStrategyTestArgs}[1106]" classname="com.dmooers.karate_chop.KarateChopTest" time="0"/>
  <testcase name="shouldFindElement{SearchStrategyTestArgs}[1107]" classname="com.dmooers.karate_chop.KarateChopTest" time="0"/>
  <testcase name="shouldFindElement{SearchStrategyTestArgs}[1108]" classname="com.dmooers.karate_chop.KarateChopTest" time="0"/>
  <testcase name="shouldFindElement{SearchStrategyTestArgs}[1109]" classname="com.dmooers.karate_chop.KarateChopTest" time="0"/>
  <testcase name="shouldFindElement{SearchStrategyTestArgs}[1110]" classname="com.dmooers.karate_chop.KarateChopTest" time="0"/>
  <testcase name="shouldFindElement{SearchStrategyTestArgs}[1111]" classname="com.dmooers.karate_chop.KarateChopTest" time="0"/>
  <testcase name="shouldFindElement{SearchStrategyTestArgs}[1112]" classname="com.dmooers.karate_chop.KarateChopTest" time="0"/>
  <testcase name="shouldFindElement{SearchStrategyTestArgs}[1113]" classname="com.dmooers.karate_chop.KarateChopTest" time="0"/>
  <testcase name="shouldFindElement{SearchStrategyTestArgs}[1114]" classname="com.dmooers.karate_chop.KarateChopTest" time="0"/>
  <testcase name="shouldFindElement{SearchStrategyTestArgs}[1115]" classname="com.dmooers.karate_chop.KarateChopTest" time="0"/>
  <testcase name="shouldFindElement{SearchStrategyTestArgs}[1116]" classname="com.dmooers.karate_chop.KarateChopTest" time="0.001"/>
  <testcase name="shouldFindElement{SearchStrategyTestArgs}[1117]" classname="com.dmooers.karate_chop.KarateChopTest" time="0"/>
  <testcase name="shouldFindElement{SearchStrategyTestArgs}[1118]" classname="com.dmooers.karate_chop.KarateChopTest" time="0"/>
  <testcase name="shouldFindElement{SearchStrategyTestArgs}[1119]" classname="com.dmooers.karate_chop.KarateChopTest" time="0"/>
  <testcase name="shouldFindElement{SearchStrategyTestArgs}[1120]" classname="com.dmooers.karate_chop.KarateChopTest" time="0"/>
  <testcase name="shouldFindElement{SearchStrategyTestArgs}[1121]" classname="com.dmooers.karate_chop.KarateChopTest" time="0"/>
  <testcase name="shouldFindElement{SearchStrategyTestArgs}[1122]" classname="com.dmooers.karate_chop.KarateChopTest" time="0"/>
  <testcase name="shouldFindElement{SearchStrategyTestArgs}[1123]" classname="com.dmooers.karate_chop.KarateChopTest" time="0"/>
  <testcase name="shouldFindElement{SearchStrategyTestArgs}[1124]" classname="com.dmooers.karate_chop.KarateChopTest" time="0"/>
  <testcase name="shouldFindElement{SearchStrategyTestArgs}[1125]" classname="com.dmooers.karate_chop.KarateChopTest" time="0"/>
  <testcase name="shouldFindElement{SearchStrategyTestArgs}[1126]" classname="com.dmooers.karate_chop.KarateChopTest" time="0"/>
  <testcase name="shouldFindElement{SearchStrategyTestArgs}[1127]" classname="com.dmooers.karate_chop.KarateChopTest" time="0"/>
  <testcase name="shouldFindElement{SearchStrategyTestArgs}[1128]" classname="com.dmooers.karate_chop.KarateChopTest" time="0"/>
  <testcase name="shouldFindElement{SearchStrategyTestArgs}[1129]" classname="com.dmooers.karate_chop.KarateChopTest" time="0"/>
  <testcase name="shouldFindElement{SearchStrategyTestArgs}[1130]" classname="com.dmooers.karate_chop.KarateChopTest" time="0"/>
  <testcase name="shouldFindElement{SearchStrategyTestArgs}[1131]" classname="com.dmooers.karate_chop.KarateChopTest" time="0"/>
  <testcase name="shouldFindElement{SearchStrategyTestArgs}[1132]" classname="com.dmooers.karate_chop.KarateChopTest" time="0"/>
  <testcase name="shouldFindElement{SearchStrategyTestArgs}[1133]" classname="com.dmooers.karate_chop.KarateChopTest" time="0"/>
  <testcase name="shouldFindElement{SearchStrategyTestArgs}[1134]" classname="com.dmooers.karate_chop.KarateChopTest" time="0"/>
  <testcase name="shouldFindElement{SearchStrategyTestArgs}[1135]" classname="com.dmooers.karate_chop.KarateChopTest" time="0"/>
  <testcase name="shouldFindElement{SearchStrategyTestArgs}[1136]" classname="com.dmooers.karate_chop.KarateChopTest" time="0"/>
  <testcase name="shouldFindElement{SearchStrategyTestArgs}[1137]" classname="com.dmooers.karate_chop.KarateChopTest" time="0"/>
  <testcase name="shouldFindElement{SearchStrategyTestArgs}[1138]" classname="com.dmooers.karate_chop.KarateChopTest" time="0"/>
  <testcase name="shouldFindElement{SearchStrategyTestArgs}[1139]" classname="com.dmooers.karate_chop.KarateChopTest" time="0"/>
  <testcase name="shouldFindElement{SearchStrategyTestArgs}[1140]" classname="com.dmooers.karate_chop.KarateChopTest" time="0"/>
  <testcase name="shouldFindElement{SearchStrategyTestArgs}[1141]" classname="com.dmooers.karate_chop.KarateChopTest" time="0"/>
  <testcase name="shouldFindElement{SearchStrategyTestArgs}[1142]" classname="com.dmooers.karate_chop.KarateChopTest" time="0"/>
  <testcase name="shouldFindElement{SearchStrategyTestArgs}[1143]" classname="com.dmooers.karate_chop.KarateChopTest" time="0"/>
  <testcase name="shouldFindElement{SearchStrategyTestArgs}[1144]" classname="com.dmooers.karate_chop.KarateChopTest" time="0"/>
  <testcase name="shouldFindElement{SearchStrategyTestArgs}[1145]" classname="com.dmooers.karate_chop.KarateChopTest" time="0"/>
  <testcase name="shouldFindElement{SearchStrategyTestArgs}[1146]" classname="com.dmooers.karate_chop.KarateChopTest" time="0"/>
  <testcase name="shouldFindElement{SearchStrategyTestArgs}[1147]" classname="com.dmooers.karate_chop.KarateChopTest" time="0"/>
  <testcase name="shouldFindElement{SearchStrategyTestArgs}[1148]" classname="com.dmooers.karate_chop.KarateChopTest" time="0"/>
  <testcase name="shouldFindElement{SearchStrategyTestArgs}[1149]" classname="com.dmooers.karate_chop.KarateChopTest" time="0"/>
  <testcase name="shouldFindElement{SearchStrategyTestArgs}[1150]" classname="com.dmooers.karate_chop.KarateChopTest" time="0.001"/>
  <testcase name="shouldFindElement{SearchStrategyTestArgs}[1151]" classname="com.dmooers.karate_chop.KarateChopTest" time="0"/>
  <testcase name="shouldFindElement{SearchStrategyTestArgs}[1152]" classname="com.dmooers.karate_chop.KarateChopTest" time="0"/>
  <testcase name="shouldFindElement{SearchStrategyTestArgs}[1153]" classname="com.dmooers.karate_chop.KarateChopTest" time="0"/>
  <testcase name="shouldFindElement{SearchStrategyTestArgs}[1154]" classname="com.dmooers.karate_chop.KarateChopTest" time="0"/>
  <testcase name="shouldFindElement{SearchStrategyTestArgs}[1155]" classname="com.dmooers.karate_chop.KarateChopTest" time="0"/>
  <testcase name="shouldFindElement{SearchStrategyTestArgs}[1156]" classname="com.dmooers.karate_chop.KarateChopTest" time="0"/>
  <testcase name="shouldFindElement{SearchStrategyTestArgs}[1157]" classname="com.dmooers.karate_chop.KarateChopTest" time="0"/>
  <testcase name="shouldFindElement{SearchStrategyTestArgs}[1158]" classname="com.dmooers.karate_chop.KarateChopTest" time="0"/>
  <testcase name="shouldFindElement{SearchStrategyTestArgs}[1159]" classname="com.dmooers.karate_chop.KarateChopTest" time="0.001"/>
  <testcase name="shouldFindElement{SearchStrategyTestArgs}[1160]" classname="com.dmooers.karate_chop.KarateChopTest" time="0"/>
  <testcase name="shouldFindElement{SearchStrategyTestArgs}[1161]" classname="com.dmooers.karate_chop.KarateChopTest" time="0"/>
  <testcase name="shouldFindElement{SearchStrategyTestArgs}[1162]" classname="com.dmooers.karate_chop.KarateChopTest" time="0"/>
  <testcase name="shouldFindElement{SearchStrategyTestArgs}[1163]" classname="com.dmooers.karate_chop.KarateChopTest" time="0"/>
  <testcase name="shouldFindElement{SearchStrategyTestArgs}[1164]" classname="com.dmooers.karate_chop.KarateChopTest" time="0"/>
  <testcase name="shouldFindElement{SearchStrategyTestArgs}[1165]" classname="com.dmooers.karate_chop.KarateChopTest" time="0.001"/>
  <testcase name="shouldFindElement{SearchStrategyTestArgs}[1166]" classname="com.dmooers.karate_chop.KarateChopTest" time="0"/>
  <testcase name="shouldFindElement{SearchStrategyTestArgs}[1167]" classname="com.dmooers.karate_chop.KarateChopTest" time="0"/>
  <testcase name="shouldFindElement{SearchStrategyTestArgs}[1168]" classname="com.dmooers.karate_chop.KarateChopTest" time="0"/>
  <testcase name="shouldFindElement{SearchStrategyTestArgs}[1169]" classname="com.dmooers.karate_chop.KarateChopTest" time="0"/>
  <testcase name="shouldFindElement{SearchStrategyTestArgs}[1170]" classname="com.dmooers.karate_chop.KarateChopTest" time="0"/>
  <testcase name="shouldFindElement{SearchStrategyTestArgs}[1171]" classname="com.dmooers.karate_chop.KarateChopTest" time="0"/>
  <testcase name="shouldFindElement{SearchStrategyTestArgs}[1172]" classname="com.dmooers.karate_chop.KarateChopTest" time="0"/>
  <testcase name="shouldFindElement{SearchStrategyTestArgs}[1173]" classname="com.dmooers.karate_chop.KarateChopTest" time="0"/>
  <testcase name="shouldFindElement{SearchStrategyTestArgs}[1174]" classname="com.dmooers.karate_chop.KarateChopTest" time="0"/>
  <testcase name="shouldFindElement{SearchStrategyTestArgs}[1175]" classname="com.dmooers.karate_chop.KarateChopTest" time="0"/>
  <testcase name="shouldFindElement{SearchStrategyTestArgs}[1176]" classname="com.dmooers.karate_chop.KarateChopTest" time="0"/>
  <testcase name="shouldFindElement{SearchStrategyTestArgs}[1177]" classname="com.dmooers.karate_chop.KarateChopTest" time="0"/>
  <testcase name="shouldFindElement{SearchStrategyTestArgs}[1178]" classname="com.dmooers.karate_chop.KarateChopTest" time="0.001"/>
  <testcase name="shouldFindElement{SearchStrategyTestArgs}[1179]" classname="com.dmooers.karate_chop.KarateChopTest" time="0"/>
  <testcase name="shouldFindElement{SearchStrategyTestArgs}[1180]" classname="com.dmooers.karate_chop.KarateChopTest" time="0"/>
  <testcase name="shouldFindElement{SearchStrategyTestArgs}[1181]" classname="com.dmooers.karate_chop.KarateChopTest" time="0"/>
  <testcase name="shouldFindElement{SearchStrategyTestArgs}[1182]" classname="com.dmooers.karate_chop.KarateChopTest" time="0"/>
  <testcase name="shouldFindElement{SearchStrategyTestArgs}[1183]" classname="com.dmooers.karate_chop.KarateChopTest" time="0"/>
  <testcase name="shouldFindElement{SearchStrategyTestArgs}[1184]" classname="com.dmooers.karate_chop.KarateChopTest" time="0.001"/>
  <testcase name="shouldFindElement{SearchStrategyTestArgs}[1185]" classname="com.dmooers.karate_chop.KarateChopTest" time="0"/>
  <testcase name="shouldFindElement{SearchStrategyTestArgs}[1186]" classname="com.dmooers.karate_chop.KarateChopTest" time="0"/>
  <testcase name="shouldFindElement{SearchStrategyTestArgs}[1187]" classname="com.dmooers.karate_chop.KarateChopTest" time="0"/>
  <testcase name="shouldFindElement{SearchStrategyTestArgs}[1188]" classname="com.dmooers.karate_chop.KarateChopTest" time="0"/>
  <testcase name="shouldFindElement{SearchStrategyTestArgs}[1189]" classname="com.dmooers.karate_chop.KarateChopTest" time="0"/>
  <testcase name="shouldFindElement{SearchStrategyTestArgs}[1190]" classname="com.dmooers.karate_chop.KarateChopTest" time="0"/>
  <testcase name="shouldFindElement{SearchStrategyTestArgs}[1191]" classname="com.dmooers.karate_chop.KarateChopTest" time="0.001"/>
  <testcase name="shouldFindElement{SearchStrategyTestArgs}[1192]" classname="com.dmooers.karate_chop.KarateChopTest" time="0"/>
  <testcase name="shouldFindElement{SearchStrategyTestArgs}[1193]" classname="com.dmooers.karate_chop.KarateChopTest" time="0"/>
  <testcase name="shouldFindElement{SearchStrategyTestArgs}[1194]" classname="com.dmooers.karate_chop.KarateChopTest" time="0"/>
  <testcase name="shouldFindElement{SearchStrategyTestArgs}[1195]" classname="com.dmooers.karate_chop.KarateChopTest" time="0"/>
  <testcase name="shouldFindElement{SearchStrategyTestArgs}[1196]" classname="com.dmooers.karate_chop.KarateChopTest" time="0"/>
  <testcase name="shouldFindElement{SearchStrategyTestArgs}[1197]" classname="com.dmooers.karate_chop.KarateChopTest" time="0"/>
  <testcase name="shouldFindElement{SearchStrategyTestArgs}[1198]" classname="com.dmooers.karate_chop.KarateChopTest" time="0.001"/>
  <testcase name="shouldFindElement{SearchStrategyTestArgs}[1199]" classname="com.dmooers.karate_chop.KarateChopTest" time="0"/>
  <testcase name="shouldFindElement{SearchStrategyTestArgs}[1200]" classname="com.dmooers.karate_chop.KarateChopTest" time="0"/>
  <testcase name="shouldFindElement{SearchStrategyTestArgs}[1201]" classname="com.dmooers.karate_chop.KarateChopTest" time="0"/>
  <testcase name="shouldFindElement{SearchStrategyTestArgs}[1202]" classname="com.dmooers.karate_chop.KarateChopTest" time="0"/>
  <testcase name="shouldFindElement{SearchStrategyTestArgs}[1203]" classname="com.dmooers.karate_chop.KarateChopTest" time="0"/>
  <testcase name="shouldFindElement{SearchStrategyTestArgs}[1204]" classname="com.dmooers.karate_chop.KarateChopTest" time="0"/>
  <testcase name="shouldFindElement{SearchStrategyTestArgs}[1205]" classname="com.dmooers.karate_chop.KarateChopTest" time="0.001"/>
  <testcase name="shouldFindElement{SearchStrategyTestArgs}[1206]" classname="com.dmooers.karate_chop.KarateChopTest" time="0"/>
  <testcase name="shouldFindElement{SearchStrategyTestArgs}[1207]" classname="com.dmooers.karate_chop.KarateChopTest" time="0"/>
  <testcase name="shouldFindElement{SearchStrategyTestArgs}[1208]" classname="com.dmooers.karate_chop.KarateChopTest" time="0"/>
  <testcase name="shouldFindElement{SearchStrategyTestArgs}[1209]" classname="com.dmooers.karate_chop.KarateChopTest" time="0"/>
  <testcase name="shouldFindElement{SearchStrategyTestArgs}[1210]" classname="com.dmooers.karate_chop.KarateChopTest" time="0"/>
  <testcase name="shouldFindElement{SearchStrategyTestArgs}[1211]" classname="com.dmooers.karate_chop.KarateChopTest" time="0"/>
  <testcase name="shouldFindElement{SearchStrategyTestArgs}[1212]" classname="com.dmooers.karate_chop.KarateChopTest" time="0"/>
  <testcase name="shouldFindElement{SearchStrategyTestArgs}[1213]" classname="com.dmooers.karate_chop.KarateChopTest" time="0"/>
  <testcase name="shouldFindElement{SearchStrategyTestArgs}[1214]" classname="com.dmooers.karate_chop.KarateChopTest" time="0"/>
  <testcase name="shouldFindElement{SearchStrategyTestArgs}[1215]" classname="com.dmooers.karate_chop.KarateChopTest" time="0"/>
  <testcase name="shouldFindElement{SearchStrategyTestArgs}[1216]" classname="com.dmooers.karate_chop.KarateChopTest" time="0"/>
  <testcase name="shouldFindElement{SearchStrategyTestArgs}[1217]" classname="com.dmooers.karate_chop.KarateChopTest" time="0"/>
  <testcase name="shouldFindElement{SearchStrategyTestArgs}[1218]" classname="com.dmooers.karate_chop.KarateChopTest" time="0"/>
  <testcase name="shouldFindElement{SearchStrategyTestArgs}[1219]" classname="com.dmooers.karate_chop.KarateChopTest" time="0"/>
  <testcase name="shouldFindElement{SearchStrategyTestArgs}[1220]" classname="com.dmooers.karate_chop.KarateChopTest" time="0"/>
  <testcase name="shouldFindElement{SearchStrategyTestArgs}[1221]" classname="com.dmooers.karate_chop.KarateChopTest" time="0"/>
  <testcase name="shouldFindElement{SearchStrategyTestArgs}[1222]" classname="com.dmooers.karate_chop.KarateChopTest" time="0"/>
  <testcase name="shouldFindElement{SearchStrategyTestArgs}[1223]" classname="com.dmooers.karate_chop.KarateChopTest" time="0"/>
  <testcase name="shouldFindElement{SearchStrategyTestArgs}[1224]" classname="com.dmooers.karate_chop.KarateChopTest" time="0"/>
  <testcase name="shouldFindElement{SearchStrategyTestArgs}[1225]" classname="com.dmooers.karate_chop.KarateChopTest" time="0"/>
  <testcase name="shouldFindElement{SearchStrategyTestArgs}[1226]" classname="com.dmooers.karate_chop.KarateChopTest" time="0"/>
  <testcase name="shouldFindElement{SearchStrategyTestArgs}[1227]" classname="com.dmooers.karate_chop.KarateChopTest" time="0"/>
  <testcase name="shouldFindElement{SearchStrategyTestArgs}[1228]" classname="com.dmooers.karate_chop.KarateChopTest" time="0"/>
  <testcase name="shouldFindElement{SearchStrategyTestArgs}[1229]" classname="com.dmooers.karate_chop.KarateChopTest" time="0"/>
  <testcase name="shouldFindElement{SearchStrategyTestArgs}[1230]" classname="com.dmooers.karate_chop.KarateChopTest" time="0"/>
  <testcase name="shouldFindElement{SearchStrategyTestArgs}[1231]" classname="com.dmooers.karate_chop.KarateChopTest" time="0"/>
  <testcase name="shouldFindElement{SearchStrategyTestArgs}[1232]" classname="com.dmooers.karate_chop.KarateChopTest" time="0"/>
  <testcase name="shouldFindElement{SearchStrategyTestArgs}[1233]" classname="com.dmooers.karate_chop.KarateChopTest" time="0"/>
  <testcase name="shouldFindElement{SearchStrategyTestArgs}[1234]" classname="com.dmooers.karate_chop.KarateChopTest" time="0"/>
  <testcase name="shouldFindElement{SearchStrategyTestArgs}[1235]" classname="com.dmooers.karate_chop.KarateChopTest" time="0"/>
  <testcase name="shouldFindElement{SearchStrategyTestArgs}[1236]" classname="com.dmooers.karate_chop.KarateChopTest" time="0"/>
  <testcase name="shouldFindElement{SearchStrategyTestArgs}[1237]" classname="com.dmooers.karate_chop.KarateChopTest" time="0"/>
  <testcase name="shouldFindElement{SearchStrategyTestArgs}[1238]" classname="com.dmooers.karate_chop.KarateChopTest" time="0"/>
  <testcase name="shouldFindElement{SearchStrategyTestArgs}[1239]" classname="com.dmooers.karate_chop.KarateChopTest" time="0"/>
  <testcase name="shouldFindElement{SearchStrategyTestArgs}[1240]" classname="com.dmooers.karate_chop.KarateChopTest" time="0"/>
  <testcase name="shouldFindElement{SearchStrategyTestArgs}[1241]" classname="com.dmooers.karate_chop.KarateChopTest" time="0"/>
  <testcase name="shouldFindElement{SearchStrategyTestArgs}[1242]" classname="com.dmooers.karate_chop.KarateChopTest" time="0"/>
  <testcase name="shouldFindElement{SearchStrategyTestArgs}[1243]" classname="com.dmooers.karate_chop.KarateChopTest" time="0"/>
  <testcase name="shouldFindElement{SearchStrategyTestArgs}[1244]" classname="com.dmooers.karate_chop.KarateChopTest" time="0"/>
  <testcase name="shouldFindElement{SearchStrategyTestArgs}[1245]" classname="com.dmooers.karate_chop.KarateChopTest" time="0"/>
  <testcase name="shouldFindElement{SearchStrategyTestArgs}[1246]" classname="com.dmooers.karate_chop.KarateChopTest" time="0"/>
  <testcase name="shouldFindElement{SearchStrategyTestArgs}[1247]" classname="com.dmooers.karate_chop.KarateChopTest" time="0"/>
  <testcase name="shouldFindElement{SearchStrategyTestArgs}[1248]" classname="com.dmooers.karate_chop.KarateChopTest" time="0"/>
  <testcase name="shouldFindElement{SearchStrategyTestArgs}[1249]" classname="com.dmooers.karate_chop.KarateChopTest" time="0"/>
  <testcase name="shouldFindElement{SearchStrategyTestArgs}[1250]" classname="com.dmooers.karate_chop.KarateChopTest" time="0.001"/>
  <testcase name="shouldFindElement{SearchStrategyTestArgs}[1251]" classname="com.dmooers.karate_chop.KarateChopTest" time="0"/>
  <testcase name="shouldFindElement{SearchStrategyTestArgs}[1252]" classname="com.dmooers.karate_chop.KarateChopTest" time="0"/>
  <testcase name="shouldFindElement{SearchStrategyTestArgs}[1253]" classname="com.dmooers.karate_chop.KarateChopTest" time="0"/>
  <testcase name="shouldFindElement{SearchStrategyTestArgs}[1254]" classname="com.dmooers.karate_chop.KarateChopTest" time="0"/>
  <testcase name="shouldFindElement{SearchStrategyTestArgs}[1255]" classname="com.dmooers.karate_chop.KarateChopTest" time="0"/>
  <testcase name="shouldFindElement{SearchStrategyTestArgs}[1256]" classname="com.dmooers.karate_chop.KarateChopTest" time="0"/>
  <testcase name="shouldFindElement{SearchStrategyTestArgs}[1257]" classname="com.dmooers.karate_chop.KarateChopTest" time="0"/>
  <testcase name="shouldFindElement{SearchStrategyTestArgs}[1258]" classname="com.dmooers.karate_chop.KarateChopTest" time="0"/>
  <testcase name="shouldFindElement{SearchStrategyTestArgs}[1259]" classname="com.dmooers.karate_chop.KarateChopTest" time="0"/>
  <testcase name="shouldFindElement{SearchStrategyTestArgs}[1260]" classname="com.dmooers.karate_chop.KarateChopTest" time="0"/>
  <testcase name="shouldFindElement{SearchStrategyTestArgs}[1261]" classname="com.dmooers.karate_chop.KarateChopTest" time="0"/>
  <testcase name="shouldFindElement{SearchStrategyTestArgs}[1262]" classname="com.dmooers.karate_chop.KarateChopTest" time="0"/>
  <testcase name="shouldFindElement{SearchStrategyTestArgs}[1263]" classname="com.dmooers.karate_chop.KarateChopTest" time="0"/>
  <testcase name="shouldFindElement{SearchStrategyTestArgs}[1264]" classname="com.dmooers.karate_chop.KarateChopTest" time="0"/>
  <testcase name="shouldFindElement{SearchStrategyTestArgs}[1265]" classname="com.dmooers.karate_chop.KarateChopTest" time="0"/>
  <testcase name="shouldFindElement{SearchStrategyTestArgs}[1266]" classname="com.dmooers.karate_chop.KarateChopTest" time="0"/>
  <testcase name="shouldFindElement{SearchStrategyTestArgs}[1267]" classname="com.dmooers.karate_chop.KarateChopTest" time="0"/>
  <testcase name="shouldFindElement{SearchStrategyTestArgs}[1268]" classname="com.dmooers.karate_chop.KarateChopTest" time="0"/>
  <testcase name="shouldFindElement{SearchStrategyTestArgs}[1269]" classname="com.dmooers.karate_chop.KarateChopTest" time="0"/>
  <testcase name="shouldFindElement{SearchStrategyTestArgs}[1270]" classname="com.dmooers.karate_chop.KarateChopTest" time="0"/>
  <testcase name="shouldFindElement{SearchStrategyTestArgs}[1271]" classname="com.dmooers.karate_chop.KarateChopTest" time="0.001"/>
  <testcase name="shouldFindElement{SearchStrategyTestArgs}[1272]" classname="com.dmooers.karate_chop.KarateChopTest" time="0"/>
  <testcase name="shouldFindElement{SearchStrategyTestArgs}[1273]" classname="com.dmooers.karate_chop.KarateChopTest" time="0"/>
  <testcase name="shouldFindElement{SearchStrategyTestArgs}[1274]" classname="com.dmooers.karate_chop.KarateChopTest" time="0"/>
  <testcase name="shouldFindElement{SearchStrategyTestArgs}[1275]" classname="com.dmooers.karate_chop.KarateChopTest" time="0"/>
  <testcase name="shouldFindElement{SearchStrategyTestArgs}[1276]" classname="com.dmooers.karate_chop.KarateChopTest" time="0"/>
  <testcase name="shouldFindElement{SearchStrategyTestArgs}[1277]" classname="com.dmooers.karate_chop.KarateChopTest" time="0"/>
  <testcase name="shouldFindElement{SearchStrategyTestArgs}[1278]" classname="com.dmooers.karate_chop.KarateChopTest" time="0.001"/>
  <testcase name="shouldFindElement{SearchStrategyTestArgs}[1279]" classname="com.dmooers.karate_chop.KarateChopTest" time="0"/>
  <testcase name="shouldFindElement{SearchStrategyTestArgs}[1280]" classname="com.dmooers.karate_chop.KarateChopTest" time="0"/>
  <testcase name="shouldFindElement{SearchStrategyTestArgs}[1281]" classname="com.dmooers.karate_chop.KarateChopTest" time="0"/>
  <testcase name="shouldFindElement{SearchStrategyTestArgs}[1282]" classname="com.dmooers.karate_chop.KarateChopTest" time="0"/>
  <testcase name="shouldFindElement{SearchStrategyTestArgs}[1283]" classname="com.dmooers.karate_chop.KarateChopTest" time="0"/>
  <testcase name="shouldFindElement{SearchStrategyTestArgs}[1284]" classname="com.dmooers.karate_chop.KarateChopTest" time="0"/>
  <testcase name="shouldFindElement{SearchStrategyTestArgs}[1285]" classname="com.dmooers.karate_chop.KarateChopTest" time="0"/>
  <testcase name="shouldFindElement{SearchStrategyTestArgs}[1286]" classname="com.dmooers.karate_chop.KarateChopTest" time="0"/>
  <testcase name="shouldFindElement{SearchStrategyTestArgs}[1287]" classname="com.dmooers.karate_chop.KarateChopTest" time="0"/>
  <testcase name="shouldFindElement{SearchStrategyTestArgs}[1288]" classname="com.dmooers.karate_chop.KarateChopTest" time="0"/>
  <testcase name="shouldFindElement{SearchStrategyTestArgs}[1289]" classname="com.dmooers.karate_chop.KarateChopTest" time="0"/>
  <testcase name="shouldFindElement{SearchStrategyTestArgs}[1290]" classname="com.dmooers.karate_chop.KarateChopTest" time="0"/>
  <testcase name="shouldFindElement{SearchStrategyTestArgs}[1291]" classname="com.dmooers.karate_chop.KarateChopTest" time="0"/>
  <testcase name="shouldFindElement{SearchStrategyTestArgs}[1292]" classname="com.dmooers.karate_chop.KarateChopTest" time="0"/>
  <testcase name="shouldFindElement{SearchStrategyTestArgs}[1293]" classname="com.dmooers.karate_chop.KarateChopTest" time="0"/>
  <testcase name="shouldFindElement{SearchStrategyTestArgs}[1294]" classname="com.dmooers.karate_chop.KarateChopTest" time="0"/>
  <testcase name="shouldFindElement{SearchStrategyTestArgs}[1295]" classname="com.dmooers.karate_chop.KarateChopTest" time="0"/>
  <testcase name="shouldFindElement{SearchStrategyTestArgs}[1296]" classname="com.dmooers.karate_chop.KarateChopTest" time="0"/>
  <testcase name="shouldFindElement{SearchStrategyTestArgs}[1297]" classname="com.dmooers.karate_chop.KarateChopTest" time="0.001"/>
  <testcase name="shouldFindElement{SearchStrategyTestArgs}[1298]" classname="com.dmooers.karate_chop.KarateChopTest" time="0"/>
  <testcase name="shouldFindElement{SearchStrategyTestArgs}[1299]" classname="com.dmooers.karate_chop.KarateChopTest" time="0"/>
  <testcase name="shouldFindElement{SearchStrategyTestArgs}[1300]" classname="com.dmooers.karate_chop.KarateChopTest" time="0"/>
  <testcase name="shouldFindElement{SearchStrategyTestArgs}[1301]" classname="com.dmooers.karate_chop.KarateChopTest" time="0"/>
  <testcase name="shouldFindElement{SearchStrategyTestArgs}[1302]" classname="com.dmooers.karate_chop.KarateChopTest" time="0"/>
  <testcase name="shouldFindElement{SearchStrategyTestArgs}[1303]" classname="com.dmooers.karate_chop.KarateChopTest" time="0"/>
  <testcase name="shouldFindElement{SearchStrategyTestArgs}[1304]" classname="com.dmooers.karate_chop.KarateChopTest" time="0"/>
  <testcase name="shouldFindElement{SearchStrategyTestArgs}[1305]" classname="com.dmooers.karate_chop.KarateChopTest" time="0"/>
  <testcase name="shouldFindElement{SearchStrategyTestArgs}[1306]" classname="com.dmooers.karate_chop.KarateChopTest" time="0"/>
  <testcase name="shouldFindElement{SearchStrategyTestArgs}[1307]" classname="com.dmooers.karate_chop.KarateChopTest" time="0"/>
  <testcase name="shouldFindElement{SearchStrategyTestArgs}[1308]" classname="com.dmooers.karate_chop.KarateChopTest" time="0"/>
  <testcase name="shouldFindElement{SearchStrategyTestArgs}[1309]" classname="com.dmooers.karate_chop.KarateChopTest" time="0"/>
  <testcase name="shouldFindElement{SearchStrategyTestArgs}[1310]" classname="com.dmooers.karate_chop.KarateChopTest" time="0"/>
  <testcase name="shouldFindElement{SearchStrategyTestArgs}[1311]" classname="com.dmooers.karate_chop.KarateChopTest" time="0"/>
  <testcase name="shouldFindElement{SearchStrategyTestArgs}[1312]" classname="com.dmooers.karate_chop.KarateChopTest" time="0"/>
  <testcase name="shouldFindElement{SearchStrategyTestArgs}[1313]" classname="com.dmooers.karate_chop.KarateChopTest" time="0"/>
  <testcase name="shouldFindElement{SearchStrategyTestArgs}[1314]" classname="com.dmooers.karate_chop.KarateChopTest" time="0"/>
  <testcase name="shouldFindElement{SearchStrategyTestArgs}[1315]" classname="com.dmooers.karate_chop.KarateChopTest" time="0"/>
  <testcase name="shouldFindElement{SearchStrategyTestArgs}[1316]" classname="com.dmooers.karate_chop.KarateChopTest" time="0"/>
  <testcase name="shouldFindElement{SearchStrategyTestArgs}[1317]" classname="com.dmooers.karate_chop.KarateChopTest" time="0"/>
  <testcase name="shouldFindElement{SearchStrategyTestArgs}[1318]" classname="com.dmooers.karate_chop.KarateChopTest" time="0"/>
  <testcase name="shouldFindElement{SearchStrategyTestArgs}[1319]" classname="com.dmooers.karate_chop.KarateChopTest" time="0"/>
  <testcase name="shouldFindElement{SearchStrategyTestArgs}[1320]" classname="com.dmooers.karate_chop.KarateChopTest" time="0"/>
  <testcase name="shouldFindElement{SearchStrategyTestArgs}[1321]" classname="com.dmooers.karate_chop.KarateChopTest" time="0"/>
  <testcase name="shouldFindElement{SearchStrategyTestArgs}[1322]" classname="com.dmooers.karate_chop.KarateChopTest" time="0"/>
  <testcase name="shouldFindElement{SearchStrategyTestArgs}[1323]" classname="com.dmooers.karate_chop.KarateChopTest" time="0"/>
  <testcase name="shouldFindElement{SearchStrategyTestArgs}[1324]" classname="com.dmooers.karate_chop.KarateChopTest" time="0.001"/>
  <testcase name="shouldFindElement{SearchStrategyTestArgs}[1325]" classname="com.dmooers.karate_chop.KarateChopTest" time="0"/>
  <testcase name="shouldFindElement{SearchStrategyTestArgs}[1326]" classname="com.dmooers.karate_chop.KarateChopTest" time="0"/>
  <testcase name="shouldFindElement{SearchStrategyTestArgs}[1327]" classname="com.dmooers.karate_chop.KarateChopTest" time="0"/>
  <testcase name="shouldFindElement{SearchStrategyTestArgs}[1328]" classname="com.dmooers.karate_chop.KarateChopTest" time="0"/>
  <testcase name="shouldFindElement{SearchStrategyTestArgs}[1329]" classname="com.dmooers.karate_chop.KarateChopTest" time="0"/>
  <testcase name="shouldFindElement{SearchStrategyTestArgs}[1330]" classname="com.dmooers.karate_chop.KarateChopTest" time="0"/>
  <testcase name="shouldFindElement{SearchStrategyTestArgs}[1331]" classname="com.dmooers.karate_chop.KarateChopTest" time="0"/>
  <testcase name="shouldFindElement{SearchStrategyTestArgs}[1332]" classname="com.dmooers.karate_chop.KarateChopTest" time="0"/>
  <testcase name="shouldFindElement{SearchStrategyTestArgs}[1333]" classname="com.dmooers.karate_chop.KarateChopTest" time="0"/>
  <testcase name="shouldFindElement{SearchStrategyTestArgs}[1334]" classname="com.dmooers.karate_chop.KarateChopTest" time="0"/>
  <testcase name="shouldFindElement{SearchStrategyTestArgs}[1335]" classname="com.dmooers.karate_chop.KarateChopTest" time="0"/>
  <testcase name="shouldFindElement{SearchStrategyTestArgs}[1336]" classname="com.dmooers.karate_chop.KarateChopTest" time="0"/>
  <testcase name="shouldFindElement{SearchStrategyTestArgs}[1337]" classname="com.dmooers.karate_chop.KarateChopTest" time="0"/>
  <testcase name="shouldFindElement{SearchStrategyTestArgs}[1338]" classname="com.dmooers.karate_chop.KarateChopTest" time="0"/>
  <testcase name="shouldFindElement{SearchStrategyTestArgs}[1339]" classname="com.dmooers.karate_chop.KarateChopTest" time="0.001"/>
  <testcase name="shouldFindElement{SearchStrategyTestArgs}[1340]" classname="com.dmooers.karate_chop.KarateChopTest" time="0"/>
  <testcase name="shouldFindElement{SearchStrategyTestArgs}[1341]" classname="com.dmooers.karate_chop.KarateChopTest" time="0"/>
  <testcase name="shouldFindElement{SearchStrategyTestArgs}[1342]" classname="com.dmooers.karate_chop.KarateChopTest" time="0"/>
  <testcase name="shouldFindElement{SearchStrategyTestArgs}[1343]" classname="com.dmooers.karate_chop.KarateChopTest" time="0"/>
  <testcase name="shouldFindElement{SearchStrategyTestArgs}[1344]" classname="com.dmooers.karate_chop.KarateChopTest" time="0"/>
  <testcase name="shouldFindElement{SearchStrategyTestArgs}[1345]" classname="com.dmooers.karate_chop.KarateChopTest" time="0"/>
  <testcase name="shouldFindElement{SearchStrategyTestArgs}[1346]" classname="com.dmooers.karate_chop.KarateChopTest" time="0"/>
  <testcase name="shouldFindElement{SearchStrategyTestArgs}[1347]" classname="com.dmooers.karate_chop.KarateChopTest" time="0"/>
  <testcase name="shouldFindElement{SearchStrategyTestArgs}[1348]" classname="com.dmooers.karate_chop.KarateChopTest" time="0"/>
  <testcase name="shouldFindElement{SearchStrategyTestArgs}[1349]" classname="com.dmooers.karate_chop.KarateChopTest" time="0"/>
  <testcase name="shouldFindElement{SearchStrategyTestArgs}[1350]" classname="com.dmooers.karate_chop.KarateChopTest" time="0"/>
  <testcase name="shouldFindElement{SearchStrategyTestArgs}[1351]" classname="com.dmooers.karate_chop.KarateChopTest" time="0"/>
  <testcase name="shouldFindElement{SearchStrategyTestArgs}[1352]" classname="com.dmooers.karate_chop.KarateChopTest" time="0.001"/>
  <testcase name="shouldFindElement{SearchStrategyTestArgs}[1353]" classname="com.dmooers.karate_chop.KarateChopTest" time="0"/>
  <testcase name="shouldFindElement{SearchStrategyTestArgs}[1354]" classname="com.dmooers.karate_chop.KarateChopTest" time="0"/>
  <testcase name="shouldFindElement{SearchStrategyTestArgs}[1355]" classname="com.dmooers.karate_chop.KarateChopTest" time="0"/>
  <testcase name="shouldFindElement{SearchStrategyTestArgs}[1356]" classname="com.dmooers.karate_chop.KarateChopTest" time="0"/>
  <testcase name="shouldFindElement{SearchStrategyTestArgs}[1357]" classname="com.dmooers.karate_chop.KarateChopTest" time="0"/>
  <testcase name="shouldFindElement{SearchStrategyTestArgs}[1358]" classname="com.dmooers.karate_chop.KarateChopTest" time="0"/>
  <testcase name="shouldFindElement{SearchStrategyTestArgs}[1359]" classname="com.dmooers.karate_chop.KarateChopTest" time="0"/>
  <testcase name="shouldFindElement{SearchStrategyTestArgs}[1360]" classname="com.dmooers.karate_chop.KarateChopTest" time="0"/>
  <testcase name="shouldFindElement{SearchStrategyTestArgs}[1361]" classname="com.dmooers.karate_chop.KarateChopTest" time="0"/>
  <testcase name="shouldFindElement{SearchStrategyTestArgs}[1362]" classname="com.dmooers.karate_chop.KarateChopTest" time="0"/>
  <testcase name="shouldFindElement{SearchStrategyTestArgs}[1363]" classname="com.dmooers.karate_chop.KarateChopTest" time="0"/>
  <testcase name="shouldFindElement{SearchStrategyTestArgs}[1364]" classname="com.dmooers.karate_chop.KarateChopTest" time="0"/>
  <testcase name="shouldFindElement{SearchStrategyTestArgs}[1365]" classname="com.dmooers.karate_chop.KarateChopTest" time="0"/>
  <testcase name="shouldFindElement{SearchStrategyTestArgs}[1366]" classname="com.dmooers.karate_chop.KarateChopTest" time="0.001"/>
  <testcase name="shouldFindElement{SearchStrategyTestArgs}[1367]" classname="com.dmooers.karate_chop.KarateChopTest" time="0"/>
  <testcase name="shouldFindElement{SearchStrategyTestArgs}[1368]" classname="com.dmooers.karate_chop.KarateChopTest" time="0"/>
  <testcase name="shouldFindElement{SearchStrategyTestArgs}[1369]" classname="com.dmooers.karate_chop.KarateChopTest" time="0"/>
  <testcase name="shouldFindElement{SearchStrategyTestArgs}[1370]" classname="com.dmooers.karate_chop.KarateChopTest" time="0"/>
  <testcase name="shouldFindElement{SearchStrategyTestArgs}[1371]" classname="com.dmooers.karate_chop.KarateChopTest" time="0"/>
  <testcase name="shouldFindElement{SearchStrategyTestArgs}[1372]" classname="com.dmooers.karate_chop.KarateChopTest" time="0"/>
  <testcase name="shouldFindElement{SearchStrategyTestArgs}[1373]" classname="com.dmooers.karate_chop.KarateChopTest" time="0.001"/>
  <testcase name="shouldFindElement{SearchStrategyTestArgs}[1374]" classname="com.dmooers.karate_chop.KarateChopTest" time="0"/>
  <testcase name="shouldFindElement{SearchStrategyTestArgs}[1375]" classname="com.dmooers.karate_chop.KarateChopTest" time="0"/>
  <testcase name="shouldFindElement{SearchStrategyTestArgs}[1376]" classname="com.dmooers.karate_chop.KarateChopTest" time="0"/>
  <testcase name="shouldFindElement{SearchStrategyTestArgs}[1377]" classname="com.dmooers.karate_chop.KarateChopTest" time="0"/>
  <testcase name="shouldFindElement{SearchStrategyTestArgs}[1378]" classname="com.dmooers.karate_chop.KarateChopTest" time="0"/>
  <testcase name="shouldFindElement{SearchStrategyTestArgs}[1379]" classname="com.dmooers.karate_chop.KarateChopTest" time="0"/>
  <testcase name="shouldFindElement{SearchStrategyTestArgs}[1380]" classname="com.dmooers.karate_chop.KarateChopTest" time="0"/>
  <testcase name="shouldFindElement{SearchStrategyTestArgs}[1381]" classname="com.dmooers.karate_chop.KarateChopTest" time="0"/>
  <testcase name="shouldFindElement{SearchStrategyTestArgs}[1382]" classname="com.dmooers.karate_chop.KarateChopTest" time="0"/>
  <testcase name="shouldFindElement{SearchStrategyTestArgs}[1383]" classname="com.dmooers.karate_chop.KarateChopTest" time="0"/>
  <testcase name="shouldFindElement{SearchStrategyTestArgs}[1384]" classname="com.dmooers.karate_chop.KarateChopTest" time="0"/>
  <testcase name="shouldFindElement{SearchStrategyTestArgs}[1385]" classname="com.dmooers.karate_chop.KarateChopTest" time="0"/>
  <testcase name="shouldFindElement{SearchStrategyTestArgs}[1386]" classname="com.dmooers.karate_chop.KarateChopTest" time="0"/>
  <testcase name="shouldFindElement{SearchStrategyTestArgs}[1387]" classname="com.dmooers.karate_chop.KarateChopTest" time="0"/>
  <testcase name="shouldFindElement{SearchStrategyTestArgs}[1388]" classname="com.dmooers.karate_chop.KarateChopTest" time="0.001"/>
  <testcase name="shouldFindElement{SearchStrategyTestArgs}[1389]" classname="com.dmooers.karate_chop.KarateChopTest" time="0"/>
  <testcase name="shouldFindElement{SearchStrategyTestArgs}[1390]" classname="com.dmooers.karate_chop.KarateChopTest" time="0"/>
  <testcase name="shouldFindElement{SearchStrategyTestArgs}[1391]" classname="com.dmooers.karate_chop.KarateChopTest" time="0"/>
  <testcase name="shouldFindElement{SearchStrategyTestArgs}[1392]" classname="com.dmooers.karate_chop.KarateChopTest" time="0"/>
  <testcase name="shouldFindElement{SearchStrategyTestArgs}[1393]" classname="com.dmooers.karate_chop.KarateChopTest" time="0"/>
  <testcase name="shouldFindElement{SearchStrategyTestArgs}[1394]" classname="com.dmooers.karate_chop.KarateChopTest" time="0"/>
  <testcase name="shouldFindElement{SearchStrategyTestArgs}[1395]" classname="com.dmooers.karate_chop.KarateChopTest" time="0.001"/>
  <testcase name="shouldFindElement{SearchStrategyTestArgs}[1396]" classname="com.dmooers.karate_chop.KarateChopTest" time="0"/>
  <testcase name="shouldFindElement{SearchStrategyTestArgs}[1397]" classname="com.dmooers.karate_chop.KarateChopTest" time="0"/>
  <testcase name="shouldFindElement{SearchStrategyTestArgs}[1398]" classname="com.dmooers.karate_chop.KarateChopTest" time="0"/>
  <testcase name="shouldFindElement{SearchStrategyTestArgs}[1399]" classname="com.dmooers.karate_chop.KarateChopTest" time="0"/>
  <testcase name="shouldFindElement{SearchStrategyTestArgs}[1400]" classname="com.dmooers.karate_chop.KarateChopTest" time="0"/>
  <testcase name="shouldFindElement{SearchStrategyTestArgs}[1401]" classname="com.dmooers.karate_chop.KarateChopTest" time="0"/>
  <testcase name="shouldFindElement{SearchStrategyTestArgs}[1402]" classname="com.dmooers.karate_chop.KarateChopTest" time="0.001"/>
  <testcase name="shouldFindElement{SearchStrategyTestArgs}[1403]" classname="com.dmooers.karate_chop.KarateChopTest" time="0"/>
  <testcase name="shouldFindElement{SearchStrategyTestArgs}[1404]" classname="com.dmooers.karate_chop.KarateChopTest" time="0"/>
  <testcase name="shouldFindElement{SearchStrategyTestArgs}[1405]" classname="com.dmooers.karate_chop.KarateChopTest" time="0"/>
  <testcase name="shouldFindElement{SearchStrategyTestArgs}[1406]" classname="com.dmooers.karate_chop.KarateChopTest" time="0"/>
  <testcase name="shouldFindElement{SearchStrategyTestArgs}[1407]" classname="com.dmooers.karate_chop.KarateChopTest" time="0"/>
  <testcase name="shouldFindElement{SearchStrategyTestArgs}[1408]" classname="com.dmooers.karate_chop.KarateChopTest" time="0"/>
  <testcase name="shouldFindElement{SearchStrategyTestArgs}[1409]" classname="com.dmooers.karate_chop.KarateChopTest" time="0"/>
  <testcase name="shouldFindElement{SearchStrategyTestArgs}[1410]" classname="com.dmooers.karate_chop.KarateChopTest" time="0"/>
  <testcase name="shouldFindElement{SearchStrategyTestArgs}[1411]" classname="com.dmooers.karate_chop.KarateChopTest" time="0"/>
  <testcase name="shouldFindElement{SearchStrategyTestArgs}[1412]" classname="com.dmooers.karate_chop.KarateChopTest" time="0"/>
  <testcase name="shouldFindElement{SearchStrategyTestArgs}[1413]" classname="com.dmooers.karate_chop.KarateChopTest" time="0"/>
  <testcase name="shouldFindElement{SearchStrategyTestArgs}[1414]" classname="com.dmooers.karate_chop.KarateChopTest" time="0"/>
  <testcase name="shouldFindElement{SearchStrategyTestArgs}[1415]" classname="com.dmooers.karate_chop.KarateChopTest" time="0"/>
  <testcase name="shouldFindElement{SearchStrategyTestArgs}[1416]" classname="com.dmooers.karate_chop.KarateChopTest" time="0"/>
  <testcase name="shouldFindElement{SearchStrategyTestArgs}[1417]" classname="com.dmooers.karate_chop.KarateChopTest" time="0"/>
  <testcase name="shouldFindElement{SearchStrategyTestArgs}[1418]" classname="com.dmooers.karate_chop.KarateChopTest" time="0"/>
  <testcase name="shouldFindElement{SearchStrategyTestArgs}[1419]" classname="com.dmooers.karate_chop.KarateChopTest" time="0"/>
  <testcase name="shouldFindElement{SearchStrategyTestArgs}[1420]" classname="com.dmooers.karate_chop.KarateChopTest" time="0"/>
  <testcase name="shouldFindElement{SearchStrategyTestArgs}[1421]" classname="com.dmooers.karate_chop.KarateChopTest" time="0"/>
  <testcase name="shouldFindElement{SearchStrategyTestArgs}[1422]" classname="com.dmooers.karate_chop.KarateChopTest" time="0"/>
  <testcase name="shouldFindElement{SearchStrategyTestArgs}[1423]" classname="com.dmooers.karate_chop.KarateChopTest" time="0"/>
  <testcase name="shouldFindElement{SearchStrategyTestArgs}[1424]" classname="com.dmooers.karate_chop.KarateChopTest" time="0"/>
  <testcase name="shouldFindElement{SearchStrategyTestArgs}[1425]" classname="com.dmooers.karate_chop.KarateChopTest" time="0"/>
  <testcase name="shouldFindElement{SearchStrategyTestArgs}[1426]" classname="com.dmooers.karate_chop.KarateChopTest" time="0"/>
  <testcase name="shouldFindElement{SearchStrategyTestArgs}[1427]" classname="com.dmooers.karate_chop.KarateChopTest" time="0.001"/>
  <testcase name="shouldFindElement{SearchStrategyTestArgs}[1428]" classname="com.dmooers.karate_chop.KarateChopTest" time="0"/>
  <testcase name="shouldFindElement{SearchStrategyTestArgs}[1429]" classname="com.dmooers.karate_chop.KarateChopTest" time="0"/>
  <testcase name="shouldFindElement{SearchStrategyTestArgs}[1430]" classname="com.dmooers.karate_chop.KarateChopTest" time="0"/>
  <testcase name="shouldFindElement{SearchStrategyTestArgs}[1431]" classname="com.dmooers.karate_chop.KarateChopTest" time="0"/>
  <testcase name="shouldFindElement{SearchStrategyTestArgs}[1432]" classname="com.dmooers.karate_chop.KarateChopTest" time="0"/>
  <testcase name="shouldFindElement{SearchStrategyTestArgs}[1433]" classname="com.dmooers.karate_chop.KarateChopTest" time="0"/>
  <testcase name="shouldFindElement{SearchStrategyTestArgs}[1434]" classname="com.dmooers.karate_chop.KarateChopTest" time="0.001"/>
  <testcase name="shouldFindElement{SearchStrategyTestArgs}[1435]" classname="com.dmooers.karate_chop.KarateChopTest" time="0"/>
  <testcase name="shouldFindElement{SearchStrategyTestArgs}[1436]" classname="com.dmooers.karate_chop.KarateChopTest" time="0"/>
  <testcase name="shouldFindElement{SearchStrategyTestArgs}[1437]" classname="com.dmooers.karate_chop.KarateChopTest" time="0"/>
  <testcase name="shouldFindElement{SearchStrategyTestArgs}[1438]" classname="com.dmooers.karate_chop.KarateChopTest" time="0"/>
  <testcase name="shouldFindElement{SearchStrategyTestArgs}[1439]" classname="com.dmooers.karate_chop.KarateChopTest" time="0"/>
  <testcase name="shouldFindElement{SearchStrategyTestArgs}[1440]" classname="com.dmooers.karate_chop.KarateChopTest" time="0"/>
  <testcase name="shouldFindElement{SearchStrategyTestArgs}[1441]" classname="com.dmooers.karate_chop.KarateChopTest" time="0"/>
  <testcase name="shouldFindElement{SearchStrategyTestArgs}[1442]" classname="com.dmooers.karate_chop.KarateChopTest" time="0"/>
  <testcase name="shouldFindElement{SearchStrategyTestArgs}[1443]" classname="com.dmooers.karate_chop.KarateChopTest" time="0"/>
  <testcase name="shouldFindElement{SearchStrategyTestArgs}[1444]" classname="com.dmooers.karate_chop.KarateChopTest" time="0"/>
  <testcase name="shouldFindElement{SearchStrategyTestArgs}[1445]" classname="com.dmooers.karate_chop.KarateChopTest" time="0"/>
  <testcase name="shouldFindElement{SearchStrategyTestArgs}[1446]" classname="com.dmooers.karate_chop.KarateChopTest" time="0"/>
  <testcase name="shouldFindElement{SearchStrategyTestArgs}[1447]" classname="com.dmooers.karate_chop.KarateChopTest" time="0"/>
  <testcase name="shouldFindElement{SearchStrategyTestArgs}[1448]" classname="com.dmooers.karate_chop.KarateChopTest" time="0"/>
  <testcase name="shouldFindElement{SearchStrategyTestArgs}[1449]" classname="com.dmooers.karate_chop.KarateChopTest" time="0"/>
  <testcase name="shouldFindElement{SearchStrategyTestArgs}[1450]" classname="com.dmooers.karate_chop.KarateChopTest" time="0"/>
  <testcase name="shouldFindElement{SearchStrategyTestArgs}[1451]" classname="com.dmooers.karate_chop.KarateChopTest" time="0"/>
  <testcase name="shouldFindElement{SearchStrategyTestArgs}[1452]" classname="com.dmooers.karate_chop.KarateChopTest" time="0"/>
  <testcase name="shouldFindElement{SearchStrategyTestArgs}[1453]" classname="com.dmooers.karate_chop.KarateChopTest" time="0"/>
  <testcase name="shouldFindElement{SearchStrategyTestArgs}[1454]" classname="com.dmooers.karate_chop.KarateChopTest" time="0"/>
  <testcase name="shouldFindElement{SearchStrategyTestArgs}[1455]" classname="com.dmooers.karate_chop.KarateChopTest" time="0"/>
  <testcase name="shouldFindElement{SearchStrategyTestArgs}[1456]" classname="com.dmooers.karate_chop.KarateChopTest" time="0"/>
  <testcase name="shouldFindElement{SearchStrategyTestArgs}[1457]" classname="com.dmooers.karate_chop.KarateChopTest" time="0"/>
  <testcase name="shouldFindElement{SearchStrategyTestArgs}[1458]" classname="com.dmooers.karate_chop.KarateChopTest" time="0"/>
  <testcase name="shouldFindElement{SearchStrategyTestArgs}[1459]" classname="com.dmooers.karate_chop.KarateChopTest" time="0"/>
  <testcase name="shouldFindElement{SearchStrategyTestArgs}[1460]" classname="com.dmooers.karate_chop.KarateChopTest" time="0"/>
  <testcase name="shouldFindElement{SearchStrategyTestArgs}[1461]" classname="com.dmooers.karate_chop.KarateChopTest" time="0"/>
  <testcase name="shouldFindElement{SearchStrategyTestArgs}[1462]" classname="com.dmooers.karate_chop.KarateChopTest" time="0"/>
  <testcase name="shouldFindElement{SearchStrategyTestArgs}[1463]" classname="com.dmooers.karate_chop.KarateChopTest" time="0"/>
  <testcase name="shouldFindElement{SearchStrategyTestArgs}[1464]" classname="com.dmooers.karate_chop.KarateChopTest" time="0"/>
  <testcase name="shouldFindElement{SearchStrategyTestArgs}[1465]" classname="com.dmooers.karate_chop.KarateChopTest" time="0"/>
  <testcase name="shouldFindElement{SearchStrategyTestArgs}[1466]" classname="com.dmooers.karate_chop.KarateChopTest" time="0"/>
  <testcase name="shouldFindElement{SearchStrategyTestArgs}[1467]" classname="com.dmooers.karate_chop.KarateChopTest" time="0"/>
  <testcase name="shouldFindElement{SearchStrategyTestArgs}[1468]" classname="com.dmooers.karate_chop.KarateChopTest" time="0"/>
  <testcase name="shouldFindElement{SearchStrategyTestArgs}[1469]" classname="com.dmooers.karate_chop.KarateChopTest" time="0"/>
  <testcase name="shouldFindElement{SearchStrategyTestArgs}[1470]" classname="com.dmooers.karate_chop.KarateChopTest" time="0"/>
  <testcase name="shouldFindElement{SearchStrategyTestArgs}[1471]" classname="com.dmooers.karate_chop.KarateChopTest" time="0"/>
  <testcase name="shouldFindElement{SearchStrategyTestArgs}[1472]" classname="com.dmooers.karate_chop.KarateChopTest" time="0"/>
  <testcase name="shouldFindElement{SearchStrategyTestArgs}[1473]" classname="com.dmooers.karate_chop.KarateChopTest" time="0"/>
  <testcase name="shouldFindElement{SearchStrategyTestArgs}[1474]" classname="com.dmooers.karate_chop.KarateChopTest" time="0"/>
  <testcase name="shouldFindElement{SearchStrategyTestArgs}[1475]" classname="com.dmooers.karate_chop.KarateChopTest" time="0"/>
  <testcase name="shouldFindElement{SearchStrategyTestArgs}[1476]" classname="com.dmooers.karate_chop.KarateChopTest" time="0"/>
  <testcase name="shouldFindElement{SearchStrategyTestArgs}[1477]" classname="com.dmooers.karate_chop.KarateChopTest" time="0"/>
  <testcase name="shouldFindElement{SearchStrategyTestArgs}[1478]" classname="com.dmooers.karate_chop.KarateChopTest" time="0"/>
  <testcase name="shouldFindElement{SearchStrategyTestArgs}[1479]" classname="com.dmooers.karate_chop.KarateChopTest" time="0"/>
  <testcase name="shouldFindElement{SearchStrategyTestArgs}[1480]" classname="com.dmooers.karate_chop.KarateChopTest" time="0"/>
  <testcase name="shouldFindElement{SearchStrategyTestArgs}[1481]" classname="com.dmooers.karate_chop.KarateChopTest" time="0"/>
  <testcase name="shouldFindElement{SearchStrategyTestArgs}[1482]" classname="com.dmooers.karate_chop.KarateChopTest" time="0"/>
  <testcase name="shouldFindElement{SearchStrategyTestArgs}[1483]" classname="com.dmooers.karate_chop.KarateChopTest" time="0"/>
  <testcase name="shouldFindElement{SearchStrategyTestArgs}[1484]" classname="com.dmooers.karate_chop.KarateChopTest" time="0"/>
  <testcase name="shouldFindElement{SearchStrategyTestArgs}[1485]" classname="com.dmooers.karate_chop.KarateChopTest" time="0"/>
  <testcase name="shouldFindElement{SearchStrategyTestArgs}[1486]" classname="com.dmooers.karate_chop.KarateChopTest" time="0"/>
  <testcase name="shouldFindElement{SearchStrategyTestArgs}[1487]" classname="com.dmooers.karate_chop.KarateChopTest" time="0"/>
  <testcase name="shouldFindElement{SearchStrategyTestArgs}[1488]" classname="com.dmooers.karate_chop.KarateChopTest" time="0"/>
  <testcase name="shouldFindElement{SearchStrategyTestArgs}[1489]" classname="com.dmooers.karate_chop.KarateChopTest" time="0"/>
  <testcase name="shouldFindElement{SearchStrategyTestArgs}[1490]" classname="com.dmooers.karate_chop.KarateChopTest" time="0"/>
  <testcase name="shouldFindElement{SearchStrategyTestArgs}[1491]" classname="com.dmooers.karate_chop.KarateChopTest" time="0"/>
  <testcase name="shouldFindElement{SearchStrategyTestArgs}[1492]" classname="com.dmooers.karate_chop.KarateChopTest" time="0"/>
  <testcase name="shouldFindElement{SearchStrategyTestArgs}[1493]" classname="com.dmooers.karate_chop.KarateChopTest" time="0"/>
  <testcase name="shouldFindElement{SearchStrategyTestArgs}[1494]" classname="com.dmooers.karate_chop.KarateChopTest" time="0"/>
  <testcase name="shouldFindElement{SearchStrategyTestArgs}[1495]" classname="com.dmooers.karate_chop.KarateChopTest" time="0"/>
  <testcase name="shouldFindElement{SearchStrategyTestArgs}[1496]" classname="com.dmooers.karate_chop.KarateChopTest" time="0"/>
  <testcase name="shouldFindElement{SearchStrategyTestArgs}[1497]" classname="com.dmooers.karate_chop.KarateChopTest" time="0"/>
  <testcase name="shouldFindElement{SearchStrategyTestArgs}[1498]" classname="com.dmooers.karate_chop.KarateChopTest" time="0"/>
  <testcase name="shouldFindElement{SearchStrategyTestArgs}[1499]" classname="com.dmooers.karate_chop.KarateChopTest" time="0"/>
  <testcase name="shouldFindElement{SearchStrategyTestArgs}[1500]" classname="com.dmooers.karate_chop.KarateChopTest" time="0"/>
  <testcase name="shouldFindElement{SearchStrategyTestArgs}[1501]" classname="com.dmooers.karate_chop.KarateChopTest" time="0"/>
  <testcase name="shouldFindElement{SearchStrategyTestArgs}[1502]" classname="com.dmooers.karate_chop.KarateChopTest" time="0"/>
  <testcase name="shouldFindElement{SearchStrategyTestArgs}[1503]" classname="com.dmooers.karate_chop.KarateChopTest" time="0"/>
  <testcase name="shouldFindElement{SearchStrategyTestArgs}[1504]" classname="com.dmooers.karate_chop.KarateChopTest" time="0"/>
  <testcase name="shouldFindElement{SearchStrategyTestArgs}[1505]" classname="com.dmooers.karate_chop.KarateChopTest" time="0"/>
  <testcase name="shouldFindElement{SearchStrategyTestArgs}[1506]" classname="com.dmooers.karate_chop.KarateChopTest" time="0"/>
  <testcase name="shouldFindElement{SearchStrategyTestArgs}[1507]" classname="com.dmooers.karate_chop.KarateChopTest" time="0"/>
  <testcase name="shouldFindElement{SearchStrategyTestArgs}[1508]" classname="com.dmooers.karate_chop.KarateChopTest" time="0"/>
  <testcase name="shouldFindElement{SearchStrategyTestArgs}[1509]" classname="com.dmooers.karate_chop.KarateChopTest" time="0.001"/>
  <testcase name="shouldFindElement{SearchStrategyTestArgs}[1510]" classname="com.dmooers.karate_chop.KarateChopTest" time="0"/>
  <testcase name="shouldFindElement{SearchStrategyTestArgs}[1511]" classname="com.dmooers.karate_chop.KarateChopTest" time="0"/>
  <testcase name="shouldFindElement{SearchStrategyTestArgs}[1512]" classname="com.dmooers.karate_chop.KarateChopTest" time="0"/>
  <testcase name="shouldFindElement{SearchStrategyTestArgs}[1513]" classname="com.dmooers.karate_chop.KarateChopTest" time="0"/>
  <testcase name="shouldFindElement{SearchStrategyTestArgs}[1514]" classname="com.dmooers.karate_chop.KarateChopTest" time="0"/>
  <testcase name="shouldFindElement{SearchStrategyTestArgs}[1515]" classname="com.dmooers.karate_chop.KarateChopTest" time="0"/>
  <testcase name="shouldFindElement{SearchStrategyTestArgs}[1516]" classname="com.dmooers.karate_chop.KarateChopTest" time="0"/>
  <testcase name="shouldFindElement{SearchStrategyTestArgs}[1517]" classname="com.dmooers.karate_chop.KarateChopTest" time="0"/>
  <testcase name="shouldFindElement{SearchStrategyTestArgs}[1518]" classname="com.dmooers.karate_chop.KarateChopTest" time="0"/>
  <testcase name="shouldFindElement{SearchStrategyTestArgs}[1519]" classname="com.dmooers.karate_chop.KarateChopTest" time="0"/>
  <testcase name="shouldFindElement{SearchStrategyTestArgs}[1520]" classname="com.dmooers.karate_chop.KarateChopTest" time="0"/>
  <testcase name="shouldFindElement{SearchStrategyTestArgs}[1521]" classname="com.dmooers.karate_chop.KarateChopTest" time="0"/>
  <testcase name="shouldFindElement{SearchStrategyTestArgs}[1522]" classname="com.dmooers.karate_chop.KarateChopTest" time="0"/>
  <testcase name="shouldFindElement{SearchStrategyTestArgs}[1523]" classname="com.dmooers.karate_chop.KarateChopTest" time="0"/>
  <testcase name="shouldFindElement{SearchStrategyTestArgs}[1524]" classname="com.dmooers.karate_chop.KarateChopTest" time="0"/>
  <testcase name="shouldFindElement{SearchStrategyTestArgs}[1525]" classname="com.dmooers.karate_chop.KarateChopTest" time="0"/>
  <testcase name="shouldFindElement{SearchStrategyTestArgs}[1526]" classname="com.dmooers.karate_chop.KarateChopTest" time="0"/>
  <testcase name="shouldFindElement{SearchStrategyTestArgs}[1527]" classname="com.dmooers.karate_chop.KarateChopTest" time="0"/>
  <testcase name="shouldFindElement{SearchStrategyTestArgs}[1528]" classname="com.dmooers.karate_chop.KarateChopTest" time="0"/>
  <testcase name="shouldFindElement{SearchStrategyTestArgs}[1529]" classname="com.dmooers.karate_chop.KarateChopTest" time="0"/>
  <testcase name="shouldFindElement{SearchStrategyTestArgs}[1530]" classname="com.dmooers.karate_chop.KarateChopTest" time="0"/>
  <testcase name="shouldFindElement{SearchStrategyTestArgs}[1531]" classname="com.dmooers.karate_chop.KarateChopTest" time="0"/>
  <testcase name="shouldFindElement{SearchStrategyTestArgs}[1532]" classname="com.dmooers.karate_chop.KarateChopTest" time="0"/>
  <testcase name="shouldFindElement{SearchStrategyTestArgs}[1533]" classname="com.dmooers.karate_chop.KarateChopTest" time="0"/>
  <testcase name="shouldFindElement{SearchStrategyTestArgs}[1534]" classname="com.dmooers.karate_chop.KarateChopTest" time="0.001"/>
  <testcase name="shouldFindElement{SearchStrategyTestArgs}[1535]" classname="com.dmooers.karate_chop.KarateChopTest" time="0"/>
  <testcase name="shouldFindElement{SearchStrategyTestArgs}[1536]" classname="com.dmooers.karate_chop.KarateChopTest" time="0"/>
  <testcase name="shouldFindElement{SearchStrategyTestArgs}[1537]" classname="com.dmooers.karate_chop.KarateChopTest" time="0"/>
  <testcase name="shouldFindElement{SearchStrategyTestArgs}[1538]" classname="com.dmooers.karate_chop.KarateChopTest" time="0"/>
  <testcase name="shouldFindElement{SearchStrategyTestArgs}[1539]" classname="com.dmooers.karate_chop.KarateChopTest" time="0"/>
  <testcase name="shouldFindElement{SearchStrategyTestArgs}[1540]" classname="com.dmooers.karate_chop.KarateChopTest" time="0"/>
  <testcase name="shouldFindElement{SearchStrategyTestArgs}[1541]" classname="com.dmooers.karate_chop.KarateChopTest" time="0"/>
  <testcase name="shouldFindElement{SearchStrategyTestArgs}[1542]" classname="com.dmooers.karate_chop.KarateChopTest" time="0"/>
  <testcase name="shouldFindElement{SearchStrategyTestArgs}[1543]" classname="com.dmooers.karate_chop.KarateChopTest" time="0"/>
  <testcase name="shouldFindElement{SearchStrategyTestArgs}[1544]" classname="com.dmooers.karate_chop.KarateChopTest" time="0"/>
  <testcase name="shouldFindElement{SearchStrategyTestArgs}[1545]" classname="com.dmooers.karate_chop.KarateChopTest" time="0.001"/>
  <testcase name="shouldFindElement{SearchStrategyTestArgs}[1546]" classname="com.dmooers.karate_chop.KarateChopTest" time="0"/>
  <testcase name="shouldFindElement{SearchStrategyTestArgs}[1547]" classname="com.dmooers.karate_chop.KarateChopTest" time="0"/>
  <testcase name="shouldFindElement{SearchStrategyTestArgs}[1548]" classname="com.dmooers.karate_chop.KarateChopTest" time="0"/>
  <testcase name="shouldFindElement{SearchStrategyTestArgs}[1549]" classname="com.dmooers.karate_chop.KarateChopTest" time="0"/>
  <testcase name="shouldFindElement{SearchStrategyTestArgs}[1550]" classname="com.dmooers.karate_chop.KarateChopTest" time="0"/>
  <testcase name="shouldFindElement{SearchStrategyTestArgs}[1551]" classname="com.dmooers.karate_chop.KarateChopTest" time="0"/>
  <testcase name="shouldFindElement{SearchStrategyTestArgs}[1552]" classname="com.dmooers.karate_chop.KarateChopTest" time="0.001"/>
  <testcase name="shouldFindElement{SearchStrategyTestArgs}[1553]" classname="com.dmooers.karate_chop.KarateChopTest" time="0"/>
  <testcase name="shouldFindElement{SearchStrategyTestArgs}[1554]" classname="com.dmooers.karate_chop.KarateChopTest" time="0"/>
  <testcase name="shouldFindElement{SearchStrategyTestArgs}[1555]" classname="com.dmooers.karate_chop.KarateChopTest" time="0"/>
  <testcase name="shouldFindElement{SearchStrategyTestArgs}[1556]" classname="com.dmooers.karate_chop.KarateChopTest" time="0"/>
  <testcase name="shouldFindElement{SearchStrategyTestArgs}[1557]" classname="com.dmooers.karate_chop.KarateChopTest" time="0"/>
  <testcase name="shouldFindElement{SearchStrategyTestArgs}[1558]" classname="com.dmooers.karate_chop.KarateChopTest" time="0"/>
  <testcase name="shouldFindElement{SearchStrategyTestArgs}[1559]" classname="com.dmooers.karate_chop.KarateChopTest" time="0"/>
  <testcase name="shouldFindElement{SearchStrategyTestArgs}[1560]" classname="com.dmooers.karate_chop.KarateChopTest" time="0"/>
  <testcase name="shouldFindElement{SearchStrategyTestArgs}[1561]" classname="com.dmooers.karate_chop.KarateChopTest" time="0"/>
  <testcase name="shouldFindElement{SearchStrategyTestArgs}[1562]" classname="com.dmooers.karate_chop.KarateChopTest" time="0"/>
  <testcase name="shouldFindElement{SearchStrategyTestArgs}[1563]" classname="com.dmooers.karate_chop.KarateChopTest" time="0"/>
  <testcase name="shouldFindElement{SearchStrategyTestArgs}[1564]" classname="com.dmooers.karate_chop.KarateChopTest" time="0"/>
  <testcase name="shouldFindElement{SearchStrategyTestArgs}[1565]" classname="com.dmooers.karate_chop.KarateChopTest" time="0"/>
  <testcase name="shouldFindElement{SearchStrategyTestArgs}[1566]" classname="com.dmooers.karate_chop.KarateChopTest" time="0"/>
  <testcase name="shouldFindElement{SearchStrategyTestArgs}[1567]" classname="com.dmooers.karate_chop.KarateChopTest" time="0"/>
  <testcase name="shouldFindElement{SearchStrategyTestArgs}[1568]" classname="com.dmooers.karate_chop.KarateChopTest" time="0"/>
  <testcase name="shouldFindElement{SearchStrategyTestArgs}[1569]" classname="com.dmooers.karate_chop.KarateChopTest" time="0"/>
  <testcase name="shouldFindElement{SearchStrategyTestArgs}[1570]" classname="com.dmooers.karate_chop.KarateChopTest" time="0"/>
  <testcase name="shouldFindElement{SearchStrategyTestArgs}[1571]" classname="com.dmooers.karate_chop.KarateChopTest" time="0"/>
  <testcase name="shouldFindElement{SearchStrategyTestArgs}[1572]" classname="com.dmooers.karate_chop.KarateChopTest" time="0"/>
  <testcase name="shouldFindElement{SearchStrategyTestArgs}[1573]" classname="com.dmooers.karate_chop.KarateChopTest" time="0"/>
  <testcase name="shouldFindElement{SearchStrategyTestArgs}[1574]" classname="com.dmooers.karate_chop.KarateChopTest" time="0"/>
  <testcase name="shouldFindElement{SearchStrategyTestArgs}[1575]" classname="com.dmooers.karate_chop.KarateChopTest" time="0"/>
  <testcase name="shouldFindElement{SearchStrategyTestArgs}[1576]" classname="com.dmooers.karate_chop.KarateChopTest" time="0"/>
  <testcase name="shouldFindElement{SearchStrategyTestArgs}[1577]" classname="com.dmooers.karate_chop.KarateChopTest" time="0"/>
  <testcase name="shouldFindElement{SearchStrategyTestArgs}[1578]" classname="com.dmooers.karate_chop.KarateChopTest" time="0"/>
  <testcase name="shouldFindElement{SearchStrategyTestArgs}[1579]" classname="com.dmooers.karate_chop.KarateChopTest" time="0"/>
  <testcase name="shouldFindElement{SearchStrategyTestArgs}[1580]" classname="com.dmooers.karate_chop.KarateChopTest" time="0.001"/>
  <testcase name="shouldFindElement{SearchStrategyTestArgs}[1581]" classname="com.dmooers.karate_chop.KarateChopTest" time="0"/>
  <testcase name="shouldFindElement{SearchStrategyTestArgs}[1582]" classname="com.dmooers.karate_chop.KarateChopTest" time="0"/>
  <testcase name="shouldFindElement{SearchStrategyTestArgs}[1583]" classname="com.dmooers.karate_chop.KarateChopTest" time="0"/>
  <testcase name="shouldFindElement{SearchStrategyTestArgs}[1584]" classname="com.dmooers.karate_chop.KarateChopTest" time="0"/>
  <testcase name="shouldFindElement{SearchStrategyTestArgs}[1585]" classname="com.dmooers.karate_chop.KarateChopTest" time="0"/>
  <testcase name="shouldFindElement{SearchStrategyTestArgs}[1586]" classname="com.dmooers.karate_chop.KarateChopTest" time="0"/>
  <testcase name="shouldFindElement{SearchStrategyTestArgs}[1587]" classname="com.dmooers.karate_chop.KarateChopTest" time="0"/>
  <testcase name="shouldFindElement{SearchStrategyTestArgs}[1588]" classname="com.dmooers.karate_chop.KarateChopTest" time="0"/>
  <testcase name="shouldFindElement{SearchStrategyTestArgs}[1589]" classname="com.dmooers.karate_chop.KarateChopTest" time="0"/>
  <testcase name="shouldFindElement{SearchStrategyTestArgs}[1590]" classname="com.dmooers.karate_chop.KarateChopTest" time="0"/>
  <testcase name="shouldFindElement{SearchStrategyTestArgs}[1591]" classname="com.dmooers.karate_chop.KarateChopTest" time="0"/>
  <testcase name="shouldFindElement{SearchStrategyTestArgs}[1592]" classname="com.dmooers.karate_chop.KarateChopTest" time="0"/>
  <testcase name="shouldFindElement{SearchStrategyTestArgs}[1593]" classname="com.dmooers.karate_chop.KarateChopTest" time="0"/>
  <testcase name="shouldFindElement{SearchStrategyTestArgs}[1594]" classname="com.dmooers.karate_chop.KarateChopTest" time="0"/>
  <testcase name="shouldFindElement{SearchStrategyTestArgs}[1595]" classname="com.dmooers.karate_chop.KarateChopTest" time="0"/>
  <testcase name="shouldFindElement{SearchStrategyTestArgs}[1596]" classname="com.dmooers.karate_chop.KarateChopTest" time="0"/>
  <testcase name="shouldFindElement{SearchStrategyTestArgs}[1597]" classname="com.dmooers.karate_chop.KarateChopTest" time="0"/>
  <testcase name="shouldFindElement{SearchStrategyTestArgs}[1598]" classname="com.dmooers.karate_chop.KarateChopTest" time="0"/>
  <testcase name="shouldFindElement{SearchStrategyTestArgs}[1599]" classname="com.dmooers.karate_chop.KarateChopTest" time="0"/>
  <testcase name="shouldFindElement{SearchStrategyTestArgs}[1600]" classname="com.dmooers.karate_chop.KarateChopTest" time="0"/>
  <testcase name="shouldFindElement{SearchStrategyTestArgs}[1601]" classname="com.dmooers.karate_chop.KarateChopTest" time="0"/>
  <testcase name="shouldFindElement{SearchStrategyTestArgs}[1602]" classname="com.dmooers.karate_chop.KarateChopTest" time="0"/>
  <testcase name="shouldFindElement{SearchStrategyTestArgs}[1603]" classname="com.dmooers.karate_chop.KarateChopTest" time="0"/>
  <testcase name="shouldFindElement{SearchStrategyTestArgs}[1604]" classname="com.dmooers.karate_chop.KarateChopTest" time="0"/>
  <testcase name="shouldFindElement{SearchStrategyTestArgs}[1605]" classname="com.dmooers.karate_chop.KarateChopTest" time="0"/>
  <testcase name="shouldFindElement{SearchStrategyTestArgs}[1606]" classname="com.dmooers.karate_chop.KarateChopTest" time="0"/>
  <testcase name="shouldFindElement{SearchStrategyTestArgs}[1607]" classname="com.dmooers.karate_chop.KarateChopTest" time="0"/>
  <testcase name="shouldFindElement{SearchStrategyTestArgs}[1608]" classname="com.dmooers.karate_chop.KarateChopTest" time="0"/>
  <testcase name="shouldFindElement{SearchStrategyTestArgs}[1609]" classname="com.dmooers.karate_chop.KarateChopTest" time="0"/>
  <testcase name="shouldFindElement{SearchStrategyTestArgs}[1610]" classname="com.dmooers.karate_chop.KarateChopTest" time="0"/>
  <testcase name="shouldFindElement{SearchStrategyTestArgs}[1611]" classname="com.dmooers.karate_chop.KarateChopTest" time="0"/>
  <testcase name="shouldFindElement{SearchStrategyTestArgs}[1612]" classname="com.dmooers.karate_chop.KarateChopTest" time="0"/>
  <testcase name="shouldFindElement{SearchStrategyTestArgs}[1613]" classname="com.dmooers.karate_chop.KarateChopTest" time="0"/>
  <testcase name="shouldFindElement{SearchStrategyTestArgs}[1614]" classname="com.dmooers.karate_chop.KarateChopTest" time="0"/>
  <testcase name="shouldFindElement{SearchStrategyTestArgs}[1615]" classname="com.dmooers.karate_chop.KarateChopTest" time="0"/>
  <testcase name="shouldFindElement{SearchStrategyTestArgs}[1616]" classname="com.dmooers.karate_chop.KarateChopTest" time="0"/>
  <testcase name="shouldFindElement{SearchStrategyTestArgs}[1617]" classname="com.dmooers.karate_chop.KarateChopTest" time="0"/>
  <testcase name="shouldFindElement{SearchStrategyTestArgs}[1618]" classname="com.dmooers.karate_chop.KarateChopTest" time="0"/>
  <testcase name="shouldFindElement{SearchStrategyTestArgs}[1619]" classname="com.dmooers.karate_chop.KarateChopTest" time="0"/>
  <testcase name="shouldFindElement{SearchStrategyTestArgs}[1620]" classname="com.dmooers.karate_chop.KarateChopTest" time="0"/>
  <testcase name="shouldFindElement{SearchStrategyTestArgs}[1621]" classname="com.dmooers.karate_chop.KarateChopTest" time="0"/>
  <testcase name="shouldFindElement{SearchStrategyTestArgs}[1622]" classname="com.dmooers.karate_chop.KarateChopTest" time="0"/>
  <testcase name="shouldFindElement{SearchStrategyTestArgs}[1623]" classname="com.dmooers.karate_chop.KarateChopTest" time="0"/>
  <testcase name="shouldFindElement{SearchStrategyTestArgs}[1624]" classname="com.dmooers.karate_chop.KarateChopTest" time="0.001"/>
  <testcase name="shouldFindElement{SearchStrategyTestArgs}[1625]" classname="com.dmooers.karate_chop.KarateChopTest" time="0"/>
  <testcase name="shouldFindElement{SearchStrategyTestArgs}[1626]" classname="com.dmooers.karate_chop.KarateChopTest" time="0"/>
  <testcase name="shouldFindElement{SearchStrategyTestArgs}[1627]" classname="com.dmooers.karate_chop.KarateChopTest" time="0"/>
  <testcase name="shouldFindElement{SearchStrategyTestArgs}[1628]" classname="com.dmooers.karate_chop.KarateChopTest" time="0"/>
  <testcase name="shouldFindElement{SearchStrategyTestArgs}[1629]" classname="com.dmooers.karate_chop.KarateChopTest" time="0"/>
  <testcase name="shouldFindElement{SearchStrategyTestArgs}[1630]" classname="com.dmooers.karate_chop.KarateChopTest" time="0"/>
  <testcase name="shouldFindElement{SearchStrategyTestArgs}[1631]" classname="com.dmooers.karate_chop.KarateChopTest" time="0"/>
  <testcase name="shouldFindElement{SearchStrategyTestArgs}[1632]" classname="com.dmooers.karate_chop.KarateChopTest" time="0"/>
  <testcase name="shouldFindElement{SearchStrategyTestArgs}[1633]" classname="com.dmooers.karate_chop.KarateChopTest" time="0"/>
  <testcase name="shouldFindElement{SearchStrategyTestArgs}[1634]" classname="com.dmooers.karate_chop.KarateChopTest" time="0"/>
  <testcase name="shouldFindElement{SearchStrategyTestArgs}[1635]" classname="com.dmooers.karate_chop.KarateChopTest" time="0"/>
  <testcase name="shouldFindElement{SearchStrategyTestArgs}[1636]" classname="com.dmooers.karate_chop.KarateChopTest" time="0"/>
  <testcase name="shouldFindElement{SearchStrategyTestArgs}[1637]" classname="com.dmooers.karate_chop.KarateChopTest" time="0"/>
  <testcase name="shouldFindElement{SearchStrategyTestArgs}[1638]" classname="com.dmooers.karate_chop.KarateChopTest" time="0"/>
  <testcase name="shouldFindElement{SearchStrategyTestArgs}[1639]" classname="com.dmooers.karate_chop.KarateChopTest" time="0"/>
  <testcase name="shouldFindElement{SearchStrategyTestArgs}[1640]" classname="com.dmooers.karate_chop.KarateChopTest" time="0"/>
  <testcase name="shouldFindElement{SearchStrategyTestArgs}[1641]" classname="com.dmooers.karate_chop.KarateChopTest" time="0"/>
  <testcase name="shouldFindElement{SearchStrategyTestArgs}[1642]" classname="com.dmooers.karate_chop.KarateChopTest" time="0"/>
  <testcase name="shouldFindElement{SearchStrategyTestArgs}[1643]" classname="com.dmooers.karate_chop.KarateChopTest" time="0"/>
  <testcase name="shouldFindElement{SearchStrategyTestArgs}[1644]" classname="com.dmooers.karate_chop.KarateChopTest" time="0"/>
  <testcase name="shouldFindElement{SearchStrategyTestArgs}[1645]" classname="com.dmooers.karate_chop.KarateChopTest" time="0"/>
  <testcase name="shouldFindElement{SearchStrategyTestArgs}[1646]" classname="com.dmooers.karate_chop.KarateChopTest" time="0"/>
  <testcase name="shouldFindElement{SearchStrategyTestArgs}[1647]" classname="com.dmooers.karate_chop.KarateChopTest" time="0"/>
  <testcase name="shouldFindElement{SearchStrategyTestArgs}[1648]" classname="com.dmooers.karate_chop.KarateChopTest" time="0"/>
  <testcase name="shouldFindElement{SearchStrategyTestArgs}[1649]" classname="com.dmooers.karate_chop.KarateChopTest" time="0"/>
  <testcase name="shouldFindElement{SearchStrategyTestArgs}[1650]" classname="com.dmooers.karate_chop.KarateChopTest" time="0"/>
  <testcase name="shouldFindElement{SearchStrategyTestArgs}[1651]" classname="com.dmooers.karate_chop.KarateChopTest" time="0"/>
  <testcase name="shouldFindElement{SearchStrategyTestArgs}[1652]" classname="com.dmooers.karate_chop.KarateChopTest" time="0"/>
  <testcase name="shouldFindElement{SearchStrategyTestArgs}[1653]" classname="com.dmooers.karate_chop.KarateChopTest" time="0"/>
  <testcase name="shouldFindElement{SearchStrategyTestArgs}[1654]" classname="com.dmooers.karate_chop.KarateChopTest" time="0"/>
  <testcase name="shouldFindElement{SearchStrategyTestArgs}[1655]" classname="com.dmooers.karate_chop.KarateChopTest" time="0"/>
  <testcase name="shouldFindElement{SearchStrategyTestArgs}[1656]" classname="com.dmooers.karate_chop.KarateChopTest" time="0"/>
  <testcase name="shouldFindElement{SearchStrategyTestArgs}[1657]" classname="com.dmooers.karate_chop.KarateChopTest" time="0"/>
  <testcase name="shouldFindElement{SearchStrategyTestArgs}[1658]" classname="com.dmooers.karate_chop.KarateChopTest" time="0"/>
  <testcase name="shouldFindElement{SearchStrategyTestArgs}[1659]" classname="com.dmooers.karate_chop.KarateChopTest" time="0"/>
  <testcase name="shouldFindElement{SearchStrategyTestArgs}[1660]" classname="com.dmooers.karate_chop.KarateChopTest" time="0"/>
  <testcase name="shouldFindElement{SearchStrategyTestArgs}[1661]" classname="com.dmooers.karate_chop.KarateChopTest" time="0"/>
  <testcase name="shouldFindElement{SearchStrategyTestArgs}[1662]" classname="com.dmooers.karate_chop.KarateChopTest" time="0"/>
  <testcase name="shouldFindElement{SearchStrategyTestArgs}[1663]" classname="com.dmooers.karate_chop.KarateChopTest" time="0"/>
  <testcase name="shouldFindElement{SearchStrategyTestArgs}[1664]" classname="com.dmooers.karate_chop.KarateChopTest" time="0"/>
  <testcase name="shouldFindElement{SearchStrategyTestArgs}[1665]" classname="com.dmooers.karate_chop.KarateChopTest" time="0"/>
  <testcase name="shouldFindElement{SearchStrategyTestArgs}[1666]" classname="com.dmooers.karate_chop.KarateChopTest" time="0"/>
  <testcase name="shouldFindElement{SearchStrategyTestArgs}[1667]" classname="com.dmooers.karate_chop.KarateChopTest" time="0"/>
  <testcase name="shouldFindElement{SearchStrategyTestArgs}[1668]" classname="com.dmooers.karate_chop.KarateChopTest" time="0"/>
  <testcase name="shouldFindElement{SearchStrategyTestArgs}[1669]" classname="com.dmooers.karate_chop.KarateChopTest" time="0"/>
  <testcase name="shouldFindElement{SearchStrategyTestArgs}[1670]" classname="com.dmooers.karate_chop.KarateChopTest" time="0"/>
  <testcase name="shouldFindElement{SearchStrategyTestArgs}[1671]" classname="com.dmooers.karate_chop.KarateChopTest" time="0"/>
  <testcase name="shouldFindElement{SearchStrategyTestArgs}[1672]" classname="com.dmooers.karate_chop.KarateChopTest" time="0"/>
  <testcase name="shouldFindElement{SearchStrategyTestArgs}[1673]" classname="com.dmooers.karate_chop.KarateChopTest" time="0"/>
  <testcase name="shouldFindElement{SearchStrategyTestArgs}[1674]" classname="com.dmooers.karate_chop.KarateChopTest" time="0"/>
  <testcase name="shouldFindElement{SearchStrategyTestArgs}[1675]" classname="com.dmooers.karate_chop.KarateChopTest" time="0"/>
  <testcase name="shouldFindElement{SearchStrategyTestArgs}[1676]" classname="com.dmooers.karate_chop.KarateChopTest" time="0"/>
  <testcase name="shouldFindElement{SearchStrategyTestArgs}[1677]" classname="com.dmooers.karate_chop.KarateChopTest" time="0"/>
  <testcase name="shouldFindElement{SearchStrategyTestArgs}[1678]" classname="com.dmooers.karate_chop.KarateChopTest" time="0"/>
  <testcase name="shouldFindElement{SearchStrategyTestArgs}[1679]" classname="com.dmooers.karate_chop.KarateChopTest" time="0"/>
  <testcase name="shouldFindElement{SearchStrategyTestArgs}[1680]" classname="com.dmooers.karate_chop.KarateChopTest" time="0"/>
  <testcase name="shouldFindElement{SearchStrategyTestArgs}[1681]" classname="com.dmooers.karate_chop.KarateChopTest" time="0"/>
  <testcase name="shouldFindElement{SearchStrategyTestArgs}[1682]" classname="com.dmooers.karate_chop.KarateChopTest" time="0"/>
  <testcase name="shouldFindElement{SearchStrategyTestArgs}[1683]" classname="com.dmooers.karate_chop.KarateChopTest" time="0"/>
  <testcase name="shouldFindElement{SearchStrategyTestArgs}[1684]" classname="com.dmooers.karate_chop.KarateChopTest" time="0"/>
  <testcase name="shouldFindElement{SearchStrategyTestArgs}[1685]" classname="com.dmooers.karate_chop.KarateChopTest" time="0"/>
  <testcase name="shouldFindElement{SearchStrategyTestArgs}[1686]" classname="com.dmooers.karate_chop.KarateChopTest" time="0"/>
  <testcase name="shouldFindElement{SearchStrategyTestArgs}[1687]" classname="com.dmooers.karate_chop.KarateChopTest" time="0"/>
  <testcase name="shouldFindElement{SearchStrategyTestArgs}[1688]" classname="com.dmooers.karate_chop.KarateChopTest" time="0"/>
  <testcase name="shouldFindElement{SearchStrategyTestArgs}[1689]" classname="com.dmooers.karate_chop.KarateChopTest" time="0"/>
  <testcase name="shouldFindElement{SearchStrategyTestArgs}[1690]" classname="com.dmooers.karate_chop.KarateChopTest" time="0"/>
  <testcase name="shouldFindElement{SearchStrategyTestArgs}[1691]" classname="com.dmooers.karate_chop.KarateChopTest" time="0"/>
  <testcase name="shouldFindElement{SearchStrategyTestArgs}[1692]" classname="com.dmooers.karate_chop.KarateChopTest" time="0"/>
  <testcase name="shouldFindElement{SearchStrategyTestArgs}[1693]" classname="com.dmooers.karate_chop.KarateChopTest" time="0"/>
  <testcase name="shouldFindElement{SearchStrategyTestArgs}[1694]" classname="com.dmooers.karate_chop.KarateChopTest" time="0"/>
  <testcase name="shouldFindElement{SearchStrategyTestArgs}[1695]" classname="com.dmooers.karate_chop.KarateChopTest" time="0"/>
  <testcase name="shouldFindElement{SearchStrategyTestArgs}[1696]" classname="com.dmooers.karate_chop.KarateChopTest" time="0"/>
  <testcase name="shouldFindElement{SearchStrategyTestArgs}[1697]" classname="com.dmooers.karate_chop.KarateChopTest" time="0"/>
  <testcase name="shouldFindElement{SearchStrategyTestArgs}[1698]" classname="com.dmooers.karate_chop.KarateChopTest" time="0"/>
  <testcase name="shouldFindElement{SearchStrategyTestArgs}[1699]" classname="com.dmooers.karate_chop.KarateChopTest" time="0"/>
  <testcase name="shouldFindElement{SearchStrategyTestArgs}[1700]" classname="com.dmooers.karate_chop.KarateChopTest" time="0"/>
  <testcase name="shouldFindElement{SearchStrategyTestArgs}[1701]" classname="com.dmooers.karate_chop.KarateChopTest" time="0"/>
  <testcase name="shouldFindElement{SearchStrategyTestArgs}[1702]" classname="com.dmooers.karate_chop.KarateChopTest" time="0"/>
  <testcase name="shouldFindElement{SearchStrategyTestArgs}[1703]" classname="com.dmooers.karate_chop.KarateChopTest" time="0"/>
  <testcase name="shouldFindElement{SearchStrategyTestArgs}[1704]" classname="com.dmooers.karate_chop.KarateChopTest" time="0"/>
  <testcase name="shouldFindElement{SearchStrategyTestArgs}[1705]" classname="com.dmooers.karate_chop.KarateChopTest" time="0"/>
  <testcase name="shouldFindElement{SearchStrategyTestArgs}[1706]" classname="com.dmooers.karate_chop.KarateChopTest" time="0"/>
  <testcase name="shouldFindElement{SearchStrategyTestArgs}[1707]" classname="com.dmooers.karate_chop.KarateChopTest" time="0"/>
  <testcase name="shouldFindElement{SearchStrategyTestArgs}[1708]" classname="com.dmooers.karate_chop.KarateChopTest" time="0"/>
  <testcase name="shouldFindElement{SearchStrategyTestArgs}[1709]" classname="com.dmooers.karate_chop.KarateChopTest" time="0"/>
  <testcase name="shouldFindElement{SearchStrategyTestArgs}[1710]" classname="com.dmooers.karate_chop.KarateChopTest" time="0"/>
  <testcase name="shouldFindElement{SearchStrategyTestArgs}[1711]" classname="com.dmooers.karate_chop.KarateChopTest" time="0"/>
  <testcase name="shouldFindElement{SearchStrategyTestArgs}[1712]" classname="com.dmooers.karate_chop.KarateChopTest" time="0"/>
  <testcase name="shouldFindElement{SearchStrategyTestArgs}[1713]" classname="com.dmooers.karate_chop.KarateChopTest" time="0"/>
  <testcase name="shouldFindElement{SearchStrategyTestArgs}[1714]" classname="com.dmooers.karate_chop.KarateChopTest" time="0"/>
  <testcase name="shouldFindElement{SearchStrategyTestArgs}[1715]" classname="com.dmooers.karate_chop.KarateChopTest" time="0"/>
  <testcase name="shouldFindElement{SearchStrategyTestArgs}[1716]" classname="com.dmooers.karate_chop.KarateChopTest" time="0"/>
  <testcase name="shouldFindElement{SearchStrategyTestArgs}[1717]" classname="com.dmooers.karate_chop.KarateChopTest" time="0"/>
  <testcase name="shouldFindElement{SearchStrategyTestArgs}[1718]" classname="com.dmooers.karate_chop.KarateChopTest" time="0"/>
  <testcase name="shouldFindElement{SearchStrategyTestArgs}[1719]" classname="com.dmooers.karate_chop.KarateChopTest" time="0"/>
  <testcase name="shouldFindElement{SearchStrategyTestArgs}[1720]" classname="com.dmooers.karate_chop.KarateChopTest" time="0"/>
  <testcase name="shouldFindElement{SearchStrategyTestArgs}[1721]" classname="com.dmooers.karate_chop.KarateChopTest" time="0"/>
  <testcase name="shouldFindElement{SearchStrategyTestArgs}[1722]" classname="com.dmooers.karate_chop.KarateChopTest" time="0"/>
  <testcase name="shouldFindElement{SearchStrategyTestArgs}[1723]" classname="com.dmooers.karate_chop.KarateChopTest" time="0.001"/>
  <testcase name="shouldFindElement{SearchStrategyTestArgs}[1724]" classname="com.dmooers.karate_chop.KarateChopTest" time="0"/>
  <testcase name="shouldFindElement{SearchStrategyTestArgs}[1725]" classname="com.dmooers.karate_chop.KarateChopTest" time="0"/>
  <testcase name="shouldFindElement{SearchStrategyTestArgs}[1726]" classname="com.dmooers.karate_chop.KarateChopTest" time="0"/>
  <testcase name="shouldFindElement{SearchStrategyTestArgs}[1727]" classname="com.dmooers.karate_chop.KarateChopTest" time="0"/>
  <testcase name="shouldFindElement{SearchStrategyTestArgs}[1728]" classname="com.dmooers.karate_chop.KarateChopTest" time="0"/>
  <testcase name="shouldFindElement{SearchStrategyTestArgs}[1729]" classname="com.dmooers.karate_chop.KarateChopTest" time="0"/>
  <testcase name="shouldFindElement{SearchStrategyTestArgs}[1730]" classname="com.dmooers.karate_chop.KarateChopTest" time="0"/>
  <testcase name="shouldFindElement{SearchStrategyTestArgs}[1731]" classname="com.dmooers.karate_chop.KarateChopTest" time="0"/>
  <testcase name="shouldFindElement{SearchStrategyTestArgs}[1732]" classname="com.dmooers.karate_chop.KarateChopTest" time="0.001"/>
  <testcase name="shouldFindElement{SearchStrategyTestArgs}[1733]" classname="com.dmooers.karate_chop.KarateChopTest" time="0"/>
  <testcase name="shouldFindElement{SearchStrategyTestArgs}[1734]" classname="com.dmooers.karate_chop.KarateChopTest" time="0"/>
  <testcase name="shouldFindElement{SearchStrategyTestArgs}[1735]" classname="com.dmooers.karate_chop.KarateChopTest" time="0"/>
  <testcase name="shouldFindElement{SearchStrategyTestArgs}[1736]" classname="com.dmooers.karate_chop.KarateChopTest" time="0"/>
  <testcase name="shouldFindElement{SearchStrategyTestArgs}[1737]" classname="com.dmooers.karate_chop.KarateChopTest" time="0"/>
  <testcase name="shouldFindElement{SearchStrategyTestArgs}[1738]" classname="com.dmooers.karate_chop.KarateChopTest" time="0"/>
  <testcase name="shouldFindElement{SearchStrategyTestArgs}[1739]" classname="com.dmooers.karate_chop.KarateChopTest" time="0"/>
  <testcase name="shouldFindElement{SearchStrategyTestArgs}[1740]" classname="com.dmooers.karate_chop.KarateChopTest" time="0"/>
  <testcase name="shouldFindElement{SearchStrategyTestArgs}[1741]" classname="com.dmooers.karate_chop.KarateChopTest" time="0"/>
  <testcase name="shouldFindElement{SearchStrategyTestArgs}[1742]" classname="com.dmooers.karate_chop.KarateChopTest" time="0"/>
  <testcase name="shouldFindElement{SearchStrategyTestArgs}[1743]" classname="com.dmooers.karate_chop.KarateChopTest" time="0"/>
  <testcase name="shouldFindElement{SearchStrategyTestArgs}[1744]" classname="com.dmooers.karate_chop.KarateChopTest" time="0"/>
  <testcase name="shouldFindElement{SearchStrategyTestArgs}[1745]" classname="com.dmooers.karate_chop.KarateChopTest" time="0"/>
  <testcase name="shouldFindElement{SearchStrategyTestArgs}[1746]" classname="com.dmooers.karate_chop.KarateChopTest" time="0"/>
  <testcase name="shouldFindElement{SearchStrategyTestArgs}[1747]" classname="com.dmooers.karate_chop.KarateChopTest" time="0"/>
  <testcase name="shouldFindElement{SearchStrategyTestArgs}[1748]" classname="com.dmooers.karate_chop.KarateChopTest" time="0"/>
  <testcase name="shouldFindElement{SearchStrategyTestArgs}[1749]" classname="com.dmooers.karate_chop.KarateChopTest" time="0.001"/>
  <testcase name="shouldFindElement{SearchStrategyTestArgs}[1750]" classname="com.dmooers.karate_chop.KarateChopTest" time="0"/>
  <testcase name="shouldFindElement{SearchStrategyTestArgs}[1751]" classname="com.dmooers.karate_chop.KarateChopTest" time="0"/>
  <testcase name="shouldFindElement{SearchStrategyTestArgs}[1752]" classname="com.dmooers.karate_chop.KarateChopTest" time="0"/>
  <testcase name="shouldFindElement{SearchStrategyTestArgs}[1753]" classname="com.dmooers.karate_chop.KarateChopTest" time="0"/>
  <testcase name="shouldFindElement{SearchStrategyTestArgs}[1754]" classname="com.dmooers.karate_chop.KarateChopTest" time="0"/>
  <testcase name="shouldFindElement{SearchStrategyTestArgs}[1755]" classname="com.dmooers.karate_chop.KarateChopTest" time="0"/>
  <testcase name="shouldFindElement{SearchStrategyTestArgs}[1756]" classname="com.dmooers.karate_chop.KarateChopTest" time="0"/>
  <testcase name="shouldFindElement{SearchStrategyTestArgs}[1757]" classname="com.dmooers.karate_chop.KarateChopTest" time="0"/>
  <testcase name="shouldFindElement{SearchStrategyTestArgs}[1758]" classname="com.dmooers.karate_chop.KarateChopTest" time="0"/>
  <testcase name="shouldFindElement{SearchStrategyTestArgs}[1759]" classname="com.dmooers.karate_chop.KarateChopTest" time="0"/>
  <testcase name="shouldFindElement{SearchStrategyTestArgs}[1760]" classname="com.dmooers.karate_chop.KarateChopTest" time="0"/>
  <testcase name="shouldFindElement{SearchStrategyTestArgs}[1761]" classname="com.dmooers.karate_chop.KarateChopTest" time="0"/>
  <testcase name="shouldFindElement{SearchStrategyTestArgs}[1762]" classname="com.dmooers.karate_chop.KarateChopTest" time="0"/>
  <testcase name="shouldFindElement{SearchStrategyTestArgs}[1763]" classname="com.dmooers.karate_chop.KarateChopTest" time="0"/>
  <testcase name="shouldFindElement{SearchStrategyTestArgs}[1764]" classname="com.dmooers.karate_chop.KarateChopTest" time="0"/>
  <testcase name="shouldFindElement{SearchStrategyTestArgs}[1765]" classname="com.dmooers.karate_chop.KarateChopTest" time="0"/>
  <testcase name="shouldFindElement{SearchStrategyTestArgs}[1766]" classname="com.dmooers.karate_chop.KarateChopTest" time="0"/>
  <testcase name="shouldFindElement{SearchStrategyTestArgs}[1767]" classname="com.dmooers.karate_chop.KarateChopTest" time="0"/>
  <testcase name="shouldFindElement{SearchStrategyTestArgs}[1768]" classname="com.dmooers.karate_chop.KarateChopTest" time="0"/>
  <testcase name="shouldFindElement{SearchStrategyTestArgs}[1769]" classname="com.dmooers.karate_chop.KarateChopTest" time="0"/>
  <testcase name="shouldFindElement{SearchStrategyTestArgs}[1770]" classname="com.dmooers.karate_chop.KarateChopTest" time="0"/>
  <testcase name="shouldFindElement{SearchStrategyTestArgs}[1771]" classname="com.dmooers.karate_chop.KarateChopTest" time="0"/>
  <testcase name="shouldFindElement{SearchStrategyTestArgs}[1772]" classname="com.dmooers.karate_chop.KarateChopTest" time="0"/>
  <testcase name="shouldFindElement{SearchStrategyTestArgs}[1773]" classname="com.dmooers.karate_chop.KarateChopTest" time="0"/>
  <testcase name="shouldFindElement{SearchStrategyTestArgs}[1774]" classname="com.dmooers.karate_chop.KarateChopTest" time="0"/>
  <testcase name="shouldFindElement{SearchStrategyTestArgs}[1775]" classname="com.dmooers.karate_chop.KarateChopTest" time="0"/>
  <testcase name="shouldFindElement{SearchStrategyTestArgs}[1776]" classname="com.dmooers.karate_chop.KarateChopTest" time="0"/>
  <testcase name="shouldFindElement{SearchStrategyTestArgs}[1777]" classname="com.dmooers.karate_chop.KarateChopTest" time="0"/>
  <testcase name="shouldFindElement{SearchStrategyTestArgs}[1778]" classname="com.dmooers.karate_chop.KarateChopTest" time="0"/>
  <testcase name="shouldFindElement{SearchStrategyTestArgs}[1779]" classname="com.dmooers.karate_chop.KarateChopTest" time="0"/>
  <testcase name="shouldFindElement{SearchStrategyTestArgs}[1780]" classname="com.dmooers.karate_chop.KarateChopTest" time="0"/>
  <testcase name="shouldFindElement{SearchStrategyTestArgs}[1781]" classname="com.dmooers.karate_chop.KarateChopTest" time="0"/>
  <testcase name="shouldFindElement{SearchStrategyTestArgs}[1782]" classname="com.dmooers.karate_chop.KarateChopTest" time="0"/>
  <testcase name="shouldFindElement{SearchStrategyTestArgs}[1783]" classname="com.dmooers.karate_chop.KarateChopTest" time="0"/>
  <testcase name="shouldFindElement{SearchStrategyTestArgs}[1784]" classname="com.dmooers.karate_chop.KarateChopTest" time="0.001"/>
  <testcase name="shouldFindElement{SearchStrategyTestArgs}[1785]" classname="com.dmooers.karate_chop.KarateChopTest" time="0"/>
  <testcase name="shouldFindElement{SearchStrategyTestArgs}[1786]" classname="com.dmooers.karate_chop.KarateChopTest" time="0"/>
  <testcase name="shouldFindElement{SearchStrategyTestArgs}[1787]" classname="com.dmooers.karate_chop.KarateChopTest" time="0"/>
  <testcase name="shouldFindElement{SearchStrategyTestArgs}[1788]" classname="com.dmooers.karate_chop.KarateChopTest" time="0"/>
  <testcase name="shouldFindElement{SearchStrategyTestArgs}[1789]" classname="com.dmooers.karate_chop.KarateChopTest" time="0"/>
  <testcase name="shouldFindElement{SearchStrategyTestArgs}[1790]" classname="com.dmooers.karate_chop.KarateChopTest" time="0"/>
  <testcase name="shouldFindElement{SearchStrategyTestArgs}[1791]" classname="com.dmooers.karate_chop.KarateChopTest" time="0"/>
  <testcase name="shouldFindElement{SearchStrategyTestArgs}[1792]" classname="com.dmooers.karate_chop.KarateChopTest" time="0"/>
  <testcase name="shouldFindElement{SearchStrategyTestArgs}[1793]" classname="com.dmooers.karate_chop.KarateChopTest" time="0"/>
  <testcase name="shouldFindElement{SearchStrategyTestArgs}[1794]" classname="com.dmooers.karate_chop.KarateChopTest" time="0"/>
  <testcase name="shouldFindElement{SearchStrategyTestArgs}[1795]" classname="com.dmooers.karate_chop.KarateChopTest" time="0"/>
  <testcase name="shouldFindElement{SearchStrategyTestArgs}[1796]" classname="com.dmooers.karate_chop.KarateChopTest" time="0"/>
  <testcase name="shouldFindElement{SearchStrategyTestArgs}[1797]" classname="com.dmooers.karate_chop.KarateChopTest" time="0"/>
  <testcase name="shouldFindElement{SearchStrategyTestArgs}[1798]" classname="com.dmooers.karate_chop.KarateChopTest" time="0"/>
  <testcase name="shouldFindElement{SearchStrategyTestArgs}[1799]" classname="com.dmooers.karate_chop.KarateChopTest" time="0"/>
  <testcase name="shouldFindElement{SearchStrategyTestArgs}[1800]" classname="com.dmooers.karate_chop.KarateChopTest" time="0"/>
  <testcase name="shouldFindElement{SearchStrategyTestArgs}[1801]" classname="com.dmooers.karate_chop.KarateChopTest" time="0"/>
  <testcase name="shouldFindElement{SearchStrategyTestArgs}[1802]" classname="com.dmooers.karate_chop.KarateChopTest" time="0"/>
  <testcase name="shouldFindElement{SearchStrategyTestArgs}[1803]" classname="com.dmooers.karate_chop.KarateChopTest" time="0"/>
  <testcase name="shouldFindElement{SearchStrategyTestArgs}[1804]" classname="com.dmooers.karate_chop.KarateChopTest" time="0"/>
  <testcase name="shouldFindElement{SearchStrategyTestArgs}[1805]" classname="com.dmooers.karate_chop.KarateChopTest" time="0"/>
  <testcase name="shouldFindElement{SearchStrategyTestArgs}[1806]" classname="com.dmooers.karate_chop.KarateChopTest" time="0.001"/>
  <testcase name="shouldFindElement{SearchStrategyTestArgs}[1807]" classname="com.dmooers.karate_chop.KarateChopTest" time="0"/>
  <testcase name="shouldFindElement{SearchStrategyTestArgs}[1808]" classname="com.dmooers.karate_chop.KarateChopTest" time="0"/>
  <testcase name="shouldFindElement{SearchStrategyTestArgs}[1809]" classname="com.dmooers.karate_chop.KarateChopTest" time="0"/>
  <testcase name="shouldFindElement{SearchStrategyTestArgs}[1810]" classname="com.dmooers.karate_chop.KarateChopTest" time="0"/>
  <testcase name="shouldFindElement{SearchStrategyTestArgs}[1811]" classname="com.dmooers.karate_chop.KarateChopTest" time="0"/>
  <testcase name="shouldFindElement{SearchStrategyTestArgs}[1812]" classname="com.dmooers.karate_chop.KarateChopTest" time="0"/>
  <testcase name="shouldFindElement{SearchStrategyTestArgs}[1813]" classname="com.dmooers.karate_chop.KarateChopTest" time="0"/>
  <testcase name="shouldFindElement{SearchStrategyTestArgs}[1814]" classname="com.dmooers.karate_chop.KarateChopTest" time="0"/>
  <testcase name="shouldFindElement{SearchStrategyTestArgs}[1815]" classname="com.dmooers.karate_chop.KarateChopTest" time="0"/>
  <testcase name="shouldFindElement{SearchStrategyTestArgs}[1816]" classname="com.dmooers.karate_chop.KarateChopTest" time="0"/>
  <testcase name="shouldFindElement{SearchStrategyTestArgs}[1817]" classname="com.dmooers.karate_chop.KarateChopTest" time="0"/>
  <testcase name="shouldFindElement{SearchStrategyTestArgs}[1818]" classname="com.dmooers.karate_chop.KarateChopTest" time="0"/>
  <testcase name="shouldFindElement{SearchStrategyTestArgs}[1819]" classname="com.dmooers.karate_chop.KarateChopTest" time="0"/>
  <testcase name="shouldFindElement{SearchStrategyTestArgs}[1820]" classname="com.dmooers.karate_chop.KarateChopTest" time="0"/>
  <testcase name="shouldFindElement{SearchStrategyTestArgs}[1821]" classname="com.dmooers.karate_chop.KarateChopTest" time="0"/>
  <testcase name="shouldFindElement{SearchStrategyTestArgs}[1822]" classname="com.dmooers.karate_chop.KarateChopTest" time="0"/>
  <testcase name="shouldFindElement{SearchStrategyTestArgs}[1823]" classname="com.dmooers.karate_chop.KarateChopTest" time="0"/>
  <testcase name="shouldFindElement{SearchStrategyTestArgs}[1824]" classname="com.dmooers.karate_chop.KarateChopTest" time="0"/>
  <testcase name="shouldFindElement{SearchStrategyTestArgs}[1825]" classname="com.dmooers.karate_chop.KarateChopTest" time="0"/>
  <testcase name="shouldFindElement{SearchStrategyTestArgs}[1826]" classname="com.dmooers.karate_chop.KarateChopTest" time="0.001"/>
  <testcase name="shouldFindElement{SearchStrategyTestArgs}[1827]" classname="com.dmooers.karate_chop.KarateChopTest" time="0"/>
  <testcase name="shouldFindElement{SearchStrategyTestArgs}[1828]" classname="com.dmooers.karate_chop.KarateChopTest" time="0"/>
  <testcase name="shouldFindElement{SearchStrategyTestArgs}[1829]" classname="com.dmooers.karate_chop.KarateChopTest" time="0"/>
  <testcase name="shouldFindElement{SearchStrategyTestArgs}[1830]" classname="com.dmooers.karate_chop.KarateChopTest" time="0"/>
  <testcase name="shouldFindElement{SearchStrategyTestArgs}[1831]" classname="com.dmooers.karate_chop.KarateChopTest" time="0"/>
  <testcase name="shouldFindElement{SearchStrategyTestArgs}[1832]" classname="com.dmooers.karate_chop.KarateChopTest" time="0"/>
  <testcase name="shouldFindElement{SearchStrategyTestArgs}[1833]" classname="com.dmooers.karate_chop.KarateChopTest" time="0"/>
  <testcase name="shouldFindElement{SearchStrategyTestArgs}[1834]" classname="com.dmooers.karate_chop.KarateChopTest" time="0"/>
  <testcase name="shouldFindElement{SearchStrategyTestArgs}[1835]" classname="com.dmooers.karate_chop.KarateChopTest" time="0"/>
  <testcase name="shouldFindElement{SearchStrategyTestArgs}[1836]" classname="com.dmooers.karate_chop.KarateChopTest" time="0"/>
  <testcase name="shouldFindElement{SearchStrategyTestArgs}[1837]" classname="com.dmooers.karate_chop.KarateChopTest" time="0"/>
  <testcase name="shouldFindElement{SearchStrategyTestArgs}[1838]" classname="com.dmooers.karate_chop.KarateChopTest" time="0"/>
  <testcase name="shouldFindElement{SearchStrategyTestArgs}[1839]" classname="com.dmooers.karate_chop.KarateChopTest" time="0"/>
  <testcase name="shouldFindElement{SearchStrategyTestArgs}[1840]" classname="com.dmooers.karate_chop.KarateChopTest" time="0"/>
  <testcase name="shouldFindElement{SearchStrategyTestArgs}[1841]" classname="com.dmooers.karate_chop.KarateChopTest" time="0"/>
  <testcase name="shouldFindElement{SearchStrategyTestArgs}[1842]" classname="com.dmooers.karate_chop.KarateChopTest" time="0"/>
  <testcase name="shouldFindElement{SearchStrategyTestArgs}[1843]" classname="com.dmooers.karate_chop.KarateChopTest" time="0"/>
  <testcase name="shouldFindElement{SearchStrategyTestArgs}[1844]" classname="com.dmooers.karate_chop.KarateChopTest" time="0"/>
  <testcase name="shouldFindElement{SearchStrategyTestArgs}[1845]" classname="com.dmooers.karate_chop.KarateChopTest" time="0"/>
  <testcase name="shouldFindElement{SearchStrategyTestArgs}[1846]" classname="com.dmooers.karate_chop.KarateChopTest" time="0"/>
  <testcase name="shouldFindElement{SearchStrategyTestArgs}[1847]" classname="com.dmooers.karate_chop.KarateChopTest" time="0"/>
  <testcase name="shouldFindElement{SearchStrategyTestArgs}[1848]" classname="com.dmooers.karate_chop.KarateChopTest" time="0"/>
  <testcase name="shouldFindElement{SearchStrategyTestArgs}[1849]" classname="com.dmooers.karate_chop.KarateChopTest" time="0"/>
  <testcase name="shouldFindElement{SearchStrategyTestArgs}[1850]" classname="com.dmooers.karate_chop.KarateChopTest" time="0"/>
  <testcase name="shouldFindElement{SearchStrategyTestArgs}[1851]" classname="com.dmooers.karate_chop.KarateChopTest" time="0"/>
  <testcase name="shouldFindElement{SearchStrategyTestArgs}[1852]" classname="com.dmooers.karate_chop.KarateChopTest" time="0"/>
  <testcase name="shouldFindElement{SearchStrategyTestArgs}[1853]" classname="com.dmooers.karate_chop.KarateChopTest" time="0"/>
  <testcase name="shouldFindElement{SearchStrategyTestArgs}[1854]" classname="com.dmooers.karate_chop.KarateChopTest" time="0.001"/>
  <testcase name="shouldFindElement{SearchStrategyTestArgs}[1855]" classname="com.dmooers.karate_chop.KarateChopTest" time="0"/>
  <testcase name="shouldFindElement{SearchStrategyTestArgs}[1856]" classname="com.dmooers.karate_chop.KarateChopTest" time="0"/>
  <testcase name="shouldFindElement{SearchStrategyTestArgs}[1857]" classname="com.dmooers.karate_chop.KarateChopTest" time="0.001"/>
  <testcase name="shouldFindElement{SearchStrategyTestArgs}[1858]" classname="com.dmooers.karate_chop.KarateChopTest" time="0"/>
  <testcase name="shouldFindElement{SearchStrategyTestArgs}[1859]" classname="com.dmooers.karate_chop.KarateChopTest" time="0"/>
  <testcase name="shouldFindElement{SearchStrategyTestArgs}[1860]" classname="com.dmooers.karate_chop.KarateChopTest" time="0"/>
  <testcase name="shouldFindElement{SearchStrategyTestArgs}[1861]" classname="com.dmooers.karate_chop.KarateChopTest" time="0"/>
  <testcase name="shouldFindElement{SearchStrategyTestArgs}[1862]" classname="com.dmooers.karate_chop.KarateChopTest" time="0"/>
  <testcase name="shouldFindElement{SearchStrategyTestArgs}[1863]" classname="com.dmooers.karate_chop.KarateChopTest" time="0"/>
  <testcase name="shouldFindElement{SearchStrategyTestArgs}[1864]" classname="com.dmooers.karate_chop.KarateChopTest" time="0"/>
  <testcase name="shouldFindElement{SearchStrategyTestArgs}[1865]" classname="com.dmooers.karate_chop.KarateChopTest" time="0"/>
  <testcase name="shouldFindElement{SearchStrategyTestArgs}[1866]" classname="com.dmooers.karate_chop.KarateChopTest" time="0"/>
  <testcase name="shouldFindElement{SearchStrategyTestArgs}[1867]" classname="com.dmooers.karate_chop.KarateChopTest" time="0"/>
  <testcase name="shouldFindElement{SearchStrategyTestArgs}[1868]" classname="com.dmooers.karate_chop.KarateChopTest" time="0"/>
  <testcase name="shouldFindElement{SearchStrategyTestArgs}[1869]" classname="com.dmooers.karate_chop.KarateChopTest" time="0"/>
  <testcase name="shouldFindElement{SearchStrategyTestArgs}[1870]" classname="com.dmooers.karate_chop.KarateChopTest" time="0"/>
  <testcase name="shouldFindElement{SearchStrategyTestArgs}[1871]" classname="com.dmooers.karate_chop.KarateChopTest" time="0"/>
  <testcase name="shouldFindElement{SearchStrategyTestArgs}[1872]" classname="com.dmooers.karate_chop.KarateChopTest" time="0"/>
  <testcase name="shouldFindElement{SearchStrategyTestArgs}[1873]" classname="com.dmooers.karate_chop.KarateChopTest" time="0.001"/>
  <testcase name="shouldFindElement{SearchStrategyTestArgs}[1874]" classname="com.dmooers.karate_chop.KarateChopTest" time="0"/>
  <testcase name="shouldFindElement{SearchStrategyTestArgs}[1875]" classname="com.dmooers.karate_chop.KarateChopTest" time="0"/>
  <testcase name="shouldFindElement{SearchStrategyTestArgs}[1876]" classname="com.dmooers.karate_chop.KarateChopTest" time="0"/>
  <testcase name="shouldFindElement{SearchStrategyTestArgs}[1877]" classname="com.dmooers.karate_chop.KarateChopTest" time="0"/>
  <testcase name="shouldFindElement{SearchStrategyTestArgs}[1878]" classname="com.dmooers.karate_chop.KarateChopTest" time="0"/>
  <testcase name="shouldFindElement{SearchStrategyTestArgs}[1879]" classname="com.dmooers.karate_chop.KarateChopTest" time="0"/>
  <testcase name="shouldFindElement{SearchStrategyTestArgs}[1880]" classname="com.dmooers.karate_chop.KarateChopTest" time="0"/>
  <testcase name="shouldFindElement{SearchStrategyTestArgs}[1881]" classname="com.dmooers.karate_chop.KarateChopTest" time="0"/>
  <testcase name="shouldFindElement{SearchStrategyTestArgs}[1882]" classname="com.dmooers.karate_chop.KarateChopTest" time="0"/>
  <testcase name="shouldFindElement{SearchStrategyTestArgs}[1883]" classname="com.dmooers.karate_chop.KarateChopTest" time="0.001"/>
  <testcase name="shouldFindElement{SearchStrategyTestArgs}[1884]" classname="com.dmooers.karate_chop.KarateChopTest" time="0"/>
  <testcase name="shouldFindElement{SearchStrategyTestArgs}[1885]" classname="com.dmooers.karate_chop.KarateChopTest" time="0"/>
  <testcase name="shouldFindElement{SearchStrategyTestArgs}[1886]" classname="com.dmooers.karate_chop.KarateChopTest" time="0"/>
  <testcase name="shouldFindElement{SearchStrategyTestArgs}[1887]" classname="com.dmooers.karate_chop.KarateChopTest" time="0"/>
  <testcase name="shouldFindElement{SearchStrategyTestArgs}[1888]" classname="com.dmooers.karate_chop.KarateChopTest" time="0"/>
  <testcase name="shouldFindElement{SearchStrategyTestArgs}[1889]" classname="com.dmooers.karate_chop.KarateChopTest" time="0"/>
  <testcase name="shouldFindElement{SearchStrategyTestArgs}[1890]" classname="com.dmooers.karate_chop.KarateChopTest" time="0"/>
  <testcase name="shouldFindElement{SearchStrategyTestArgs}[1891]" classname="com.dmooers.karate_chop.KarateChopTest" time="0"/>
  <testcase name="shouldFindElement{SearchStrategyTestArgs}[1892]" classname="com.dmooers.karate_chop.KarateChopTest" time="0"/>
  <testcase name="shouldFindElement{SearchStrategyTestArgs}[1893]" classname="com.dmooers.karate_chop.KarateChopTest" time="0.001"/>
  <testcase name="shouldFindElement{SearchStrategyTestArgs}[1894]" classname="com.dmooers.karate_chop.KarateChopTest" time="0"/>
  <testcase name="shouldFindElement{SearchStrategyTestArgs}[1895]" classname="com.dmooers.karate_chop.KarateChopTest" time="0"/>
  <testcase name="shouldFindElement{SearchStrategyTestArgs}[1896]" classname="com.dmooers.karate_chop.KarateChopTest" time="0"/>
  <testcase name="shouldFindElement{SearchStrategyTestArgs}[1897]" classname="com.dmooers.karate_chop.KarateChopTest" time="0"/>
  <testcase name="shouldFindElement{SearchStrategyTestArgs}[1898]" classname="com.dmooers.karate_chop.KarateChopTest" time="0"/>
  <testcase name="shouldFindElement{SearchStrategyTestArgs}[1899]" classname="com.dmooers.karate_chop.KarateChopTest" time="0"/>
  <testcase name="shouldFindElement{SearchStrategyTestArgs}[1900]" classname="com.dmooers.karate_chop.KarateChopTest" time="0"/>
  <testcase name="shouldFindElement{SearchStrategyTestArgs}[1901]" classname="com.dmooers.karate_chop.KarateChopTest" time="0"/>
  <testcase name="shouldFindElement{SearchStrategyTestArgs}[1902]" classname="com.dmooers.karate_chop.KarateChopTest" time="0"/>
  <testcase name="shouldFindElement{SearchStrategyTestArgs}[1903]" classname="com.dmooers.karate_chop.KarateChopTest" time="0"/>
  <testcase name="shouldFindElement{SearchStrategyTestArgs}[1904]" classname="com.dmooers.karate_chop.KarateChopTest" time="0"/>
  <testcase name="shouldFindElement{SearchStrategyTestArgs}[1905]" classname="com.dmooers.karate_chop.KarateChopTest" time="0"/>
  <testcase name="shouldFindElement{SearchStrategyTestArgs}[1906]" classname="com.dmooers.karate_chop.KarateChopTest" time="0"/>
  <testcase name="shouldFindElement{SearchStrategyTestArgs}[1907]" classname="com.dmooers.karate_chop.KarateChopTest" time="0"/>
  <testcase name="shouldFindElement{SearchStrategyTestArgs}[1908]" classname="com.dmooers.karate_chop.KarateChopTest" time="0"/>
  <testcase name="shouldFindElement{SearchStrategyTestArgs}[1909]" classname="com.dmooers.karate_chop.KarateChopTest" time="0"/>
  <testcase name="shouldFindElement{SearchStrategyTestArgs}[1910]" classname="com.dmooers.karate_chop.KarateChopTest" time="0"/>
  <testcase name="shouldFindElement{SearchStrategyTestArgs}[1911]" classname="com.dmooers.karate_chop.KarateChopTest" time="0.001"/>
  <testcase name="shouldFindElement{SearchStrategyTestArgs}[1912]" classname="com.dmooers.karate_chop.KarateChopTest" time="0"/>
  <testcase name="shouldFindElement{SearchStrategyTestArgs}[1913]" classname="com.dmooers.karate_chop.KarateChopTest" time="0"/>
  <testcase name="shouldFindElement{SearchStrategyTestArgs}[1914]" classname="com.dmooers.karate_chop.KarateChopTest" time="0"/>
  <testcase name="shouldFindElement{SearchStrategyTestArgs}[1915]" classname="com.dmooers.karate_chop.KarateChopTest" time="0"/>
  <testcase name="shouldFindElement{SearchStrategyTestArgs}[1916]" classname="com.dmooers.karate_chop.KarateChopTest" time="0"/>
  <testcase name="shouldFindElement{SearchStrategyTestArgs}[1917]" classname="com.dmooers.karate_chop.KarateChopTest" time="0"/>
  <testcase name="shouldFindElement{SearchStrategyTestArgs}[1918]" classname="com.dmooers.karate_chop.KarateChopTest" time="0"/>
  <testcase name="shouldFindElement{SearchStrategyTestArgs}[1919]" classname="com.dmooers.karate_chop.KarateChopTest" time="0"/>
  <testcase name="shouldFindElement{SearchStrategyTestArgs}[1920]" classname="com.dmooers.karate_chop.KarateChopTest" time="0"/>
  <testcase name="shouldFindElement{SearchStrategyTestArgs}[1921]" classname="com.dmooers.karate_chop.KarateChopTest" time="0.001"/>
  <testcase name="shouldFindElement{SearchStrategyTestArgs}[1922]" classname="com.dmooers.karate_chop.KarateChopTest" time="0"/>
  <testcase name="shouldFindElement{SearchStrategyTestArgs}[1923]" classname="com.dmooers.karate_chop.KarateChopTest" time="0"/>
  <testcase name="shouldFindElement{SearchStrategyTestArgs}[1924]" classname="com.dmooers.karate_chop.KarateChopTest" time="0"/>
  <testcase name="shouldFindElement{SearchStrategyTestArgs}[1925]" classname="com.dmooers.karate_chop.KarateChopTest" time="0"/>
  <testcase name="shouldFindElement{SearchStrategyTestArgs}[1926]" classname="com.dmooers.karate_chop.KarateChopTest" time="0"/>
  <testcase name="shouldFindElement{SearchStrategyTestArgs}[1927]" classname="com.dmooers.karate_chop.KarateChopTest" time="0"/>
  <testcase name="shouldFindElement{SearchStrategyTestArgs}[1928]" classname="com.dmooers.karate_chop.KarateChopTest" time="0"/>
  <testcase name="shouldFindElement{SearchStrategyTestArgs}[1929]" classname="com.dmooers.karate_chop.KarateChopTest" time="0"/>
  <testcase name="shouldFindElement{SearchStrategyTestArgs}[1930]" classname="com.dmooers.karate_chop.KarateChopTest" time="0.001"/>
  <testcase name="shouldFindElement{SearchStrategyTestArgs}[1931]" classname="com.dmooers.karate_chop.KarateChopTest" time="0"/>
  <testcase name="shouldFindElement{SearchStrategyTestArgs}[1932]" classname="com.dmooers.karate_chop.KarateChopTest" time="0"/>
  <testcase name="shouldFindElement{SearchStrategyTestArgs}[1933]" classname="com.dmooers.karate_chop.KarateChopTest" time="0"/>
  <testcase name="shouldFindElement{SearchStrategyTestArgs}[1934]" classname="com.dmooers.karate_chop.KarateChopTest" time="0"/>
  <testcase name="shouldFindElement{SearchStrategyTestArgs}[1935]" classname="com.dmooers.karate_chop.KarateChopTest" time="0"/>
  <testcase name="shouldFindElement{SearchStrategyTestArgs}[1936]" classname="com.dmooers.karate_chop.KarateChopTest" time="0"/>
  <testcase name="shouldFindElement{SearchStrategyTestArgs}[1937]" classname="com.dmooers.karate_chop.KarateChopTest" time="0"/>
  <testcase name="shouldFindElement{SearchStrategyTestArgs}[1938]" classname="com.dmooers.karate_chop.KarateChopTest" time="0"/>
  <testcase name="shouldFindElement{SearchStrategyTestArgs}[1939]" classname="com.dmooers.karate_chop.KarateChopTest" time="0"/>
  <testcase name="shouldFindElement{SearchStrategyTestArgs}[1940]" classname="com.dmooers.karate_chop.KarateChopTest" time="0.001"/>
  <testcase name="shouldFindElement{SearchStrategyTestArgs}[1941]" classname="com.dmooers.karate_chop.KarateChopTest" time="0"/>
  <testcase name="shouldFindElement{SearchStrategyTestArgs}[1942]" classname="com.dmooers.karate_chop.KarateChopTest" time="0"/>
  <testcase name="shouldFindElement{SearchStrategyTestArgs}[1943]" classname="com.dmooers.karate_chop.KarateChopTest" time="0"/>
  <testcase name="shouldFindElement{SearchStrategyTestArgs}[1944]" classname="com.dmooers.karate_chop.KarateChopTest" time="0"/>
  <testcase name="shouldFindElement{SearchStrategyTestArgs}[1945]" classname="com.dmooers.karate_chop.KarateChopTest" time="0"/>
  <testcase name="shouldFindElement{SearchStrategyTestArgs}[1946]" classname="com.dmooers.karate_chop.KarateChopTest" time="0"/>
  <testcase name="shouldFindElement{SearchStrategyTestArgs}[1947]" classname="com.dmooers.karate_chop.KarateChopTest" time="0"/>
  <testcase name="shouldFindElement{SearchStrategyTestArgs}[1948]" classname="com.dmooers.karate_chop.KarateChopTest" time="0"/>
  <testcase name="shouldFindElement{SearchStrategyTestArgs}[1949]" classname="com.dmooers.karate_chop.KarateChopTest" time="0"/>
  <testcase name="shouldFindElement{SearchStrategyTestArgs}[1950]" classname="com.dmooers.karate_chop.KarateChopTest" time="0.001"/>
  <testcase name="shouldFindElement{SearchStrategyTestArgs}[1951]" classname="com.dmooers.karate_chop.KarateChopTest" time="0"/>
  <testcase name="shouldFindElement{SearchStrategyTestArgs}[1952]" classname="com.dmooers.karate_chop.KarateChopTest" time="0"/>
  <testcase name="shouldFindElement{SearchStrategyTestArgs}[1953]" classname="com.dmooers.karate_chop.KarateChopTest" time="0"/>
  <testcase name="shouldFindElement{SearchStrategyTestArgs}[1954]" classname="com.dmooers.karate_chop.KarateChopTest" time="0"/>
  <testcase name="shouldFindElement{SearchStrategyTestArgs}[1955]" classname="com.dmooers.karate_chop.KarateChopTest" time="0"/>
  <testcase name="shouldFindElement{SearchStrategyTestArgs}[1956]" classname="com.dmooers.karate_chop.KarateChopTest" time="0"/>
  <testcase name="shouldFindElement{SearchStrategyTestArgs}[1957]" classname="com.dmooers.karate_chop.KarateChopTest" time="0"/>
  <testcase name="shouldFindElement{SearchStrategyTestArgs}[1958]" classname="com.dmooers.karate_chop.KarateChopTest" time="0"/>
  <testcase name="shouldFindElement{SearchStrategyTestArgs}[1959]" classname="com.dmooers.karate_chop.KarateChopTest" time="0"/>
  <testcase name="shouldFindElement{SearchStrategyTestArgs}[1960]" classname="com.dmooers.karate_chop.KarateChopTest" time="0"/>
  <testcase name="shouldFindElement{SearchStrategyTestArgs}[1961]" classname="com.dmooers.karate_chop.KarateChopTest" time="0"/>
  <testcase name="shouldFindElement{SearchStrategyTestArgs}[1962]" classname="com.dmooers.karate_chop.KarateChopTest" time="0"/>
  <testcase name="shouldFindElement{SearchStrategyTestArgs}[1963]" classname="com.dmooers.karate_chop.KarateChopTest" time="0"/>
  <testcase name="shouldFindElement{SearchStrategyTestArgs}[1964]" classname="com.dmooers.karate_chop.KarateChopTest" time="0"/>
  <testcase name="shouldFindElement{SearchStrategyTestArgs}[1965]" classname="com.dmooers.karate_chop.KarateChopTest" time="0"/>
  <testcase name="shouldFindElement{SearchStrategyTestArgs}[1966]" classname="com.dmooers.karate_chop.KarateChopTest" time="0"/>
  <testcase name="shouldFindElement{SearchStrategyTestArgs}[1967]" classname="com.dmooers.karate_chop.KarateChopTest" time="0"/>
  <testcase name="shouldFindElement{SearchStrategyTestArgs}[1968]" classname="com.dmooers.karate_chop.KarateChopTest" time="0"/>
  <testcase name="shouldFindElement{SearchStrategyTestArgs}[1969]" classname="com.dmooers.karate_chop.KarateChopTest" time="0"/>
  <testcase name="shouldFindElement{SearchStrategyTestArgs}[1970]" classname="com.dmooers.karate_chop.KarateChopTest" time="0"/>
  <testcase name="shouldFindElement{SearchStrategyTestArgs}[1971]" classname="com.dmooers.karate_chop.KarateChopTest" time="0"/>
  <testcase name="shouldFindElement{SearchStrategyTestArgs}[1972]" classname="com.dmooers.karate_chop.KarateChopTest" time="0"/>
  <testcase name="shouldFindElement{SearchStrategyTestArgs}[1973]" classname="com.dmooers.karate_chop.KarateChopTest" time="0"/>
  <testcase name="shouldFindElement{SearchStrategyTestArgs}[1974]" classname="com.dmooers.karate_chop.KarateChopTest" time="0"/>
  <testcase name="shouldFindElement{SearchStrategyTestArgs}[1975]" classname="com.dmooers.karate_chop.KarateChopTest" time="0"/>
  <testcase name="shouldFindElement{SearchStrategyTestArgs}[1976]" classname="com.dmooers.karate_chop.KarateChopTest" time="0"/>
  <testcase name="shouldFindElement{SearchStrategyTestArgs}[1977]" classname="com.dmooers.karate_chop.KarateChopTest" time="0"/>
  <testcase name="shouldFindElement{SearchStrategyTestArgs}[1978]" classname="com.dmooers.karate_chop.KarateChopTest" time="0"/>
  <testcase name="shouldFindElement{SearchStrategyTestArgs}[1979]" classname="com.dmooers.karate_chop.KarateChopTest" time="0"/>
  <testcase name="shouldFindElement{SearchStrategyTestArgs}[1980]" classname="com.dmooers.karate_chop.KarateChopTest" time="0"/>
  <testcase name="shouldFindElement{SearchStrategyTestArgs}[1981]" classname="com.dmooers.karate_chop.KarateChopTest" time="0"/>
  <testcase name="shouldFindElement{SearchStrategyTestArgs}[1982]" classname="com.dmooers.karate_chop.KarateChopTest" time="0"/>
  <testcase name="shouldFindElement{SearchStrategyTestArgs}[1983]" classname="com.dmooers.karate_chop.KarateChopTest" time="0"/>
  <testcase name="shouldFindElement{SearchStrategyTestArgs}[1984]" classname="com.dmooers.karate_chop.KarateChopTest" time="0"/>
  <testcase name="shouldFindElement{SearchStrategyTestArgs}[1985]" classname="com.dmooers.karate_chop.KarateChopTest" time="0.001"/>
  <testcase name="shouldFindElement{SearchStrategyTestArgs}[1986]" classname="com.dmooers.karate_chop.KarateChopTest" time="0"/>
  <testcase name="shouldFindElement{SearchStrategyTestArgs}[1987]" classname="com.dmooers.karate_chop.KarateChopTest" time="0"/>
  <testcase name="shouldFindElement{SearchStrategyTestArgs}[1988]" classname="com.dmooers.karate_chop.KarateChopTest" time="0"/>
  <testcase name="shouldFindElement{SearchStrategyTestArgs}[1989]" classname="com.dmooers.karate_chop.KarateChopTest" time="0"/>
  <testcase name="shouldFindElement{SearchStrategyTestArgs}[1990]" classname="com.dmooers.karate_chop.KarateChopTest" time="0"/>
  <testcase name="shouldFindElement{SearchStrategyTestArgs}[1991]" classname="com.dmooers.karate_chop.KarateChopTest" time="0"/>
  <testcase name="shouldFindElement{SearchStrategyTestArgs}[1992]" classname="com.dmooers.karate_chop.KarateChopTest" time="0"/>
  <testcase name="shouldFindElement{SearchStrategyTestArgs}[1993]" classname="com.dmooers.karate_chop.KarateChopTest" time="0"/>
  <testcase name="shouldFindElement{SearchStrategyTestArgs}[1994]" classname="com.dmooers.karate_chop.KarateChopTest" time="0"/>
  <testcase name="shouldFindElement{SearchStrategyTestArgs}[1995]" classname="com.dmooers.karate_chop.KarateChopTest" time="0.001"/>
  <testcase name="shouldFindElement{SearchStrategyTestArgs}[1996]" classname="com.dmooers.karate_chop.KarateChopTest" time="0"/>
  <testcase name="shouldFindElement{SearchStrategyTestArgs}[1997]" classname="com.dmooers.karate_chop.KarateChopTest" time="0"/>
  <testcase name="shouldFindElement{SearchStrategyTestArgs}[1998]" classname="com.dmooers.karate_chop.KarateChopTest" time="0"/>
  <testcase name="shouldFindElement{SearchStrategyTestArgs}[1999]" classname="com.dmooers.karate_chop.KarateChopTest" time="0"/>
  <testcase name="shouldFindElement{SearchStrategyTestArgs}[2000]" classname="com.dmooers.karate_chop.KarateChopTest" time="0"/>
  <testcase name="shouldFindElement{SearchStrategyTestArgs}[2001]" classname="com.dmooers.karate_chop.KarateChopTest" time="0"/>
  <testcase name="shouldFindElement{SearchStrategyTestArgs}[2002]" classname="com.dmooers.karate_chop.KarateChopTest" time="0"/>
  <testcase name="shouldFindElement{SearchStrategyTestArgs}[2003]" classname="com.dmooers.karate_chop.KarateChopTest" time="0"/>
  <testcase name="shouldFindElement{SearchStrategyTestArgs}[2004]" classname="com.dmooers.karate_chop.KarateChopTest" time="0"/>
  <testcase name="shouldFindElement{SearchStrategyTestArgs}[2005]" classname="com.dmooers.karate_chop.KarateChopTest" time="0.001"/>
  <testcase name="shouldFindElement{SearchStrategyTestArgs}[2006]" classname="com.dmooers.karate_chop.KarateChopTest" time="0"/>
  <testcase name="shouldFindElement{SearchStrategyTestArgs}[2007]" classname="com.dmooers.karate_chop.KarateChopTest" time="0"/>
  <testcase name="shouldFindElement{SearchStrategyTestArgs}[2008]" classname="com.dmooers.karate_chop.KarateChopTest" time="0"/>
  <testcase name="shouldFindElement{SearchStrategyTestArgs}[2009]" classname="com.dmooers.karate_chop.KarateChopTest" time="0"/>
  <testcase name="shouldFindElement{SearchStrategyTestArgs}[2010]" classname="com.dmooers.karate_chop.KarateChopTest" time="0"/>
  <testcase name="shouldFindElement{SearchStrategyTestArgs}[2011]" classname="com.dmooers.karate_chop.KarateChopTest" time="0"/>
  <testcase name="shouldFindElement{SearchStrategyTestArgs}[2012]" classname="com.dmooers.karate_chop.KarateChopTest" time="0"/>
  <testcase name="shouldFindElement{SearchStrategyTestArgs}[2013]" classname="com.dmooers.karate_chop.KarateChopTest" time="0"/>
  <testcase name="shouldFindElement{SearchStrategyTestArgs}[2014]" classname="com.dmooers.karate_chop.KarateChopTest" time="0"/>
  <testcase name="shouldFindElement{SearchStrategyTestArgs}[2015]" classname="com.dmooers.karate_chop.KarateChopTest" time="0"/>
  <testcase name="shouldFindElement{SearchStrategyTestArgs}[2016]" classname="com.dmooers.karate_chop.KarateChopTest" time="0"/>
  <testcase name="shouldFindElement{SearchStrategyTestArgs}[2017]" classname="com.dmooers.karate_chop.KarateChopTest" time="0"/>
  <testcase name="shouldFindElement{SearchStrategyTestArgs}[2018]" classname="com.dmooers.karate_chop.KarateChopTest" time="0"/>
  <testcase name="shouldFindElement{SearchStrategyTestArgs}[2019]" classname="com.dmooers.karate_chop.KarateChopTest" time="0"/>
  <testcase name="shouldFindElement{SearchStrategyTestArgs}[2020]" classname="com.dmooers.karate_chop.KarateChopTest" time="0"/>
  <testcase name="shouldFindElement{SearchStrategyTestArgs}[2021]" classname="com.dmooers.karate_chop.KarateChopTest" time="0"/>
  <testcase name="shouldFindElement{SearchStrategyTestArgs}[2022]" classname="com.dmooers.karate_chop.KarateChopTest" time="0"/>
  <testcase name="shouldFindElement{SearchStrategyTestArgs}[2023]" classname="com.dmooers.karate_chop.KarateChopTest" time="0"/>
  <testcase name="shouldFindElement{SearchStrategyTestArgs}[2024]" classname="com.dmooers.karate_chop.KarateChopTest" time="0"/>
  <testcase name="shouldFindElement{SearchStrategyTestArgs}[2025]" classname="com.dmooers.karate_chop.KarateChopTest" time="0"/>
  <testcase name="shouldFindElement{SearchStrategyTestArgs}[2026]" classname="com.dmooers.karate_chop.KarateChopTest" time="0"/>
  <testcase name="shouldFindElement{SearchStrategyTestArgs}[2027]" classname="com.dmooers.karate_chop.KarateChopTest" time="0"/>
</testsuite>